<?xml version="1.0" encoding="UTF-8"?>
<!-- Generated by org.testng.reporters.JUnitXMLReporter -->
<testsuite hostname="HP" ignored="0" name="Test" tests="190" failures="17" timestamp="02 Dec 2020 10:58:09 GMT" time="542.947" errors="0">
  <testcase name="OneWayTripSearchTest" time="8.203" classname="com.booking.test.OneWayTripTest"/>
  <testcase name="OneWayTripSearchTest" time="6.674" classname="com.booking.test.OneWayTripTest"/>
  <testcase name="OneWayTripSearchTest" time="18.58" classname="com.booking.test.OneWayTripTest"/>
  <testcase name="OneWayTripSearchTest" time="2.23" classname="com.booking.test.OneWayTripTest"/>
  <testcase name="OneWayTripSearchTest" time="3.004" classname="com.booking.test.OneWayTripTest"/>
  <testcase name="OneWayTripSearchTest" time="1.329" classname="com.booking.test.OneWayTripTest"/>
  <testcase name="OneWayTripSearchTest" time="1.304" classname="com.booking.test.OneWayTripTest"/>
  <testcase name="OneWayTripSearchTest" time="1.238" classname="com.booking.test.OneWayTripTest"/>
  <testcase name="OneWayTripSearchTest" time="1.569" classname="com.booking.test.OneWayTripTest"/>
  <testcase name="OneWayTripSearchTest" time="1.396" classname="com.booking.test.OneWayTripTest"/>
  <testcase name="OneWayTripSearchTest" time="1.479" classname="com.booking.test.OneWayTripTest"/>
  <testcase name="OneWayTripSearchTest" time="1.53" classname="com.booking.test.OneWayTripTest"/>
  <testcase name="OneWayTripSearchTest" time="1.375" classname="com.booking.test.OneWayTripTest"/>
  <testcase name="OneWayTripSearchTest" time="2.277" classname="com.booking.test.OneWayTripTest"/>
  <testcase name="OneWayTripSearchTest" time="3.082" classname="com.booking.test.OneWayTripTest"/>
  <testcase name="OneWayTripSearchTest" time="3.007" classname="com.booking.test.OneWayTripTest"/>
  <testcase name="OneWayTripSearchTest" time="7.191" classname="com.booking.test.OneWayTripTest"/>
  <testcase name="OneWayTripSearchTest" time="9.779" classname="com.booking.test.OneWayTripTest"/>
  <testcase name="OneWayTripSearchTest" time="4.454" classname="com.booking.test.OneWayTripTest"/>
  <testcase name="OneWayTripSearchTest" time="1.166" classname="com.booking.test.OneWayTripTest"/>
  <testcase name="OneWayTripSearchTest" time="0.22" classname="com.booking.test.OneWayTripTest">
    <failure type="java.lang.AssertionError" message="expected [true] but found [false]">
      <![CDATA[java.lang.AssertionError: expected [true] but found [false]
at com.yatra.utils.ResultCompare.verifyResults(ResultCompare.java:23)
at com.yatra.utils.UIOperation.perform(UIOperation.java:115)
at com.booking.test.OneWayTripTest.OneWayTripSearchTest(OneWayTripTest.java:46)
... Removed 28 stack frames]]>
    </failure>
  </testcase> <!-- OneWayTripSearchTest -->
  <testcase name="OneWayTripSearchTest" time="3.029" classname="com.booking.test.OneWayTripTest"/>
  <testcase name="OneWayTripSearchTest" time="7.809" classname="com.booking.test.OneWayTripTest"/>
  <testcase name="OneWayTripSearchTest" time="5.902" classname="com.booking.test.OneWayTripTest"/>
  <testcase name="OneWayTripSearchTest" time="3.32" classname="com.booking.test.OneWayTripTest"/>
  <testcase name="OneWayTripSearchTest" time="1.125" classname="com.booking.test.OneWayTripTest"/>
  <testcase name="OneWayTripSearchTest" time="1.115" classname="com.booking.test.OneWayTripTest"/>
  <testcase name="OneWayTripSearchTest" time="1.275" classname="com.booking.test.OneWayTripTest"/>
  <testcase name="OneWayTripSearchTest" time="1.399" classname="com.booking.test.OneWayTripTest"/>
  <testcase name="OneWayTripSearchTest" time="0.717" classname="com.booking.test.OneWayTripTest">
    <failure type="java.lang.AssertionError" message="expected [true] but found [false]">
      <![CDATA[java.lang.AssertionError: expected [true] but found [false]
at com.yatra.utils.ResultCompare.verifyResults(ResultCompare.java:23)
at com.yatra.utils.UIOperation.perform(UIOperation.java:115)
at com.booking.test.OneWayTripTest.OneWayTripSearchTest(OneWayTripTest.java:46)
... Removed 28 stack frames]]>
    </failure>
  </testcase> <!-- OneWayTripSearchTest -->
  <testcase name="OneWayTripSearchTest" time="3.021" classname="com.booking.test.OneWayTripTest"/>
  <testcase name="OneWayTripSearchTest" time="7.066" classname="com.booking.test.OneWayTripTest"/>
  <testcase name="OneWayTripSearchTest" time="6.033" classname="com.booking.test.OneWayTripTest"/>
  <testcase name="OneWayTripSearchTest" time="6.322" classname="com.booking.test.OneWayTripTest"/>
  <testcase name="OneWayTripSearchTest" time="1.205" classname="com.booking.test.OneWayTripTest"/>
  <testcase name="OneWayTripSearchTest" time="1.117" classname="com.booking.test.OneWayTripTest"/>
  <testcase name="OneWayTripSearchTest" time="2.02" classname="com.booking.test.OneWayTripTest"/>
  <testcase name="OneWayTripSearchTest" time="2.024" classname="com.booking.test.OneWayTripTest"/>
  <testcase name="OneWayTripSearchTest" time="1.144" classname="com.booking.test.OneWayTripTest"/>
  <testcase name="OneWayTripSearchTest" time="1.325" classname="com.booking.test.OneWayTripTest"/>
  <testcase name="OneWayTripSearchTest" time="1.433" classname="com.booking.test.OneWayTripTest"/>
  <testcase name="OneWayTripSearchTest" time="1.468" classname="com.booking.test.OneWayTripTest"/>
  <testcase name="OneWayTripSearchTest" time="1.537" classname="com.booking.test.OneWayTripTest"/>
  <testcase name="OneWayTripSearchTest" time="1.42" classname="com.booking.test.OneWayTripTest"/>
  <testcase name="OneWayTripSearchTest" time="1.325" classname="com.booking.test.OneWayTripTest"/>
  <testcase name="OneWayTripSearchTest" time="2.018" classname="com.booking.test.OneWayTripTest">
    <failure type="java.lang.AssertionError" message="null">
      <![CDATA[java.lang.AssertionError: null
at com.yatra.utils.ResultCompare.verifyResults(ResultCompare.java:30)
at com.yatra.utils.UIOperation.perform(UIOperation.java:115)
at com.booking.test.OneWayTripTest.OneWayTripSearchTest(OneWayTripTest.java:46)
... Removed 27 stack frames]]>
    </failure>
  </testcase> <!-- OneWayTripSearchTest -->
  <testcase name="OneWayTripSearchTest" time="3.004" classname="com.booking.test.OneWayTripTest"/>
  <testcase name="OneWayTripSearchTest" time="7.516" classname="com.booking.test.OneWayTripTest"/>
  <testcase name="OneWayTripSearchTest" time="5.582" classname="com.booking.test.OneWayTripTest"/>
  <testcase name="OneWayTripSearchTest" time="5.033" classname="com.booking.test.OneWayTripTest"/>
  <testcase name="OneWayTripSearchTest" time="1.221" classname="com.booking.test.OneWayTripTest"/>
  <testcase name="OneWayTripSearchTest" time="1.155" classname="com.booking.test.OneWayTripTest"/>
  <testcase name="OneWayTripSearchTest" time="1.201" classname="com.booking.test.OneWayTripTest"/>
  <testcase name="OneWayTripSearchTest" time="1.588" classname="com.booking.test.OneWayTripTest"/>
  <testcase name="OneWayTripSearchTest" time="1.757" classname="com.booking.test.OneWayTripTest"/>
  <testcase name="OneWayTripSearchTest" time="1.381" classname="com.booking.test.OneWayTripTest"/>
  <testcase name="OneWayTripSearchTest" time="1.25" classname="com.booking.test.OneWayTripTest"/>
  <testcase name="OneWayTripSearchTest" time="1.556" classname="com.booking.test.OneWayTripTest"/>
  <testcase name="OneWayTripSearchTest" time="1.4" classname="com.booking.test.OneWayTripTest"/>
  <testcase name="OneWayTripSearchTest" time="1.351" classname="com.booking.test.OneWayTripTest"/>
  <testcase name="OneWayTripSearchTest" time="2.195" classname="com.booking.test.OneWayTripTest"/>
  <testcase name="OneWayTripSearchTest" time="3.174" classname="com.booking.test.OneWayTripTest">
    <failure type="org.openqa.selenium.NoSuchElementException" message="no such element: Unable to locate element: {&amp;quot;method&amp;quot;:&amp;quot;xpath&amp;quot;,&amp;quot;selector&amp;quot;:&amp;quot;//*[contains(text(),&amp;apos;Sorry, There were no flights found for this route and date combination.&amp;apos;)]&amp;quot;}
  (Session info: chrome=87.0.4280.66)
For documentation on this error, please visit: https://www.seleniumhq.org/exceptions/no_such_element.html
Build info: version: &amp;apos;3.141.59&amp;apos;, revision: &amp;apos;e82be7d358&amp;apos;, time: &amp;apos;2018-11-14T08:17:03&amp;apos;
System info: host: &amp;apos;HP&amp;apos;, ip: &amp;apos;192.168.0.104&amp;apos;, os.name: &amp;apos;Windows 8.1&amp;apos;, os.arch: &amp;apos;amd64&amp;apos;, os.version: &amp;apos;6.3&amp;apos;, java.version: &amp;apos;1.8.0_261&amp;apos;
Driver info: org.openqa.selenium.chrome.ChromeDriver
Capabilities {acceptInsecureCerts: false, browserName: chrome, browserVersion: 87.0.4280.66, chrome: {chromedriverVersion: 86.0.4240.22 (398b0743353ff..., userDataDir: C:\Users\Umesh\AppData\Loca...}, goog:chromeOptions: {debuggerAddress: localhost:63588}, javascriptEnabled: true, networkConnectionEnabled: false, pageLoadStrategy: normal, platform: WINDOWS, platformName: WINDOWS, proxy: Proxy(), setWindowRect: true, strictFileInteractability: false, timeouts: {implicit: 0, pageLoad: 300000, script: 30000}, unhandledPromptBehavior: dismiss and notify, webauthn:virtualAuthenticators: true}
Session ID: 472013362f76552acdca6653f6d09afc
*** Element info: {Using=xpath, value=//*[contains(text(),&amp;apos;Sorry, There were no flights found for this route and date combination.&amp;apos;)]}">
      <![CDATA[org.openqa.selenium.NoSuchElementException: no such element: Unable to locate element: {"method":"xpath","selector":"//*[contains(text(),'Sorry, There were no flights found for this route and date combination.')]"}
  (Session info: chrome=87.0.4280.66)
For documentation on this error, please visit: https://www.seleniumhq.org/exceptions/no_such_element.html
Build info: version: '3.141.59', revision: 'e82be7d358', time: '2018-11-14T08:17:03'
System info: host: 'HP', ip: '192.168.0.104', os.name: 'Windows 8.1', os.arch: 'amd64', os.version: '6.3', java.version: '1.8.0_261'
Driver info: org.openqa.selenium.chrome.ChromeDriver
Capabilities {acceptInsecureCerts: false, browserName: chrome, browserVersion: 87.0.4280.66, chrome: {chromedriverVersion: 86.0.4240.22 (398b0743353ff..., userDataDir: C:\Users\Umesh\AppData\Loca...}, goog:chromeOptions: {debuggerAddress: localhost:63588}, javascriptEnabled: true, networkConnectionEnabled: false, pageLoadStrategy: normal, platform: WINDOWS, platformName: WINDOWS, proxy: Proxy(), setWindowRect: true, strictFileInteractability: false, timeouts: {implicit: 0, pageLoad: 300000, script: 30000}, unhandledPromptBehavior: dismiss and notify, webauthn:virtualAuthenticators: true}
Session ID: 472013362f76552acdca6653f6d09afc
*** Element info: {Using=xpath, value=//*[contains(text(),'Sorry, There were no flights found for this route and date combination.')]}
at org.openqa.selenium.remote.http.W3CHttpResponseCodec.createException(W3CHttpResponseCodec.java:187)
at org.openqa.selenium.remote.http.W3CHttpResponseCodec.decode(W3CHttpResponseCodec.java:122)
at org.openqa.selenium.remote.http.W3CHttpResponseCodec.decode(W3CHttpResponseCodec.java:49)
at org.openqa.selenium.remote.HttpCommandExecutor.execute(HttpCommandExecutor.java:158)
at org.openqa.selenium.remote.service.DriverCommandExecutor.execute(DriverCommandExecutor.java:83)
at org.openqa.selenium.remote.RemoteWebDriver.execute(RemoteWebDriver.java:552)
at org.openqa.selenium.remote.RemoteWebDriver.findElement(RemoteWebDriver.java:323)
at org.openqa.selenium.remote.RemoteWebDriver.findElementByXPath(RemoteWebDriver.java:428)
at org.openqa.selenium.By$ByXPath.findElement(By.java:353)
at org.openqa.selenium.remote.RemoteWebDriver.findElement(RemoteWebDriver.java:315)
at com.yatra.utils.ResultCompare.verifyResults(ResultCompare.java:37)
at com.yatra.utils.UIOperation.perform(UIOperation.java:115)
at com.booking.test.OneWayTripTest.OneWayTripSearchTest(OneWayTripTest.java:46)
... Removed 28 stack frames]]>
    </failure>
  </testcase> <!-- OneWayTripSearchTest -->
  <testcase name="OneWayTripSearchTest" time="7.601" classname="com.booking.test.OneWayTripTest"/>
  <testcase name="OneWayTripSearchTest" time="5.467" classname="com.booking.test.OneWayTripTest"/>
  <testcase name="OneWayTripSearchTest" time="5.193" classname="com.booking.test.OneWayTripTest"/>
  <testcase name="OneWayTripSearchTest" time="1.181" classname="com.booking.test.OneWayTripTest"/>
  <testcase name="OneWayTripSearchTest" time="3.031" classname="com.booking.test.OneWayTripTest"/>
  <testcase name="OneWayTripSearchTest" time="2.494" classname="com.booking.test.OneWayTripTest"/>
  <testcase name="OneWayTripSearchTest" time="1.482" classname="com.booking.test.OneWayTripTest"/>
  <testcase name="OneWayTripSearchTest" time="1.202" classname="com.booking.test.OneWayTripTest"/>
  <testcase name="OneWayTripSearchTest" time="1.482" classname="com.booking.test.OneWayTripTest"/>
  <testcase name="OneWayTripSearchTest" time="1.542" classname="com.booking.test.OneWayTripTest"/>
  <testcase name="OneWayTripSearchTest" time="1.412" classname="com.booking.test.OneWayTripTest"/>
  <testcase name="OneWayTripSearchTest" time="1.379" classname="com.booking.test.OneWayTripTest"/>
  <testcase name="OneWayTripSearchTest" time="1.303" classname="com.booking.test.OneWayTripTest"/>
  <testcase name="OneWayTripSearchTest" time="13.725" classname="com.booking.test.OneWayTripTest"/>
  <testcase name="OneWayTripSearchTest" time="7.382" classname="com.booking.test.OneWayTripTest"/>
  <testcase name="OneWayTripSearchTest" time="1.569" classname="com.booking.test.OneWayTripTest"/>
  <testcase name="OneWayTripSearchTest" time="1.548" classname="com.booking.test.OneWayTripTest"/>
  <testcase name="OneWayTripSearchTest" time="1.465" classname="com.booking.test.OneWayTripTest"/>
  <testcase name="OneWayTripSearchTest" time="3.652" classname="com.booking.test.OneWayTripTest"/>
  <testcase name="OneWayTripSearchTest" time="3.004" classname="com.booking.test.OneWayTripTest"/>
  <testcase name="OneWayTripSearchTest" time="7.752" classname="com.booking.test.OneWayTripTest"/>
  <testcase name="OneWayTripSearchTest" time="5.228" classname="com.booking.test.OneWayTripTest"/>
  <testcase name="OneWayTripSearchTest" time="6.837" classname="com.booking.test.OneWayTripTest"/>
  <testcase name="OneWayTripSearchTest" time="1.166" classname="com.booking.test.OneWayTripTest"/>
  <testcase name="OneWayTripSearchTest" time="1.174" classname="com.booking.test.OneWayTripTest"/>
  <testcase name="OneWayTripSearchTest" time="1.298" classname="com.booking.test.OneWayTripTest"/>
  <testcase name="OneWayTripSearchTest" time="4.743" classname="com.booking.test.OneWayTripTest"/>
  <testcase name="OneWayTripSearchTest" time="1.117" classname="com.booking.test.OneWayTripTest"/>
  <testcase name="OneWayTripSearchTest" time="1.434" classname="com.booking.test.OneWayTripTest"/>
  <testcase name="OneWayTripSearchTest" time="1.367" classname="com.booking.test.OneWayTripTest"/>
  <testcase name="OneWayTripSearchTest" time="1.446" classname="com.booking.test.OneWayTripTest"/>
  <testcase name="OneWayTripSearchTest" time="1.401" classname="com.booking.test.OneWayTripTest"/>
  <testcase name="OneWayTripSearchTest" time="1.386" classname="com.booking.test.OneWayTripTest"/>
  <testcase name="OneWayTripSearchTest" time="7.729" classname="com.booking.test.OneWayTripTest"/>
  <testcase name="OneWayTripSearchTest" time="3.005" classname="com.booking.test.OneWayTripTest"/>
  <testcase name="OneWayTripSearchTest" time="7.569" classname="com.booking.test.OneWayTripTest"/>
  <testcase name="OneWayTripSearchTest" time="1.599" classname="com.booking.test.OneWayTripTest"/>
  <testcase name="OneWayTripSearchTest" time="1.301" classname="com.booking.test.OneWayTripTest"/>
  <testcase name="OneWayTripSearchTest" time="1.335" classname="com.booking.test.OneWayTripTest"/>
  <testcase name="OneWayTripSearchTest" time="0.338" classname="com.booking.test.OneWayTripTest">
    <failure type="java.lang.AssertionError" message="expected [false] but found [true]">
      <![CDATA[java.lang.AssertionError: expected [false] but found [true]
at com.yatra.utils.ResultCompare.verifyResults(ResultCompare.java:41)
at com.yatra.utils.UIOperation.perform(UIOperation.java:115)
at com.booking.test.OneWayTripTest.OneWayTripSearchTest(OneWayTripTest.java:46)
... Removed 28 stack frames]]>
    </failure>
  </testcase> <!-- OneWayTripSearchTest -->
  <testcase name="OneWayTripSearchTest" time="3.007" classname="com.booking.test.OneWayTripTest"/>
  <testcase name="OneWayTripSearchTest" time="7.522" classname="com.booking.test.OneWayTripTest"/>
  <testcase name="OneWayTripSearchTest" time="6.252" classname="com.booking.test.OneWayTripTest"/>
  <testcase name="OneWayTripSearchTest" time="3.819" classname="com.booking.test.OneWayTripTest"/>
  <testcase name="OneWayTripSearchTest" time="1.138" classname="com.booking.test.OneWayTripTest"/>
  <testcase name="OneWayTripSearchTest" time="1.109" classname="com.booking.test.OneWayTripTest"/>
  <testcase name="OneWayTripSearchTest" time="2.027" classname="com.booking.test.OneWayTripTest"/>
  <testcase name="OneWayTripSearchTest" time="2.45" classname="com.booking.test.OneWayTripTest"/>
  <testcase name="OneWayTripSearchTest" time="1.14" classname="com.booking.test.OneWayTripTest"/>
  <testcase name="OneWayTripSearchTest" time="1.576" classname="com.booking.test.OneWayTripTest"/>
  <testcase name="OneWayTripSearchTest" time="1.721" classname="com.booking.test.OneWayTripTest"/>
  <testcase name="OneWayTripSearchTest" time="1.519" classname="com.booking.test.OneWayTripTest"/>
  <testcase name="OneWayTripSearchTest" time="1.431" classname="com.booking.test.OneWayTripTest"/>
  <testcase name="OneWayTripSearchTest" time="1.359" classname="com.booking.test.OneWayTripTest"/>
  <testcase name="OneWayTripSearchTest" time="6.121" classname="com.booking.test.OneWayTripTest"/>
  <testcase name="OneWayTripSearchTest" time="3.004" classname="com.booking.test.OneWayTripTest"/>
  <testcase name="OneWayTripSearchTest" time="7.619" classname="com.booking.test.OneWayTripTest"/>
  <testcase name="OneWayTripSearchTest" time="1.656" classname="com.booking.test.OneWayTripTest"/>
  <testcase name="OneWayTripSearchTest" time="1.394" classname="com.booking.test.OneWayTripTest"/>
  <testcase name="OneWayTripSearchTest" time="1.427" classname="com.booking.test.OneWayTripTest"/>
  <testcase name="OneWayTripSearchTest" time="3.374" classname="com.booking.test.OneWayTripTest">
    <failure type="org.openqa.selenium.ElementClickInterceptedException" message="element click intercepted: Element &amp;lt;input type=&amp;quot;button&amp;quot; class=&amp;quot;bold fs-14 btn-submit cursor-pointer&amp;quot; value=&amp;quot;Apply Filters&amp;quot;&amp;gt; is not clickable at point (1144, 152). Other element would receive the click: &amp;lt;p class=&amp;quot;bold ph-content-last-booked&amp;quot;&amp;gt;...&amp;lt;/p&amp;gt;
  (Session info: chrome=87.0.4280.66)
Build info: version: &amp;apos;3.141.59&amp;apos;, revision: &amp;apos;e82be7d358&amp;apos;, time: &amp;apos;2018-11-14T08:17:03&amp;apos;
System info: host: &amp;apos;HP&amp;apos;, ip: &amp;apos;192.168.0.104&amp;apos;, os.name: &amp;apos;Windows 8.1&amp;apos;, os.arch: &amp;apos;amd64&amp;apos;, os.version: &amp;apos;6.3&amp;apos;, java.version: &amp;apos;1.8.0_261&amp;apos;
Driver info: org.openqa.selenium.chrome.ChromeDriver
Capabilities {acceptInsecureCerts: false, browserName: chrome, browserVersion: 87.0.4280.66, chrome: {chromedriverVersion: 86.0.4240.22 (398b0743353ff..., userDataDir: C:\Users\Umesh\AppData\Loca...}, goog:chromeOptions: {debuggerAddress: localhost:63826}, javascriptEnabled: true, networkConnectionEnabled: false, pageLoadStrategy: normal, platform: WINDOWS, platformName: WINDOWS, proxy: Proxy(), setWindowRect: true, strictFileInteractability: false, timeouts: {implicit: 0, pageLoad: 300000, script: 30000}, unhandledPromptBehavior: dismiss and notify, webauthn:virtualAuthenticators: true}
Session ID: 2f54b1764bbceef8a19e7196985a5df0">
      <![CDATA[org.openqa.selenium.ElementClickInterceptedException: element click intercepted: Element <input type="button" class="bold fs-14 btn-submit cursor-pointer" value="Apply Filters"> is not clickable at point (1144, 152). Other element would receive the click: <p class="bold ph-content-last-booked">...</p>
  (Session info: chrome=87.0.4280.66)
Build info: version: '3.141.59', revision: 'e82be7d358', time: '2018-11-14T08:17:03'
System info: host: 'HP', ip: '192.168.0.104', os.name: 'Windows 8.1', os.arch: 'amd64', os.version: '6.3', java.version: '1.8.0_261'
Driver info: org.openqa.selenium.chrome.ChromeDriver
Capabilities {acceptInsecureCerts: false, browserName: chrome, browserVersion: 87.0.4280.66, chrome: {chromedriverVersion: 86.0.4240.22 (398b0743353ff..., userDataDir: C:\Users\Umesh\AppData\Loca...}, goog:chromeOptions: {debuggerAddress: localhost:63826}, javascriptEnabled: true, networkConnectionEnabled: false, pageLoadStrategy: normal, platform: WINDOWS, platformName: WINDOWS, proxy: Proxy(), setWindowRect: true, strictFileInteractability: false, timeouts: {implicit: 0, pageLoad: 300000, script: 30000}, unhandledPromptBehavior: dismiss and notify, webauthn:virtualAuthenticators: true}
Session ID: 2f54b1764bbceef8a19e7196985a5df0
at org.openqa.selenium.remote.http.W3CHttpResponseCodec.createException(W3CHttpResponseCodec.java:187)
at org.openqa.selenium.remote.http.W3CHttpResponseCodec.decode(W3CHttpResponseCodec.java:122)
at org.openqa.selenium.remote.http.W3CHttpResponseCodec.decode(W3CHttpResponseCodec.java:49)
at org.openqa.selenium.remote.HttpCommandExecutor.execute(HttpCommandExecutor.java:158)
at org.openqa.selenium.remote.service.DriverCommandExecutor.execute(DriverCommandExecutor.java:83)
at org.openqa.selenium.remote.RemoteWebDriver.execute(RemoteWebDriver.java:552)
at org.openqa.selenium.remote.RemoteWebElement.execute(RemoteWebElement.java:285)
at org.openqa.selenium.remote.RemoteWebElement.click(RemoteWebElement.java:84)
at com.yatra.utils.UIOperation.perform(UIOperation.java:39)
at com.booking.test.OneWayTripTest.OneWayTripSearchTest(OneWayTripTest.java:46)
... Removed 28 stack frames]]>
    </failure>
  </testcase> <!-- OneWayTripSearchTest -->
  <testcase name="OneWayTripSearchTest" time="3.008" classname="com.booking.test.OneWayTripTest"/>
  <testcase name="OneWayTripSearchTest" time="1.294" classname="com.booking.test.OneWayTripTest">
    <failure type="org.openqa.selenium.ElementClickInterceptedException" message="element click intercepted: Element &amp;lt;button autom=&amp;quot;booknow&amp;quot; class=&amp;quot;fs-14 secondary-button button cursor-pointer bold&amp;quot;&amp;gt;...&amp;lt;/button&amp;gt; is not clickable at point (901, 436). Other element would receive the click: &amp;lt;div class=&amp;quot;filter-type airlines list search-filter &amp;quot;&amp;gt;...&amp;lt;/div&amp;gt;
  (Session info: chrome=87.0.4280.66)
Build info: version: &amp;apos;3.141.59&amp;apos;, revision: &amp;apos;e82be7d358&amp;apos;, time: &amp;apos;2018-11-14T08:17:03&amp;apos;
System info: host: &amp;apos;HP&amp;apos;, ip: &amp;apos;192.168.0.104&amp;apos;, os.name: &amp;apos;Windows 8.1&amp;apos;, os.arch: &amp;apos;amd64&amp;apos;, os.version: &amp;apos;6.3&amp;apos;, java.version: &amp;apos;1.8.0_261&amp;apos;
Driver info: org.openqa.selenium.chrome.ChromeDriver
Capabilities {acceptInsecureCerts: false, browserName: chrome, browserVersion: 87.0.4280.66, chrome: {chromedriverVersion: 86.0.4240.22 (398b0743353ff..., userDataDir: C:\Users\Umesh\AppData\Loca...}, goog:chromeOptions: {debuggerAddress: localhost:63826}, javascriptEnabled: true, networkConnectionEnabled: false, pageLoadStrategy: normal, platform: WINDOWS, platformName: WINDOWS, proxy: Proxy(), setWindowRect: true, strictFileInteractability: false, timeouts: {implicit: 0, pageLoad: 300000, script: 30000}, unhandledPromptBehavior: dismiss and notify, webauthn:virtualAuthenticators: true}
Session ID: 2f54b1764bbceef8a19e7196985a5df0">
      <![CDATA[org.openqa.selenium.ElementClickInterceptedException: element click intercepted: Element <button autom="booknow" class="fs-14 secondary-button button cursor-pointer bold">...</button> is not clickable at point (901, 436). Other element would receive the click: <div class="filter-type airlines list search-filter ">...</div>
  (Session info: chrome=87.0.4280.66)
Build info: version: '3.141.59', revision: 'e82be7d358', time: '2018-11-14T08:17:03'
System info: host: 'HP', ip: '192.168.0.104', os.name: 'Windows 8.1', os.arch: 'amd64', os.version: '6.3', java.version: '1.8.0_261'
Driver info: org.openqa.selenium.chrome.ChromeDriver
Capabilities {acceptInsecureCerts: false, browserName: chrome, browserVersion: 87.0.4280.66, chrome: {chromedriverVersion: 86.0.4240.22 (398b0743353ff..., userDataDir: C:\Users\Umesh\AppData\Loca...}, goog:chromeOptions: {debuggerAddress: localhost:63826}, javascriptEnabled: true, networkConnectionEnabled: false, pageLoadStrategy: normal, platform: WINDOWS, platformName: WINDOWS, proxy: Proxy(), setWindowRect: true, strictFileInteractability: false, timeouts: {implicit: 0, pageLoad: 300000, script: 30000}, unhandledPromptBehavior: dismiss and notify, webauthn:virtualAuthenticators: true}
Session ID: 2f54b1764bbceef8a19e7196985a5df0
at org.openqa.selenium.remote.http.W3CHttpResponseCodec.createException(W3CHttpResponseCodec.java:187)
at org.openqa.selenium.remote.http.W3CHttpResponseCodec.decode(W3CHttpResponseCodec.java:122)
at org.openqa.selenium.remote.http.W3CHttpResponseCodec.decode(W3CHttpResponseCodec.java:49)
at org.openqa.selenium.remote.HttpCommandExecutor.execute(HttpCommandExecutor.java:158)
at org.openqa.selenium.remote.service.DriverCommandExecutor.execute(DriverCommandExecutor.java:83)
at org.openqa.selenium.remote.RemoteWebDriver.execute(RemoteWebDriver.java:552)
at org.openqa.selenium.remote.RemoteWebElement.execute(RemoteWebElement.java:285)
at org.openqa.selenium.remote.RemoteWebElement.click(RemoteWebElement.java:84)
at com.yatra.utils.UIOperation.perform(UIOperation.java:39)
at com.booking.test.OneWayTripTest.OneWayTripSearchTest(OneWayTripTest.java:46)
... Removed 28 stack frames]]>
    </failure>
  </testcase> <!-- OneWayTripSearchTest -->
  <testcase name="OneWayTripSearchTest" time="1.135" classname="com.booking.test.OneWayTripTest"/>
  <testcase name="OneWayTripSearchTest" time="0.06" classname="com.booking.test.OneWayTripTest">
    <failure type="org.openqa.selenium.NoSuchElementException" message="no such element: Unable to locate element: {&amp;quot;method&amp;quot;:&amp;quot;xpath&amp;quot;,&amp;quot;selector&amp;quot;:&amp;quot;//*[@id=&amp;apos;additionalContactEmail&amp;apos;]&amp;quot;}
  (Session info: chrome=87.0.4280.66)
For documentation on this error, please visit: https://www.seleniumhq.org/exceptions/no_such_element.html
Build info: version: &amp;apos;3.141.59&amp;apos;, revision: &amp;apos;e82be7d358&amp;apos;, time: &amp;apos;2018-11-14T08:17:03&amp;apos;
System info: host: &amp;apos;HP&amp;apos;, ip: &amp;apos;192.168.0.104&amp;apos;, os.name: &amp;apos;Windows 8.1&amp;apos;, os.arch: &amp;apos;amd64&amp;apos;, os.version: &amp;apos;6.3&amp;apos;, java.version: &amp;apos;1.8.0_261&amp;apos;
Driver info: org.openqa.selenium.chrome.ChromeDriver
Capabilities {acceptInsecureCerts: false, browserName: chrome, browserVersion: 87.0.4280.66, chrome: {chromedriverVersion: 86.0.4240.22 (398b0743353ff..., userDataDir: C:\Users\Umesh\AppData\Loca...}, goog:chromeOptions: {debuggerAddress: localhost:63826}, javascriptEnabled: true, networkConnectionEnabled: false, pageLoadStrategy: normal, platform: WINDOWS, platformName: WINDOWS, proxy: Proxy(), setWindowRect: true, strictFileInteractability: false, timeouts: {implicit: 0, pageLoad: 300000, script: 30000}, unhandledPromptBehavior: dismiss and notify, webauthn:virtualAuthenticators: true}
Session ID: 2f54b1764bbceef8a19e7196985a5df0
*** Element info: {Using=xpath, value=//*[@id=&amp;apos;additionalContactEmail&amp;apos;]}">
      <![CDATA[org.openqa.selenium.NoSuchElementException: no such element: Unable to locate element: {"method":"xpath","selector":"//*[@id='additionalContactEmail']"}
  (Session info: chrome=87.0.4280.66)
For documentation on this error, please visit: https://www.seleniumhq.org/exceptions/no_such_element.html
Build info: version: '3.141.59', revision: 'e82be7d358', time: '2018-11-14T08:17:03'
System info: host: 'HP', ip: '192.168.0.104', os.name: 'Windows 8.1', os.arch: 'amd64', os.version: '6.3', java.version: '1.8.0_261'
Driver info: org.openqa.selenium.chrome.ChromeDriver
Capabilities {acceptInsecureCerts: false, browserName: chrome, browserVersion: 87.0.4280.66, chrome: {chromedriverVersion: 86.0.4240.22 (398b0743353ff..., userDataDir: C:\Users\Umesh\AppData\Loca...}, goog:chromeOptions: {debuggerAddress: localhost:63826}, javascriptEnabled: true, networkConnectionEnabled: false, pageLoadStrategy: normal, platform: WINDOWS, platformName: WINDOWS, proxy: Proxy(), setWindowRect: true, strictFileInteractability: false, timeouts: {implicit: 0, pageLoad: 300000, script: 30000}, unhandledPromptBehavior: dismiss and notify, webauthn:virtualAuthenticators: true}
Session ID: 2f54b1764bbceef8a19e7196985a5df0
*** Element info: {Using=xpath, value=//*[@id='additionalContactEmail']}
at org.openqa.selenium.remote.http.W3CHttpResponseCodec.createException(W3CHttpResponseCodec.java:187)
at org.openqa.selenium.remote.http.W3CHttpResponseCodec.decode(W3CHttpResponseCodec.java:122)
at org.openqa.selenium.remote.http.W3CHttpResponseCodec.decode(W3CHttpResponseCodec.java:49)
at org.openqa.selenium.remote.HttpCommandExecutor.execute(HttpCommandExecutor.java:158)
at org.openqa.selenium.remote.service.DriverCommandExecutor.execute(DriverCommandExecutor.java:83)
at org.openqa.selenium.remote.RemoteWebDriver.execute(RemoteWebDriver.java:552)
at org.openqa.selenium.remote.RemoteWebDriver.findElement(RemoteWebDriver.java:323)
at org.openqa.selenium.remote.RemoteWebDriver.findElementByXPath(RemoteWebDriver.java:428)
at org.openqa.selenium.By$ByXPath.findElement(By.java:353)
at org.openqa.selenium.remote.RemoteWebDriver.findElement(RemoteWebDriver.java:315)
at com.yatra.utils.UIOperation.perform(UIOperation.java:44)
at com.booking.test.OneWayTripTest.OneWayTripSearchTest(OneWayTripTest.java:46)
... Removed 28 stack frames]]>
    </failure>
  </testcase> <!-- OneWayTripSearchTest -->
  <testcase name="OneWayTripSearchTest" time="0.071" classname="com.booking.test.OneWayTripTest">
    <failure type="org.openqa.selenium.NoSuchElementException" message="no such element: Unable to locate element: {&amp;quot;method&amp;quot;:&amp;quot;xpath&amp;quot;,&amp;quot;selector&amp;quot;:&amp;quot;//*[@id=&amp;apos;additionalContactMobile&amp;apos;]&amp;quot;}
  (Session info: chrome=87.0.4280.66)
For documentation on this error, please visit: https://www.seleniumhq.org/exceptions/no_such_element.html
Build info: version: &amp;apos;3.141.59&amp;apos;, revision: &amp;apos;e82be7d358&amp;apos;, time: &amp;apos;2018-11-14T08:17:03&amp;apos;
System info: host: &amp;apos;HP&amp;apos;, ip: &amp;apos;192.168.0.104&amp;apos;, os.name: &amp;apos;Windows 8.1&amp;apos;, os.arch: &amp;apos;amd64&amp;apos;, os.version: &amp;apos;6.3&amp;apos;, java.version: &amp;apos;1.8.0_261&amp;apos;
Driver info: org.openqa.selenium.chrome.ChromeDriver
Capabilities {acceptInsecureCerts: false, browserName: chrome, browserVersion: 87.0.4280.66, chrome: {chromedriverVersion: 86.0.4240.22 (398b0743353ff..., userDataDir: C:\Users\Umesh\AppData\Loca...}, goog:chromeOptions: {debuggerAddress: localhost:63826}, javascriptEnabled: true, networkConnectionEnabled: false, pageLoadStrategy: normal, platform: WINDOWS, platformName: WINDOWS, proxy: Proxy(), setWindowRect: true, strictFileInteractability: false, timeouts: {implicit: 0, pageLoad: 300000, script: 30000}, unhandledPromptBehavior: dismiss and notify, webauthn:virtualAuthenticators: true}
Session ID: 2f54b1764bbceef8a19e7196985a5df0
*** Element info: {Using=xpath, value=//*[@id=&amp;apos;additionalContactMobile&amp;apos;]}">
      <![CDATA[org.openqa.selenium.NoSuchElementException: no such element: Unable to locate element: {"method":"xpath","selector":"//*[@id='additionalContactMobile']"}
  (Session info: chrome=87.0.4280.66)
For documentation on this error, please visit: https://www.seleniumhq.org/exceptions/no_such_element.html
Build info: version: '3.141.59', revision: 'e82be7d358', time: '2018-11-14T08:17:03'
System info: host: 'HP', ip: '192.168.0.104', os.name: 'Windows 8.1', os.arch: 'amd64', os.version: '6.3', java.version: '1.8.0_261'
Driver info: org.openqa.selenium.chrome.ChromeDriver
Capabilities {acceptInsecureCerts: false, browserName: chrome, browserVersion: 87.0.4280.66, chrome: {chromedriverVersion: 86.0.4240.22 (398b0743353ff..., userDataDir: C:\Users\Umesh\AppData\Loca...}, goog:chromeOptions: {debuggerAddress: localhost:63826}, javascriptEnabled: true, networkConnectionEnabled: false, pageLoadStrategy: normal, platform: WINDOWS, platformName: WINDOWS, proxy: Proxy(), setWindowRect: true, strictFileInteractability: false, timeouts: {implicit: 0, pageLoad: 300000, script: 30000}, unhandledPromptBehavior: dismiss and notify, webauthn:virtualAuthenticators: true}
Session ID: 2f54b1764bbceef8a19e7196985a5df0
*** Element info: {Using=xpath, value=//*[@id='additionalContactMobile']}
at org.openqa.selenium.remote.http.W3CHttpResponseCodec.createException(W3CHttpResponseCodec.java:187)
at org.openqa.selenium.remote.http.W3CHttpResponseCodec.decode(W3CHttpResponseCodec.java:122)
at org.openqa.selenium.remote.http.W3CHttpResponseCodec.decode(W3CHttpResponseCodec.java:49)
at org.openqa.selenium.remote.HttpCommandExecutor.execute(HttpCommandExecutor.java:158)
at org.openqa.selenium.remote.service.DriverCommandExecutor.execute(DriverCommandExecutor.java:83)
at org.openqa.selenium.remote.RemoteWebDriver.execute(RemoteWebDriver.java:552)
at org.openqa.selenium.remote.RemoteWebDriver.findElement(RemoteWebDriver.java:323)
at org.openqa.selenium.remote.RemoteWebDriver.findElementByXPath(RemoteWebDriver.java:428)
at org.openqa.selenium.By$ByXPath.findElement(By.java:353)
at org.openqa.selenium.remote.RemoteWebDriver.findElement(RemoteWebDriver.java:315)
at com.yatra.utils.UIOperation.perform(UIOperation.java:44)
at com.booking.test.OneWayTripTest.OneWayTripSearchTest(OneWayTripTest.java:46)
... Removed 28 stack frames]]>
    </failure>
  </testcase> <!-- OneWayTripSearchTest -->
  <testcase name="OneWayTripSearchTest" time="0.055" classname="com.booking.test.OneWayTripTest">
    <failure type="org.openqa.selenium.NoSuchElementException" message="no such element: Unable to locate element: {&amp;quot;method&amp;quot;:&amp;quot;xpath&amp;quot;,&amp;quot;selector&amp;quot;:&amp;quot;//*[@id=&amp;apos;title0&amp;apos;]/option[4]&amp;quot;}
  (Session info: chrome=87.0.4280.66)
For documentation on this error, please visit: https://www.seleniumhq.org/exceptions/no_such_element.html
Build info: version: &amp;apos;3.141.59&amp;apos;, revision: &amp;apos;e82be7d358&amp;apos;, time: &amp;apos;2018-11-14T08:17:03&amp;apos;
System info: host: &amp;apos;HP&amp;apos;, ip: &amp;apos;192.168.0.104&amp;apos;, os.name: &amp;apos;Windows 8.1&amp;apos;, os.arch: &amp;apos;amd64&amp;apos;, os.version: &amp;apos;6.3&amp;apos;, java.version: &amp;apos;1.8.0_261&amp;apos;
Driver info: org.openqa.selenium.chrome.ChromeDriver
Capabilities {acceptInsecureCerts: false, browserName: chrome, browserVersion: 87.0.4280.66, chrome: {chromedriverVersion: 86.0.4240.22 (398b0743353ff..., userDataDir: C:\Users\Umesh\AppData\Loca...}, goog:chromeOptions: {debuggerAddress: localhost:63826}, javascriptEnabled: true, networkConnectionEnabled: false, pageLoadStrategy: normal, platform: WINDOWS, platformName: WINDOWS, proxy: Proxy(), setWindowRect: true, strictFileInteractability: false, timeouts: {implicit: 0, pageLoad: 300000, script: 30000}, unhandledPromptBehavior: dismiss and notify, webauthn:virtualAuthenticators: true}
Session ID: 2f54b1764bbceef8a19e7196985a5df0
*** Element info: {Using=xpath, value=//*[@id=&amp;apos;title0&amp;apos;]/option[4]}">
      <![CDATA[org.openqa.selenium.NoSuchElementException: no such element: Unable to locate element: {"method":"xpath","selector":"//*[@id='title0']/option[4]"}
  (Session info: chrome=87.0.4280.66)
For documentation on this error, please visit: https://www.seleniumhq.org/exceptions/no_such_element.html
Build info: version: '3.141.59', revision: 'e82be7d358', time: '2018-11-14T08:17:03'
System info: host: 'HP', ip: '192.168.0.104', os.name: 'Windows 8.1', os.arch: 'amd64', os.version: '6.3', java.version: '1.8.0_261'
Driver info: org.openqa.selenium.chrome.ChromeDriver
Capabilities {acceptInsecureCerts: false, browserName: chrome, browserVersion: 87.0.4280.66, chrome: {chromedriverVersion: 86.0.4240.22 (398b0743353ff..., userDataDir: C:\Users\Umesh\AppData\Loca...}, goog:chromeOptions: {debuggerAddress: localhost:63826}, javascriptEnabled: true, networkConnectionEnabled: false, pageLoadStrategy: normal, platform: WINDOWS, platformName: WINDOWS, proxy: Proxy(), setWindowRect: true, strictFileInteractability: false, timeouts: {implicit: 0, pageLoad: 300000, script: 30000}, unhandledPromptBehavior: dismiss and notify, webauthn:virtualAuthenticators: true}
Session ID: 2f54b1764bbceef8a19e7196985a5df0
*** Element info: {Using=xpath, value=//*[@id='title0']/option[4]}
at org.openqa.selenium.remote.http.W3CHttpResponseCodec.createException(W3CHttpResponseCodec.java:187)
at org.openqa.selenium.remote.http.W3CHttpResponseCodec.decode(W3CHttpResponseCodec.java:122)
at org.openqa.selenium.remote.http.W3CHttpResponseCodec.decode(W3CHttpResponseCodec.java:49)
at org.openqa.selenium.remote.HttpCommandExecutor.execute(HttpCommandExecutor.java:158)
at org.openqa.selenium.remote.service.DriverCommandExecutor.execute(DriverCommandExecutor.java:83)
at org.openqa.selenium.remote.RemoteWebDriver.execute(RemoteWebDriver.java:552)
at org.openqa.selenium.remote.RemoteWebDriver.findElement(RemoteWebDriver.java:323)
at org.openqa.selenium.remote.RemoteWebDriver.findElementByXPath(RemoteWebDriver.java:428)
at org.openqa.selenium.By$ByXPath.findElement(By.java:353)
at org.openqa.selenium.remote.RemoteWebDriver.findElement(RemoteWebDriver.java:315)
at com.yatra.utils.UIOperation.perform(UIOperation.java:38)
at com.booking.test.OneWayTripTest.OneWayTripSearchTest(OneWayTripTest.java:46)
... Removed 28 stack frames]]>
    </failure>
  </testcase> <!-- OneWayTripSearchTest -->
  <testcase name="OneWayTripSearchTest" time="0.05" classname="com.booking.test.OneWayTripTest">
    <failure type="org.openqa.selenium.NoSuchElementException" message="no such element: Unable to locate element: {&amp;quot;method&amp;quot;:&amp;quot;xpath&amp;quot;,&amp;quot;selector&amp;quot;:&amp;quot;//*[@id=&amp;apos;travellerf0&amp;apos;]&amp;quot;}
  (Session info: chrome=87.0.4280.66)
For documentation on this error, please visit: https://www.seleniumhq.org/exceptions/no_such_element.html
Build info: version: &amp;apos;3.141.59&amp;apos;, revision: &amp;apos;e82be7d358&amp;apos;, time: &amp;apos;2018-11-14T08:17:03&amp;apos;
System info: host: &amp;apos;HP&amp;apos;, ip: &amp;apos;192.168.0.104&amp;apos;, os.name: &amp;apos;Windows 8.1&amp;apos;, os.arch: &amp;apos;amd64&amp;apos;, os.version: &amp;apos;6.3&amp;apos;, java.version: &amp;apos;1.8.0_261&amp;apos;
Driver info: org.openqa.selenium.chrome.ChromeDriver
Capabilities {acceptInsecureCerts: false, browserName: chrome, browserVersion: 87.0.4280.66, chrome: {chromedriverVersion: 86.0.4240.22 (398b0743353ff..., userDataDir: C:\Users\Umesh\AppData\Loca...}, goog:chromeOptions: {debuggerAddress: localhost:63826}, javascriptEnabled: true, networkConnectionEnabled: false, pageLoadStrategy: normal, platform: WINDOWS, platformName: WINDOWS, proxy: Proxy(), setWindowRect: true, strictFileInteractability: false, timeouts: {implicit: 0, pageLoad: 300000, script: 30000}, unhandledPromptBehavior: dismiss and notify, webauthn:virtualAuthenticators: true}
Session ID: 2f54b1764bbceef8a19e7196985a5df0
*** Element info: {Using=xpath, value=//*[@id=&amp;apos;travellerf0&amp;apos;]}">
      <![CDATA[org.openqa.selenium.NoSuchElementException: no such element: Unable to locate element: {"method":"xpath","selector":"//*[@id='travellerf0']"}
  (Session info: chrome=87.0.4280.66)
For documentation on this error, please visit: https://www.seleniumhq.org/exceptions/no_such_element.html
Build info: version: '3.141.59', revision: 'e82be7d358', time: '2018-11-14T08:17:03'
System info: host: 'HP', ip: '192.168.0.104', os.name: 'Windows 8.1', os.arch: 'amd64', os.version: '6.3', java.version: '1.8.0_261'
Driver info: org.openqa.selenium.chrome.ChromeDriver
Capabilities {acceptInsecureCerts: false, browserName: chrome, browserVersion: 87.0.4280.66, chrome: {chromedriverVersion: 86.0.4240.22 (398b0743353ff..., userDataDir: C:\Users\Umesh\AppData\Loca...}, goog:chromeOptions: {debuggerAddress: localhost:63826}, javascriptEnabled: true, networkConnectionEnabled: false, pageLoadStrategy: normal, platform: WINDOWS, platformName: WINDOWS, proxy: Proxy(), setWindowRect: true, strictFileInteractability: false, timeouts: {implicit: 0, pageLoad: 300000, script: 30000}, unhandledPromptBehavior: dismiss and notify, webauthn:virtualAuthenticators: true}
Session ID: 2f54b1764bbceef8a19e7196985a5df0
*** Element info: {Using=xpath, value=//*[@id='travellerf0']}
at org.openqa.selenium.remote.http.W3CHttpResponseCodec.createException(W3CHttpResponseCodec.java:187)
at org.openqa.selenium.remote.http.W3CHttpResponseCodec.decode(W3CHttpResponseCodec.java:122)
at org.openqa.selenium.remote.http.W3CHttpResponseCodec.decode(W3CHttpResponseCodec.java:49)
at org.openqa.selenium.remote.HttpCommandExecutor.execute(HttpCommandExecutor.java:158)
at org.openqa.selenium.remote.service.DriverCommandExecutor.execute(DriverCommandExecutor.java:83)
at org.openqa.selenium.remote.RemoteWebDriver.execute(RemoteWebDriver.java:552)
at org.openqa.selenium.remote.RemoteWebDriver.findElement(RemoteWebDriver.java:323)
at org.openqa.selenium.remote.RemoteWebDriver.findElementByXPath(RemoteWebDriver.java:428)
at org.openqa.selenium.By$ByXPath.findElement(By.java:353)
at org.openqa.selenium.remote.RemoteWebDriver.findElement(RemoteWebDriver.java:315)
at com.yatra.utils.UIOperation.perform(UIOperation.java:44)
at com.booking.test.OneWayTripTest.OneWayTripSearchTest(OneWayTripTest.java:46)
... Removed 28 stack frames]]>
    </failure>
  </testcase> <!-- OneWayTripSearchTest -->
  <testcase name="OneWayTripSearchTest" time="0.069" classname="com.booking.test.OneWayTripTest">
    <failure type="org.openqa.selenium.NoSuchElementException" message="no such element: Unable to locate element: {&amp;quot;method&amp;quot;:&amp;quot;xpath&amp;quot;,&amp;quot;selector&amp;quot;:&amp;quot;//*[@id=&amp;apos;travellerl0&amp;apos;]&amp;quot;}
  (Session info: chrome=87.0.4280.66)
For documentation on this error, please visit: https://www.seleniumhq.org/exceptions/no_such_element.html
Build info: version: &amp;apos;3.141.59&amp;apos;, revision: &amp;apos;e82be7d358&amp;apos;, time: &amp;apos;2018-11-14T08:17:03&amp;apos;
System info: host: &amp;apos;HP&amp;apos;, ip: &amp;apos;192.168.0.104&amp;apos;, os.name: &amp;apos;Windows 8.1&amp;apos;, os.arch: &amp;apos;amd64&amp;apos;, os.version: &amp;apos;6.3&amp;apos;, java.version: &amp;apos;1.8.0_261&amp;apos;
Driver info: org.openqa.selenium.chrome.ChromeDriver
Capabilities {acceptInsecureCerts: false, browserName: chrome, browserVersion: 87.0.4280.66, chrome: {chromedriverVersion: 86.0.4240.22 (398b0743353ff..., userDataDir: C:\Users\Umesh\AppData\Loca...}, goog:chromeOptions: {debuggerAddress: localhost:63826}, javascriptEnabled: true, networkConnectionEnabled: false, pageLoadStrategy: normal, platform: WINDOWS, platformName: WINDOWS, proxy: Proxy(), setWindowRect: true, strictFileInteractability: false, timeouts: {implicit: 0, pageLoad: 300000, script: 30000}, unhandledPromptBehavior: dismiss and notify, webauthn:virtualAuthenticators: true}
Session ID: 2f54b1764bbceef8a19e7196985a5df0
*** Element info: {Using=xpath, value=//*[@id=&amp;apos;travellerl0&amp;apos;]}">
      <![CDATA[org.openqa.selenium.NoSuchElementException: no such element: Unable to locate element: {"method":"xpath","selector":"//*[@id='travellerl0']"}
  (Session info: chrome=87.0.4280.66)
For documentation on this error, please visit: https://www.seleniumhq.org/exceptions/no_such_element.html
Build info: version: '3.141.59', revision: 'e82be7d358', time: '2018-11-14T08:17:03'
System info: host: 'HP', ip: '192.168.0.104', os.name: 'Windows 8.1', os.arch: 'amd64', os.version: '6.3', java.version: '1.8.0_261'
Driver info: org.openqa.selenium.chrome.ChromeDriver
Capabilities {acceptInsecureCerts: false, browserName: chrome, browserVersion: 87.0.4280.66, chrome: {chromedriverVersion: 86.0.4240.22 (398b0743353ff..., userDataDir: C:\Users\Umesh\AppData\Loca...}, goog:chromeOptions: {debuggerAddress: localhost:63826}, javascriptEnabled: true, networkConnectionEnabled: false, pageLoadStrategy: normal, platform: WINDOWS, platformName: WINDOWS, proxy: Proxy(), setWindowRect: true, strictFileInteractability: false, timeouts: {implicit: 0, pageLoad: 300000, script: 30000}, unhandledPromptBehavior: dismiss and notify, webauthn:virtualAuthenticators: true}
Session ID: 2f54b1764bbceef8a19e7196985a5df0
*** Element info: {Using=xpath, value=//*[@id='travellerl0']}
at org.openqa.selenium.remote.http.W3CHttpResponseCodec.createException(W3CHttpResponseCodec.java:187)
at org.openqa.selenium.remote.http.W3CHttpResponseCodec.decode(W3CHttpResponseCodec.java:122)
at org.openqa.selenium.remote.http.W3CHttpResponseCodec.decode(W3CHttpResponseCodec.java:49)
at org.openqa.selenium.remote.HttpCommandExecutor.execute(HttpCommandExecutor.java:158)
at org.openqa.selenium.remote.service.DriverCommandExecutor.execute(DriverCommandExecutor.java:83)
at org.openqa.selenium.remote.RemoteWebDriver.execute(RemoteWebDriver.java:552)
at org.openqa.selenium.remote.RemoteWebDriver.findElement(RemoteWebDriver.java:323)
at org.openqa.selenium.remote.RemoteWebDriver.findElementByXPath(RemoteWebDriver.java:428)
at org.openqa.selenium.By$ByXPath.findElement(By.java:353)
at org.openqa.selenium.remote.RemoteWebDriver.findElement(RemoteWebDriver.java:315)
at com.yatra.utils.UIOperation.perform(UIOperation.java:44)
at com.booking.test.OneWayTripTest.OneWayTripSearchTest(OneWayTripTest.java:46)
... Removed 28 stack frames]]>
    </failure>
  </testcase> <!-- OneWayTripSearchTest -->
  <testcase name="OneWayTripSearchTest" time="3.004" classname="com.booking.test.OneWayTripTest"/>
  <testcase name="OneWayTripSearchTest" time="1.018" classname="com.booking.test.OneWayTripTest"/>
  <testcase name="OneWayTripSearchTest" time="0.068" classname="com.booking.test.OneWayTripTest">
    <failure type="org.openqa.selenium.NoSuchElementException" message="no such element: Unable to locate element: {&amp;quot;method&amp;quot;:&amp;quot;xpath&amp;quot;,&amp;quot;selector&amp;quot;:&amp;quot;//*[@id=&amp;apos;title1&amp;apos;]/option[2]&amp;quot;}
  (Session info: chrome=87.0.4280.66)
For documentation on this error, please visit: https://www.seleniumhq.org/exceptions/no_such_element.html
Build info: version: &amp;apos;3.141.59&amp;apos;, revision: &amp;apos;e82be7d358&amp;apos;, time: &amp;apos;2018-11-14T08:17:03&amp;apos;
System info: host: &amp;apos;HP&amp;apos;, ip: &amp;apos;192.168.0.104&amp;apos;, os.name: &amp;apos;Windows 8.1&amp;apos;, os.arch: &amp;apos;amd64&amp;apos;, os.version: &amp;apos;6.3&amp;apos;, java.version: &amp;apos;1.8.0_261&amp;apos;
Driver info: org.openqa.selenium.chrome.ChromeDriver
Capabilities {acceptInsecureCerts: false, browserName: chrome, browserVersion: 87.0.4280.66, chrome: {chromedriverVersion: 86.0.4240.22 (398b0743353ff..., userDataDir: C:\Users\Umesh\AppData\Loca...}, goog:chromeOptions: {debuggerAddress: localhost:63826}, javascriptEnabled: true, networkConnectionEnabled: false, pageLoadStrategy: normal, platform: WINDOWS, platformName: WINDOWS, proxy: Proxy(), setWindowRect: true, strictFileInteractability: false, timeouts: {implicit: 0, pageLoad: 300000, script: 30000}, unhandledPromptBehavior: dismiss and notify, webauthn:virtualAuthenticators: true}
Session ID: 2f54b1764bbceef8a19e7196985a5df0
*** Element info: {Using=xpath, value=//*[@id=&amp;apos;title1&amp;apos;]/option[2]}">
      <![CDATA[org.openqa.selenium.NoSuchElementException: no such element: Unable to locate element: {"method":"xpath","selector":"//*[@id='title1']/option[2]"}
  (Session info: chrome=87.0.4280.66)
For documentation on this error, please visit: https://www.seleniumhq.org/exceptions/no_such_element.html
Build info: version: '3.141.59', revision: 'e82be7d358', time: '2018-11-14T08:17:03'
System info: host: 'HP', ip: '192.168.0.104', os.name: 'Windows 8.1', os.arch: 'amd64', os.version: '6.3', java.version: '1.8.0_261'
Driver info: org.openqa.selenium.chrome.ChromeDriver
Capabilities {acceptInsecureCerts: false, browserName: chrome, browserVersion: 87.0.4280.66, chrome: {chromedriverVersion: 86.0.4240.22 (398b0743353ff..., userDataDir: C:\Users\Umesh\AppData\Loca...}, goog:chromeOptions: {debuggerAddress: localhost:63826}, javascriptEnabled: true, networkConnectionEnabled: false, pageLoadStrategy: normal, platform: WINDOWS, platformName: WINDOWS, proxy: Proxy(), setWindowRect: true, strictFileInteractability: false, timeouts: {implicit: 0, pageLoad: 300000, script: 30000}, unhandledPromptBehavior: dismiss and notify, webauthn:virtualAuthenticators: true}
Session ID: 2f54b1764bbceef8a19e7196985a5df0
*** Element info: {Using=xpath, value=//*[@id='title1']/option[2]}
at org.openqa.selenium.remote.http.W3CHttpResponseCodec.createException(W3CHttpResponseCodec.java:187)
at org.openqa.selenium.remote.http.W3CHttpResponseCodec.decode(W3CHttpResponseCodec.java:122)
at org.openqa.selenium.remote.http.W3CHttpResponseCodec.decode(W3CHttpResponseCodec.java:49)
at org.openqa.selenium.remote.HttpCommandExecutor.execute(HttpCommandExecutor.java:158)
at org.openqa.selenium.remote.service.DriverCommandExecutor.execute(DriverCommandExecutor.java:83)
at org.openqa.selenium.remote.RemoteWebDriver.execute(RemoteWebDriver.java:552)
at org.openqa.selenium.remote.RemoteWebDriver.findElement(RemoteWebDriver.java:323)
at org.openqa.selenium.remote.RemoteWebDriver.findElementByXPath(RemoteWebDriver.java:428)
at org.openqa.selenium.By$ByXPath.findElement(By.java:353)
at org.openqa.selenium.remote.RemoteWebDriver.findElement(RemoteWebDriver.java:315)
at com.yatra.utils.UIOperation.perform(UIOperation.java:38)
at com.booking.test.OneWayTripTest.OneWayTripSearchTest(OneWayTripTest.java:46)
... Removed 28 stack frames]]>
    </failure>
  </testcase> <!-- OneWayTripSearchTest -->
  <testcase name="OneWayTripSearchTest" time="0.064" classname="com.booking.test.OneWayTripTest">
    <failure type="org.openqa.selenium.NoSuchElementException" message="no such element: Unable to locate element: {&amp;quot;method&amp;quot;:&amp;quot;xpath&amp;quot;,&amp;quot;selector&amp;quot;:&amp;quot;//*[@id=&amp;apos;travellerf1&amp;apos;]&amp;quot;}
  (Session info: chrome=87.0.4280.66)
For documentation on this error, please visit: https://www.seleniumhq.org/exceptions/no_such_element.html
Build info: version: &amp;apos;3.141.59&amp;apos;, revision: &amp;apos;e82be7d358&amp;apos;, time: &amp;apos;2018-11-14T08:17:03&amp;apos;
System info: host: &amp;apos;HP&amp;apos;, ip: &amp;apos;192.168.0.104&amp;apos;, os.name: &amp;apos;Windows 8.1&amp;apos;, os.arch: &amp;apos;amd64&amp;apos;, os.version: &amp;apos;6.3&amp;apos;, java.version: &amp;apos;1.8.0_261&amp;apos;
Driver info: org.openqa.selenium.chrome.ChromeDriver
Capabilities {acceptInsecureCerts: false, browserName: chrome, browserVersion: 87.0.4280.66, chrome: {chromedriverVersion: 86.0.4240.22 (398b0743353ff..., userDataDir: C:\Users\Umesh\AppData\Loca...}, goog:chromeOptions: {debuggerAddress: localhost:63826}, javascriptEnabled: true, networkConnectionEnabled: false, pageLoadStrategy: normal, platform: WINDOWS, platformName: WINDOWS, proxy: Proxy(), setWindowRect: true, strictFileInteractability: false, timeouts: {implicit: 0, pageLoad: 300000, script: 30000}, unhandledPromptBehavior: dismiss and notify, webauthn:virtualAuthenticators: true}
Session ID: 2f54b1764bbceef8a19e7196985a5df0
*** Element info: {Using=xpath, value=//*[@id=&amp;apos;travellerf1&amp;apos;]}">
      <![CDATA[org.openqa.selenium.NoSuchElementException: no such element: Unable to locate element: {"method":"xpath","selector":"//*[@id='travellerf1']"}
  (Session info: chrome=87.0.4280.66)
For documentation on this error, please visit: https://www.seleniumhq.org/exceptions/no_such_element.html
Build info: version: '3.141.59', revision: 'e82be7d358', time: '2018-11-14T08:17:03'
System info: host: 'HP', ip: '192.168.0.104', os.name: 'Windows 8.1', os.arch: 'amd64', os.version: '6.3', java.version: '1.8.0_261'
Driver info: org.openqa.selenium.chrome.ChromeDriver
Capabilities {acceptInsecureCerts: false, browserName: chrome, browserVersion: 87.0.4280.66, chrome: {chromedriverVersion: 86.0.4240.22 (398b0743353ff..., userDataDir: C:\Users\Umesh\AppData\Loca...}, goog:chromeOptions: {debuggerAddress: localhost:63826}, javascriptEnabled: true, networkConnectionEnabled: false, pageLoadStrategy: normal, platform: WINDOWS, platformName: WINDOWS, proxy: Proxy(), setWindowRect: true, strictFileInteractability: false, timeouts: {implicit: 0, pageLoad: 300000, script: 30000}, unhandledPromptBehavior: dismiss and notify, webauthn:virtualAuthenticators: true}
Session ID: 2f54b1764bbceef8a19e7196985a5df0
*** Element info: {Using=xpath, value=//*[@id='travellerf1']}
at org.openqa.selenium.remote.http.W3CHttpResponseCodec.createException(W3CHttpResponseCodec.java:187)
at org.openqa.selenium.remote.http.W3CHttpResponseCodec.decode(W3CHttpResponseCodec.java:122)
at org.openqa.selenium.remote.http.W3CHttpResponseCodec.decode(W3CHttpResponseCodec.java:49)
at org.openqa.selenium.remote.HttpCommandExecutor.execute(HttpCommandExecutor.java:158)
at org.openqa.selenium.remote.service.DriverCommandExecutor.execute(DriverCommandExecutor.java:83)
at org.openqa.selenium.remote.RemoteWebDriver.execute(RemoteWebDriver.java:552)
at org.openqa.selenium.remote.RemoteWebDriver.findElement(RemoteWebDriver.java:323)
at org.openqa.selenium.remote.RemoteWebDriver.findElementByXPath(RemoteWebDriver.java:428)
at org.openqa.selenium.By$ByXPath.findElement(By.java:353)
at org.openqa.selenium.remote.RemoteWebDriver.findElement(RemoteWebDriver.java:315)
at com.yatra.utils.UIOperation.perform(UIOperation.java:44)
at com.booking.test.OneWayTripTest.OneWayTripSearchTest(OneWayTripTest.java:46)
... Removed 28 stack frames]]>
    </failure>
  </testcase> <!-- OneWayTripSearchTest -->
  <testcase name="OneWayTripSearchTest" time="0.128" classname="com.booking.test.OneWayTripTest">
    <failure type="org.openqa.selenium.NoSuchElementException" message="no such element: Unable to locate element: {&amp;quot;method&amp;quot;:&amp;quot;xpath&amp;quot;,&amp;quot;selector&amp;quot;:&amp;quot;//*[@id=&amp;apos;travellerl1&amp;apos;]&amp;quot;}
  (Session info: chrome=87.0.4280.66)
For documentation on this error, please visit: https://www.seleniumhq.org/exceptions/no_such_element.html
Build info: version: &amp;apos;3.141.59&amp;apos;, revision: &amp;apos;e82be7d358&amp;apos;, time: &amp;apos;2018-11-14T08:17:03&amp;apos;
System info: host: &amp;apos;HP&amp;apos;, ip: &amp;apos;192.168.0.104&amp;apos;, os.name: &amp;apos;Windows 8.1&amp;apos;, os.arch: &amp;apos;amd64&amp;apos;, os.version: &amp;apos;6.3&amp;apos;, java.version: &amp;apos;1.8.0_261&amp;apos;
Driver info: org.openqa.selenium.chrome.ChromeDriver
Capabilities {acceptInsecureCerts: false, browserName: chrome, browserVersion: 87.0.4280.66, chrome: {chromedriverVersion: 86.0.4240.22 (398b0743353ff..., userDataDir: C:\Users\Umesh\AppData\Loca...}, goog:chromeOptions: {debuggerAddress: localhost:63826}, javascriptEnabled: true, networkConnectionEnabled: false, pageLoadStrategy: normal, platform: WINDOWS, platformName: WINDOWS, proxy: Proxy(), setWindowRect: true, strictFileInteractability: false, timeouts: {implicit: 0, pageLoad: 300000, script: 30000}, unhandledPromptBehavior: dismiss and notify, webauthn:virtualAuthenticators: true}
Session ID: 2f54b1764bbceef8a19e7196985a5df0
*** Element info: {Using=xpath, value=//*[@id=&amp;apos;travellerl1&amp;apos;]}">
      <![CDATA[org.openqa.selenium.NoSuchElementException: no such element: Unable to locate element: {"method":"xpath","selector":"//*[@id='travellerl1']"}
  (Session info: chrome=87.0.4280.66)
For documentation on this error, please visit: https://www.seleniumhq.org/exceptions/no_such_element.html
Build info: version: '3.141.59', revision: 'e82be7d358', time: '2018-11-14T08:17:03'
System info: host: 'HP', ip: '192.168.0.104', os.name: 'Windows 8.1', os.arch: 'amd64', os.version: '6.3', java.version: '1.8.0_261'
Driver info: org.openqa.selenium.chrome.ChromeDriver
Capabilities {acceptInsecureCerts: false, browserName: chrome, browserVersion: 87.0.4280.66, chrome: {chromedriverVersion: 86.0.4240.22 (398b0743353ff..., userDataDir: C:\Users\Umesh\AppData\Loca...}, goog:chromeOptions: {debuggerAddress: localhost:63826}, javascriptEnabled: true, networkConnectionEnabled: false, pageLoadStrategy: normal, platform: WINDOWS, platformName: WINDOWS, proxy: Proxy(), setWindowRect: true, strictFileInteractability: false, timeouts: {implicit: 0, pageLoad: 300000, script: 30000}, unhandledPromptBehavior: dismiss and notify, webauthn:virtualAuthenticators: true}
Session ID: 2f54b1764bbceef8a19e7196985a5df0
*** Element info: {Using=xpath, value=//*[@id='travellerl1']}
at org.openqa.selenium.remote.http.W3CHttpResponseCodec.createException(W3CHttpResponseCodec.java:187)
at org.openqa.selenium.remote.http.W3CHttpResponseCodec.decode(W3CHttpResponseCodec.java:122)
at org.openqa.selenium.remote.http.W3CHttpResponseCodec.decode(W3CHttpResponseCodec.java:49)
at org.openqa.selenium.remote.HttpCommandExecutor.execute(HttpCommandExecutor.java:158)
at org.openqa.selenium.remote.service.DriverCommandExecutor.execute(DriverCommandExecutor.java:83)
at org.openqa.selenium.remote.RemoteWebDriver.execute(RemoteWebDriver.java:552)
at org.openqa.selenium.remote.RemoteWebDriver.findElement(RemoteWebDriver.java:323)
at org.openqa.selenium.remote.RemoteWebDriver.findElementByXPath(RemoteWebDriver.java:428)
at org.openqa.selenium.By$ByXPath.findElement(By.java:353)
at org.openqa.selenium.remote.RemoteWebDriver.findElement(RemoteWebDriver.java:315)
at com.yatra.utils.UIOperation.perform(UIOperation.java:44)
at com.booking.test.OneWayTripTest.OneWayTripSearchTest(OneWayTripTest.java:46)
... Removed 28 stack frames]]>
    </failure>
  </testcase> <!-- OneWayTripSearchTest -->
  <testcase name="OneWayTripSearchTest" time="3.002" classname="com.booking.test.OneWayTripTest"/>
  <testcase name="OneWayTripSearchTest" time="1.02" classname="com.booking.test.OneWayTripTest"/>
  <testcase name="OneWayTripSearchTest" time="0.068" classname="com.booking.test.OneWayTripTest">
    <failure type="org.openqa.selenium.NoSuchElementException" message="no such element: Unable to locate element: {&amp;quot;method&amp;quot;:&amp;quot;xpath&amp;quot;,&amp;quot;selector&amp;quot;:&amp;quot;//button[@autom = &amp;apos;proceedTopayment&amp;apos;]&amp;quot;}
  (Session info: chrome=87.0.4280.66)
For documentation on this error, please visit: https://www.seleniumhq.org/exceptions/no_such_element.html
Build info: version: &amp;apos;3.141.59&amp;apos;, revision: &amp;apos;e82be7d358&amp;apos;, time: &amp;apos;2018-11-14T08:17:03&amp;apos;
System info: host: &amp;apos;HP&amp;apos;, ip: &amp;apos;192.168.0.104&amp;apos;, os.name: &amp;apos;Windows 8.1&amp;apos;, os.arch: &amp;apos;amd64&amp;apos;, os.version: &amp;apos;6.3&amp;apos;, java.version: &amp;apos;1.8.0_261&amp;apos;
Driver info: org.openqa.selenium.chrome.ChromeDriver
Capabilities {acceptInsecureCerts: false, browserName: chrome, browserVersion: 87.0.4280.66, chrome: {chromedriverVersion: 86.0.4240.22 (398b0743353ff..., userDataDir: C:\Users\Umesh\AppData\Loca...}, goog:chromeOptions: {debuggerAddress: localhost:63826}, javascriptEnabled: true, networkConnectionEnabled: false, pageLoadStrategy: normal, platform: WINDOWS, platformName: WINDOWS, proxy: Proxy(), setWindowRect: true, strictFileInteractability: false, timeouts: {implicit: 0, pageLoad: 300000, script: 30000}, unhandledPromptBehavior: dismiss and notify, webauthn:virtualAuthenticators: true}
Session ID: 2f54b1764bbceef8a19e7196985a5df0
*** Element info: {Using=xpath, value=//button[@autom = &amp;apos;proceedTopayment&amp;apos;]}">
      <![CDATA[org.openqa.selenium.NoSuchElementException: no such element: Unable to locate element: {"method":"xpath","selector":"//button[@autom = 'proceedTopayment']"}
  (Session info: chrome=87.0.4280.66)
For documentation on this error, please visit: https://www.seleniumhq.org/exceptions/no_such_element.html
Build info: version: '3.141.59', revision: 'e82be7d358', time: '2018-11-14T08:17:03'
System info: host: 'HP', ip: '192.168.0.104', os.name: 'Windows 8.1', os.arch: 'amd64', os.version: '6.3', java.version: '1.8.0_261'
Driver info: org.openqa.selenium.chrome.ChromeDriver
Capabilities {acceptInsecureCerts: false, browserName: chrome, browserVersion: 87.0.4280.66, chrome: {chromedriverVersion: 86.0.4240.22 (398b0743353ff..., userDataDir: C:\Users\Umesh\AppData\Loca...}, goog:chromeOptions: {debuggerAddress: localhost:63826}, javascriptEnabled: true, networkConnectionEnabled: false, pageLoadStrategy: normal, platform: WINDOWS, platformName: WINDOWS, proxy: Proxy(), setWindowRect: true, strictFileInteractability: false, timeouts: {implicit: 0, pageLoad: 300000, script: 30000}, unhandledPromptBehavior: dismiss and notify, webauthn:virtualAuthenticators: true}
Session ID: 2f54b1764bbceef8a19e7196985a5df0
*** Element info: {Using=xpath, value=//button[@autom = 'proceedTopayment']}
at org.openqa.selenium.remote.http.W3CHttpResponseCodec.createException(W3CHttpResponseCodec.java:187)
at org.openqa.selenium.remote.http.W3CHttpResponseCodec.decode(W3CHttpResponseCodec.java:122)
at org.openqa.selenium.remote.http.W3CHttpResponseCodec.decode(W3CHttpResponseCodec.java:49)
at org.openqa.selenium.remote.HttpCommandExecutor.execute(HttpCommandExecutor.java:158)
at org.openqa.selenium.remote.service.DriverCommandExecutor.execute(DriverCommandExecutor.java:83)
at org.openqa.selenium.remote.RemoteWebDriver.execute(RemoteWebDriver.java:552)
at org.openqa.selenium.remote.RemoteWebDriver.findElement(RemoteWebDriver.java:323)
at org.openqa.selenium.remote.RemoteWebDriver.findElementByXPath(RemoteWebDriver.java:428)
at org.openqa.selenium.By$ByXPath.findElement(By.java:353)
at org.openqa.selenium.remote.RemoteWebDriver.findElement(RemoteWebDriver.java:315)
at com.yatra.utils.UIOperation.perform(UIOperation.java:38)
at com.booking.test.OneWayTripTest.OneWayTripSearchTest(OneWayTripTest.java:46)
... Removed 28 stack frames]]>
    </failure>
  </testcase> <!-- OneWayTripSearchTest -->
  <testcase name="OneWayTripSearchTest" time="3.016" classname="com.booking.test.OneWayTripTest">
    <failure type="java.lang.AssertionError" message="expected [https://secure.yatra.com/PaySwift/payment] but found [https://flight.yatra.com/air-search-ui/dom2/trigger?type=O&amp;amp;viewName=normal&amp;amp;flexi=0&amp;amp;noOfSegments=1&amp;amp;origin=BOM&amp;amp;originCountry=IN&amp;amp;destination=DEL&amp;amp;destinationCountry=IN&amp;amp;flight_depart_date=08%2F12%2F2020&amp;amp;ADT=2&amp;amp;CHD=0&amp;amp;INF=0&amp;amp;non_stop=1&amp;amp;class=Economy&amp;amp;source=fresco-home]">
      <![CDATA[java.lang.AssertionError: expected [https://secure.yatra.com/PaySwift/payment] but found [https://flight.yatra.com/air-search-ui/dom2/trigger?type=O&viewName=normal&flexi=0&noOfSegments=1&origin=BOM&originCountry=IN&destination=DEL&destinationCountry=IN&flight_depart_date=08%2F12%2F2020&ADT=2&CHD=0&INF=0&non_stop=1&class=Economy&source=fresco-home]
at com.yatra.utils.ResultCompare.verifyResults(ResultCompare.java:47)
at com.yatra.utils.UIOperation.perform(UIOperation.java:115)
at com.booking.test.OneWayTripTest.OneWayTripSearchTest(OneWayTripTest.java:46)
... Removed 30 stack frames]]>
    </failure>
  </testcase> <!-- OneWayTripSearchTest -->
  <testcase name="OneWayTripSearchTest" time="3.003" classname="com.booking.test.OneWayTripTest"/>
  <testcase name="OneWayTripSearchTest" time="8.137" classname="com.booking.test.OneWayTripTest"/>
  <testcase name="OneWayTripSearchTest" time="5.376" classname="com.booking.test.OneWayTripTest"/>
  <testcase name="OneWayTripSearchTest" time="6.871" classname="com.booking.test.OneWayTripTest"/>
  <testcase name="OneWayTripSearchTest" time="1.147" classname="com.booking.test.OneWayTripTest"/>
  <testcase name="OneWayTripSearchTest" time="3.021" classname="com.booking.test.OneWayTripTest"/>
  <testcase name="OneWayTripSearchTest" time="2.46" classname="com.booking.test.OneWayTripTest"/>
  <testcase name="OneWayTripSearchTest" time="2.553" classname="com.booking.test.OneWayTripTest"/>
  <testcase name="OneWayTripSearchTest" time="1.16" classname="com.booking.test.OneWayTripTest"/>
  <testcase name="OneWayTripSearchTest" time="1.497" classname="com.booking.test.OneWayTripTest"/>
  <testcase name="OneWayTripSearchTest" time="1.557" classname="com.booking.test.OneWayTripTest"/>
  <testcase name="OneWayTripSearchTest" time="1.486" classname="com.booking.test.OneWayTripTest"/>
  <testcase name="OneWayTripSearchTest" time="1.277" classname="com.booking.test.OneWayTripTest"/>
  <testcase name="OneWayTripSearchTest" time="1.27" classname="com.booking.test.OneWayTripTest"/>
  <testcase name="OneWayTripSearchTest" time="7.916" classname="com.booking.test.OneWayTripTest"/>
  <testcase name="OneWayTripSearchTest" time="7.733" classname="com.booking.test.OneWayTripTest"/>
  <testcase name="OneWayTripSearchTest" time="1.569" classname="com.booking.test.OneWayTripTest"/>
  <testcase name="OneWayTripSearchTest" time="1.548" classname="com.booking.test.OneWayTripTest"/>
  <testcase name="OneWayTripSearchTest" time="1.537" classname="com.booking.test.OneWayTripTest"/>
  <testcase name="OneWayTripSearchTest" time="3.434" classname="com.booking.test.OneWayTripTest"/>
  <testcase name="OneWayTripSearchTest" time="3.003" classname="com.booking.test.OneWayTripTest"/>
  <testcase name="OneWayTripSearchTest" time="1.404" classname="com.booking.test.OneWayTripTest"/>
  <testcase name="OneWayTripSearchTest" time="7.541" classname="com.booking.test.OneWayTripTest"/>
  <testcase name="OneWayTripSearchTest" time="4.407" classname="com.booking.test.OneWayTripTest"/>
  <testcase name="OneWayTripSearchTest" time="1.655" classname="com.booking.test.OneWayTripTest"/>
  <testcase name="OneWayTripSearchTest" time="1.61" classname="com.booking.test.OneWayTripTest"/>
  <testcase name="OneWayTripSearchTest" time="1.766" classname="com.booking.test.OneWayTripTest"/>
  <testcase name="OneWayTripSearchTest" time="1.846" classname="com.booking.test.OneWayTripTest"/>
  <testcase name="OneWayTripSearchTest" time="3.002" classname="com.booking.test.OneWayTripTest"/>
  <testcase name="OneWayTripSearchTest" time="1.041" classname="com.booking.test.OneWayTripTest"/>
  <testcase name="OneWayTripSearchTest" time="1.409" classname="com.booking.test.OneWayTripTest"/>
  <testcase name="OneWayTripSearchTest" time="1.619" classname="com.booking.test.OneWayTripTest"/>
  <testcase name="OneWayTripSearchTest" time="1.644" classname="com.booking.test.OneWayTripTest"/>
  <testcase name="OneWayTripSearchTest" time="3.005" classname="com.booking.test.OneWayTripTest"/>
  <testcase name="OneWayTripSearchTest" time="1.97" classname="com.booking.test.OneWayTripTest"/>
  <testcase name="OneWayTripSearchTest" time="1.486" classname="com.booking.test.OneWayTripTest"/>
  <testcase name="OneWayTripSearchTest" time="1.746" classname="com.booking.test.OneWayTripTest"/>
  <testcase name="OneWayTripSearchTest" time="1.557" classname="com.booking.test.OneWayTripTest"/>
  <testcase name="OneWayTripSearchTest" time="2.098" classname="com.booking.test.OneWayTripTest"/>
  <testcase name="OneWayTripSearchTest" time="1.542" classname="com.booking.test.OneWayTripTest"/>
  <testcase name="OneWayTripSearchTest" time="1.532" classname="com.booking.test.OneWayTripTest"/>
  <testcase name="OneWayTripSearchTest" time="1.512" classname="com.booking.test.OneWayTripTest"/>
  <testcase name="OneWayTripSearchTest" time="1.621" classname="com.booking.test.OneWayTripTest"/>
  <testcase name="OneWayTripSearchTest" time="1.334" classname="com.booking.test.OneWayTripTest"/>
  <testcase name="OneWayTripSearchTest" time="3.003" classname="com.booking.test.OneWayTripTest"/>
  <testcase name="OneWayTripSearchTest" time="1.039" classname="com.booking.test.OneWayTripTest"/>
  <testcase name="OneWayTripSearchTest" time="1.819" classname="com.booking.test.OneWayTripTest"/>
  <testcase name="OneWayTripSearchTest" time="1.05" classname="com.booking.test.OneWayTripTest"/>
  <testcase name="OneWayTripSearchTest" time="1.467" classname="com.booking.test.OneWayTripTest"/>
  <testcase name="OneWayTripSearchTest" time="1.562" classname="com.booking.test.OneWayTripTest"/>
</testsuite> <!-- Test -->
