<html>
<head>
<title>TestNG:  Test</title>
<link href="../testng.css" rel="stylesheet" type="text/css" />
<link href="../my-testng.css" rel="stylesheet" type="text/css" />

<style type="text/css">
.log { display: none;} 
.stack-trace { display: none;} 
</style>
<script type="text/javascript">
<!--
function flip(e) {
  current = e.style.display;
  if (current == 'block') {
    e.style.display = 'none';
    return 0;
  }
  else {
    e.style.display = 'block';
    return 1;
  }
}

function toggleBox(szDivId, elem, msg1, msg2)
{
  var res = -1;  if (document.getElementById) {
    res = flip(document.getElementById(szDivId));
  }
  else if (document.all) {
    // this is the way old msie versions work
    res = flip(document.all[szDivId]);
  }
  if(elem) {
    if(res == 0) elem.innerHTML = msg1; else elem.innerHTML = msg2;
  }

}

function toggleAllBoxes() {
  if (document.getElementsByTagName) {
    d = document.getElementsByTagName('div');
    for (i = 0; i < d.length; i++) {
      if (d[i].className == 'log') {
        flip(d[i]);
      }
    }
  }
}

// -->
</script>

</head>
<body>
<h2 align='center'>Test</h2><table border='1' align="center">
<tr>
<td>Tests passed/Failed/Skipped:</td><td>173/17/0</td>
</tr><tr>
<td>Started on:</td><td>Wed Dec 02 16:19:05 IST 2020</td>
</tr>
<tr><td>Total time:</td><td>542 seconds (542947 ms)</td>
</tr><tr>
<td>Included groups:</td><td></td>
</tr><tr>
<td>Excluded groups:</td><td></td>
</tr>
</table><p/>
<small><i>(Hover the method name to see the test class name)</i></small><p/>
<table width='100%' border='1' class='invocation-failed'>
<tr><td colspan='4' align='center'><b>FAILED TESTS</b></td></tr>
<tr><td><b>Test method</b></td>
<td width="30%"><b>Exception</b></td>
<td width="10%"><b>Time (seconds)</b></td>
<td><b>Instance</b></td>
</tr>
<tr>
<td title='com.booking.test.OneWayTripTest.OneWayTripSearchTest()'><b>OneWayTripSearchTest</b><br>Test class: com.booking.test.OneWayTripTest<br>Parameters: , RESULTCOMPARE, citySearch, , xpath, </td>
<td><div><pre>java.lang.AssertionError: expected [true] but found [false]
	at com.yatra.utils.ResultCompare.verifyResults(ResultCompare.java:23)
	at com.yatra.utils.UIOperation.perform(UIOperation.java:115)
	at com.booking.test.OneWayTripTest.OneWayTripSearchTest(OneWayTripTest.java:46)
... Removed 28 stack frames</pre></div><a href='#' onClick='toggleBox("stack-trace1712230656", this, "Click to show all stack frames", "Click to hide stack frames")'>Click to show all stack frames</a>
<div class='stack-trace' id='stack-trace1712230656'><pre>java.lang.AssertionError: expected [true] but found [false]
	at org.testng.Assert.fail(Assert.java:96)
	at org.testng.Assert.failNotEquals(Assert.java:776)
	at org.testng.Assert.assertTrue(Assert.java:44)
	at org.testng.Assert.assertTrue(Assert.java:54)
	at com.yatra.utils.ResultCompare.verifyResults(ResultCompare.java:23)
	at com.yatra.utils.UIOperation.perform(UIOperation.java:115)
	at com.booking.test.OneWayTripTest.OneWayTripSearchTest(OneWayTripTest.java:46)
	at sun.reflect.GeneratedMethodAccessor1.invoke(Unknown Source)
	at sun.reflect.DelegatingMethodAccessorImpl.invoke(Unknown Source)
	at java.lang.reflect.Method.invoke(Unknown Source)
	at org.testng.internal.MethodInvocationHelper.invokeMethod(MethodInvocationHelper.java:124)
	at org.testng.internal.Invoker.invokeMethod(Invoker.java:583)
	at org.testng.internal.Invoker.invokeTestMethod(Invoker.java:719)
	at org.testng.internal.Invoker.invokeTestMethods(Invoker.java:989)
	at org.testng.internal.TestMethodWorker.invokeTestMethods(TestMethodWorker.java:125)
	at org.testng.internal.TestMethodWorker.run(TestMethodWorker.java:109)
	at org.testng.TestRunner.privateRun(TestRunner.java:648)
	at org.testng.TestRunner.run(TestRunner.java:505)
	at org.testng.SuiteRunner.runTest(SuiteRunner.java:455)
	at org.testng.SuiteRunner.runSequentially(SuiteRunner.java:450)
	at org.testng.SuiteRunner.privateRun(SuiteRunner.java:415)
	at org.testng.SuiteRunner.run(SuiteRunner.java:364)
	at org.testng.SuiteRunnerWorker.runSuite(SuiteRunnerWorker.java:52)
	at org.testng.SuiteRunnerWorker.run(SuiteRunnerWorker.java:84)
	at org.testng.TestNG.runSuitesSequentially(TestNG.java:1208)
	at org.testng.TestNG.runSuitesLocally(TestNG.java:1137)
	at org.testng.TestNG.runSuites(TestNG.java:1049)
	at org.testng.TestNG.run(TestNG.java:1017)
	at org.testng.remote.AbstractRemoteTestNG.run(AbstractRemoteTestNG.java:132)
	at org.testng.remote.RemoteTestNG.initAndRun(RemoteTestNG.java:230)
	at org.testng.remote.RemoteTestNG.main(RemoteTestNG.java:76)
</pre></div></td>
<td>0</td>
<td>com.booking.test.OneWayTripTest@778d1062</td></tr>
<tr>
<td title='com.booking.test.OneWayTripTest.OneWayTripSearchTest()'><b>OneWayTripSearchTest</b><br>Test class: com.booking.test.OneWayTripTest<br>Parameters: , RESULTCOMPARE, citySearch, , xpath, </td>
<td><div><pre>java.lang.AssertionError: expected [true] but found [false]
	at com.yatra.utils.ResultCompare.verifyResults(ResultCompare.java:23)
	at com.yatra.utils.UIOperation.perform(UIOperation.java:115)
	at com.booking.test.OneWayTripTest.OneWayTripSearchTest(OneWayTripTest.java:46)
... Removed 28 stack frames</pre></div><a href='#' onClick='toggleBox("stack-trace1628289406", this, "Click to show all stack frames", "Click to hide stack frames")'>Click to show all stack frames</a>
<div class='stack-trace' id='stack-trace1628289406'><pre>java.lang.AssertionError: expected [true] but found [false]
	at org.testng.Assert.fail(Assert.java:96)
	at org.testng.Assert.failNotEquals(Assert.java:776)
	at org.testng.Assert.assertTrue(Assert.java:44)
	at org.testng.Assert.assertTrue(Assert.java:54)
	at com.yatra.utils.ResultCompare.verifyResults(ResultCompare.java:23)
	at com.yatra.utils.UIOperation.perform(UIOperation.java:115)
	at com.booking.test.OneWayTripTest.OneWayTripSearchTest(OneWayTripTest.java:46)
	at sun.reflect.GeneratedMethodAccessor1.invoke(Unknown Source)
	at sun.reflect.DelegatingMethodAccessorImpl.invoke(Unknown Source)
	at java.lang.reflect.Method.invoke(Unknown Source)
	at org.testng.internal.MethodInvocationHelper.invokeMethod(MethodInvocationHelper.java:124)
	at org.testng.internal.Invoker.invokeMethod(Invoker.java:583)
	at org.testng.internal.Invoker.invokeTestMethod(Invoker.java:719)
	at org.testng.internal.Invoker.invokeTestMethods(Invoker.java:989)
	at org.testng.internal.TestMethodWorker.invokeTestMethods(TestMethodWorker.java:125)
	at org.testng.internal.TestMethodWorker.run(TestMethodWorker.java:109)
	at org.testng.TestRunner.privateRun(TestRunner.java:648)
	at org.testng.TestRunner.run(TestRunner.java:505)
	at org.testng.SuiteRunner.runTest(SuiteRunner.java:455)
	at org.testng.SuiteRunner.runSequentially(SuiteRunner.java:450)
	at org.testng.SuiteRunner.privateRun(SuiteRunner.java:415)
	at org.testng.SuiteRunner.run(SuiteRunner.java:364)
	at org.testng.SuiteRunnerWorker.runSuite(SuiteRunnerWorker.java:52)
	at org.testng.SuiteRunnerWorker.run(SuiteRunnerWorker.java:84)
	at org.testng.TestNG.runSuitesSequentially(TestNG.java:1208)
	at org.testng.TestNG.runSuitesLocally(TestNG.java:1137)
	at org.testng.TestNG.runSuites(TestNG.java:1049)
	at org.testng.TestNG.run(TestNG.java:1017)
	at org.testng.remote.AbstractRemoteTestNG.run(AbstractRemoteTestNG.java:132)
	at org.testng.remote.RemoteTestNG.initAndRun(RemoteTestNG.java:230)
	at org.testng.remote.RemoteTestNG.main(RemoteTestNG.java:76)
</pre></div></td>
<td>0</td>
<td>com.booking.test.OneWayTripTest@778d1062</td></tr>
<tr>
<td title='com.booking.test.OneWayTripTest.OneWayTripSearchTest()'><b>OneWayTripSearchTest</b><br>Test class: com.booking.test.OneWayTripTest<br>Parameters: , RESULTCOMPARE, selectSearch, , xpath, </td>
<td><div><pre>java.lang.AssertionError: null
	at com.yatra.utils.ResultCompare.verifyResults(ResultCompare.java:30)
	at com.yatra.utils.UIOperation.perform(UIOperation.java:115)
	at com.booking.test.OneWayTripTest.OneWayTripSearchTest(OneWayTripTest.java:46)
... Removed 27 stack frames</pre></div><a href='#' onClick='toggleBox("stack-trace892231982", this, "Click to show all stack frames", "Click to hide stack frames")'>Click to show all stack frames</a>
<div class='stack-trace' id='stack-trace892231982'><pre>java.lang.AssertionError: null
	at org.testng.Assert.fail(Assert.java:96)
	at org.testng.Assert.assertNotEquals(Assert.java:1157)
	at org.testng.Assert.assertNotEquals(Assert.java:1162)
	at com.yatra.utils.ResultCompare.verifyResults(ResultCompare.java:30)
	at com.yatra.utils.UIOperation.perform(UIOperation.java:115)
	at com.booking.test.OneWayTripTest.OneWayTripSearchTest(OneWayTripTest.java:46)
	at sun.reflect.GeneratedMethodAccessor1.invoke(Unknown Source)
	at sun.reflect.DelegatingMethodAccessorImpl.invoke(Unknown Source)
	at java.lang.reflect.Method.invoke(Unknown Source)
	at org.testng.internal.MethodInvocationHelper.invokeMethod(MethodInvocationHelper.java:124)
	at org.testng.internal.Invoker.invokeMethod(Invoker.java:583)
	at org.testng.internal.Invoker.invokeTestMethod(Invoker.java:719)
	at org.testng.internal.Invoker.invokeTestMethods(Invoker.java:989)
	at org.testng.internal.TestMethodWorker.invokeTestMethods(TestMethodWorker.java:125)
	at org.testng.internal.TestMethodWorker.run(TestMethodWorker.java:109)
	at org.testng.TestRunner.privateRun(TestRunner.java:648)
	at org.testng.TestRunner.run(TestRunner.java:505)
	at org.testng.SuiteRunner.runTest(SuiteRunner.java:455)
	at org.testng.SuiteRunner.runSequentially(SuiteRunner.java:450)
	at org.testng.SuiteRunner.privateRun(SuiteRunner.java:415)
	at org.testng.SuiteRunner.run(SuiteRunner.java:364)
	at org.testng.SuiteRunnerWorker.runSuite(SuiteRunnerWorker.java:52)
	at org.testng.SuiteRunnerWorker.run(SuiteRunnerWorker.java:84)
	at org.testng.TestNG.runSuitesSequentially(TestNG.java:1208)
	at org.testng.TestNG.runSuitesLocally(TestNG.java:1137)
	at org.testng.TestNG.runSuites(TestNG.java:1049)
	at org.testng.TestNG.run(TestNG.java:1017)
	at org.testng.remote.AbstractRemoteTestNG.run(AbstractRemoteTestNG.java:132)
	at org.testng.remote.RemoteTestNG.initAndRun(RemoteTestNG.java:230)
	at org.testng.remote.RemoteTestNG.main(RemoteTestNG.java:76)
</pre></div></td>
<td>2</td>
<td>com.booking.test.OneWayTripTest@778d1062</td></tr>
<tr>
<td title='com.booking.test.OneWayTripTest.OneWayTripSearchTest()'><b>OneWayTripSearchTest</b><br>Test class: com.booking.test.OneWayTripTest<br>Parameters: , RESULTCOMPARE, noFlights, , xpath, </td>
<td><div><pre>org.openqa.selenium.NoSuchElementException: no such element: Unable to locate element: {&quot;method&quot;:&quot;xpath&quot;,&quot;selector&quot;:&quot;//*[contains(text(),&apos;Sorry, There were no flights found for this route and date combination.&apos;)]&quot;}
  (Session info: chrome=87.0.4280.66)
For documentation on this error, please visit: https://www.seleniumhq.org/exceptions/no_such_element.html
Build info: version: &apos;3.141.59&apos;, revision: &apos;e82be7d358&apos;, time: &apos;2018-11-14T08:17:03&apos;
System info: host: &apos;HP&apos;, ip: &apos;192.168.0.104&apos;, os.name: &apos;Windows 8.1&apos;, os.arch: &apos;amd64&apos;, os.version: &apos;6.3&apos;, java.version: &apos;1.8.0_261&apos;
Driver info: org.openqa.selenium.chrome.ChromeDriver
Capabilities {acceptInsecureCerts: false, browserName: chrome, browserVersion: 87.0.4280.66, chrome: {chromedriverVersion: 86.0.4240.22 (398b0743353ff..., userDataDir: C:\Users\Umesh\AppData\Loca...}, goog:chromeOptions: {debuggerAddress: localhost:63588}, javascriptEnabled: true, networkConnectionEnabled: false, pageLoadStrategy: normal, platform: WINDOWS, platformName: WINDOWS, proxy: Proxy(), setWindowRect: true, strictFileInteractability: false, timeouts: {implicit: 0, pageLoad: 300000, script: 30000}, unhandledPromptBehavior: dismiss and notify, webauthn:virtualAuthenticators: true}
Session ID: 472013362f76552acdca6653f6d09afc
*** Element info: {Using=xpath, value=//*[contains(text(),&apos;Sorry, There were no flights found for this route and date combination.&apos;)]}
	at org.openqa.selenium.remote.http.W3CHttpResponseCodec.createException(W3CHttpResponseCodec.java:187)
	at org.openqa.selenium.remote.http.W3CHttpResponseCodec.decode(W3CHttpResponseCodec.java:122)
	at org.openqa.selenium.remote.http.W3CHttpResponseCodec.decode(W3CHttpResponseCodec.java:49)
	at org.openqa.selenium.remote.HttpCommandExecutor.execute(HttpCommandExecutor.java:158)
	at org.openqa.selenium.remote.service.DriverCommandExecutor.execute(DriverCommandExecutor.java:83)
	at org.openqa.selenium.remote.RemoteWebDriver.execute(RemoteWebDriver.java:552)
	at org.openqa.selenium.remote.RemoteWebDriver.findElement(RemoteWebDriver.java:323)
	at org.openqa.selenium.remote.RemoteWebDriver.findElementByXPath(RemoteWebDriver.java:428)
	at org.openqa.selenium.By$ByXPath.findElement(By.java:353)
	at org.openqa.selenium.remote.RemoteWebDriver.findElement(RemoteWebDriver.java:315)
	at com.yatra.utils.ResultCompare.verifyResults(ResultCompare.java:37)
	at com.yatra.utils.UIOperation.perform(UIOperation.java:115)
	at com.booking.test.OneWayTripTest.OneWayTripSearchTest(OneWayTripTest.java:46)
... Removed 28 stack frames</pre></div><a href='#' onClick='toggleBox("stack-trace1936670366", this, "Click to show all stack frames", "Click to hide stack frames")'>Click to show all stack frames</a>
<div class='stack-trace' id='stack-trace1936670366'><pre>org.openqa.selenium.NoSuchElementException: no such element: Unable to locate element: {&quot;method&quot;:&quot;xpath&quot;,&quot;selector&quot;:&quot;//*[contains(text(),&apos;Sorry, There were no flights found for this route and date combination.&apos;)]&quot;}
  (Session info: chrome=87.0.4280.66)
For documentation on this error, please visit: https://www.seleniumhq.org/exceptions/no_such_element.html
Build info: version: &apos;3.141.59&apos;, revision: &apos;e82be7d358&apos;, time: &apos;2018-11-14T08:17:03&apos;
System info: host: &apos;HP&apos;, ip: &apos;192.168.0.104&apos;, os.name: &apos;Windows 8.1&apos;, os.arch: &apos;amd64&apos;, os.version: &apos;6.3&apos;, java.version: &apos;1.8.0_261&apos;
Driver info: org.openqa.selenium.chrome.ChromeDriver
Capabilities {acceptInsecureCerts: false, browserName: chrome, browserVersion: 87.0.4280.66, chrome: {chromedriverVersion: 86.0.4240.22 (398b0743353ff..., userDataDir: C:\Users\Umesh\AppData\Loca...}, goog:chromeOptions: {debuggerAddress: localhost:63588}, javascriptEnabled: true, networkConnectionEnabled: false, pageLoadStrategy: normal, platform: WINDOWS, platformName: WINDOWS, proxy: Proxy(), setWindowRect: true, strictFileInteractability: false, timeouts: {implicit: 0, pageLoad: 300000, script: 30000}, unhandledPromptBehavior: dismiss and notify, webauthn:virtualAuthenticators: true}
Session ID: 472013362f76552acdca6653f6d09afc
*** Element info: {Using=xpath, value=//*[contains(text(),&apos;Sorry, There were no flights found for this route and date combination.&apos;)]}
	at sun.reflect.NativeConstructorAccessorImpl.newInstance0(Native Method)
	at sun.reflect.NativeConstructorAccessorImpl.newInstance(Unknown Source)
	at sun.reflect.DelegatingConstructorAccessorImpl.newInstance(Unknown Source)
	at java.lang.reflect.Constructor.newInstance(Unknown Source)
	at org.openqa.selenium.remote.http.W3CHttpResponseCodec.createException(W3CHttpResponseCodec.java:187)
	at org.openqa.selenium.remote.http.W3CHttpResponseCodec.decode(W3CHttpResponseCodec.java:122)
	at org.openqa.selenium.remote.http.W3CHttpResponseCodec.decode(W3CHttpResponseCodec.java:49)
	at org.openqa.selenium.remote.HttpCommandExecutor.execute(HttpCommandExecutor.java:158)
	at org.openqa.selenium.remote.service.DriverCommandExecutor.execute(DriverCommandExecutor.java:83)
	at org.openqa.selenium.remote.RemoteWebDriver.execute(RemoteWebDriver.java:552)
	at org.openqa.selenium.remote.RemoteWebDriver.findElement(RemoteWebDriver.java:323)
	at org.openqa.selenium.remote.RemoteWebDriver.findElementByXPath(RemoteWebDriver.java:428)
	at org.openqa.selenium.By$ByXPath.findElement(By.java:353)
	at org.openqa.selenium.remote.RemoteWebDriver.findElement(RemoteWebDriver.java:315)
	at com.yatra.utils.ResultCompare.verifyResults(ResultCompare.java:37)
	at com.yatra.utils.UIOperation.perform(UIOperation.java:115)
	at com.booking.test.OneWayTripTest.OneWayTripSearchTest(OneWayTripTest.java:46)
	at sun.reflect.GeneratedMethodAccessor1.invoke(Unknown Source)
	at sun.reflect.DelegatingMethodAccessorImpl.invoke(Unknown Source)
	at java.lang.reflect.Method.invoke(Unknown Source)
	at org.testng.internal.MethodInvocationHelper.invokeMethod(MethodInvocationHelper.java:124)
	at org.testng.internal.Invoker.invokeMethod(Invoker.java:583)
	at org.testng.internal.Invoker.invokeTestMethod(Invoker.java:719)
	at org.testng.internal.Invoker.invokeTestMethods(Invoker.java:989)
	at org.testng.internal.TestMethodWorker.invokeTestMethods(TestMethodWorker.java:125)
	at org.testng.internal.TestMethodWorker.run(TestMethodWorker.java:109)
	at org.testng.TestRunner.privateRun(TestRunner.java:648)
	at org.testng.TestRunner.run(TestRunner.java:505)
	at org.testng.SuiteRunner.runTest(SuiteRunner.java:455)
	at org.testng.SuiteRunner.runSequentially(SuiteRunner.java:450)
	at org.testng.SuiteRunner.privateRun(SuiteRunner.java:415)
	at org.testng.SuiteRunner.run(SuiteRunner.java:364)
	at org.testng.SuiteRunnerWorker.runSuite(SuiteRunnerWorker.java:52)
	at org.testng.SuiteRunnerWorker.run(SuiteRunnerWorker.java:84)
	at org.testng.TestNG.runSuitesSequentially(TestNG.java:1208)
	at org.testng.TestNG.runSuitesLocally(TestNG.java:1137)
	at org.testng.TestNG.runSuites(TestNG.java:1049)
	at org.testng.TestNG.run(TestNG.java:1017)
	at org.testng.remote.AbstractRemoteTestNG.run(AbstractRemoteTestNG.java:132)
	at org.testng.remote.RemoteTestNG.initAndRun(RemoteTestNG.java:230)
	at org.testng.remote.RemoteTestNG.main(RemoteTestNG.java:76)
</pre></div></td>
<td>3</td>
<td>com.booking.test.OneWayTripTest@778d1062</td></tr>
<tr>
<td title='com.booking.test.OneWayTripTest.OneWayTripSearchTest()'><b>OneWayTripSearchTest</b><br>Test class: com.booking.test.OneWayTripTest<br>Parameters: , RESULTCOMPARE, applyFiltersButtonCheck, , xpath, </td>
<td><div><pre>java.lang.AssertionError: expected [false] but found [true]
	at com.yatra.utils.ResultCompare.verifyResults(ResultCompare.java:41)
	at com.yatra.utils.UIOperation.perform(UIOperation.java:115)
	at com.booking.test.OneWayTripTest.OneWayTripSearchTest(OneWayTripTest.java:46)
... Removed 28 stack frames</pre></div><a href='#' onClick='toggleBox("stack-trace271944754", this, "Click to show all stack frames", "Click to hide stack frames")'>Click to show all stack frames</a>
<div class='stack-trace' id='stack-trace271944754'><pre>java.lang.AssertionError: expected [false] but found [true]
	at org.testng.Assert.fail(Assert.java:96)
	at org.testng.Assert.failNotEquals(Assert.java:776)
	at org.testng.Assert.assertFalse(Assert.java:65)
	at org.testng.Assert.assertFalse(Assert.java:75)
	at com.yatra.utils.ResultCompare.verifyResults(ResultCompare.java:41)
	at com.yatra.utils.UIOperation.perform(UIOperation.java:115)
	at com.booking.test.OneWayTripTest.OneWayTripSearchTest(OneWayTripTest.java:46)
	at sun.reflect.GeneratedMethodAccessor1.invoke(Unknown Source)
	at sun.reflect.DelegatingMethodAccessorImpl.invoke(Unknown Source)
	at java.lang.reflect.Method.invoke(Unknown Source)
	at org.testng.internal.MethodInvocationHelper.invokeMethod(MethodInvocationHelper.java:124)
	at org.testng.internal.Invoker.invokeMethod(Invoker.java:583)
	at org.testng.internal.Invoker.invokeTestMethod(Invoker.java:719)
	at org.testng.internal.Invoker.invokeTestMethods(Invoker.java:989)
	at org.testng.internal.TestMethodWorker.invokeTestMethods(TestMethodWorker.java:125)
	at org.testng.internal.TestMethodWorker.run(TestMethodWorker.java:109)
	at org.testng.TestRunner.privateRun(TestRunner.java:648)
	at org.testng.TestRunner.run(TestRunner.java:505)
	at org.testng.SuiteRunner.runTest(SuiteRunner.java:455)
	at org.testng.SuiteRunner.runSequentially(SuiteRunner.java:450)
	at org.testng.SuiteRunner.privateRun(SuiteRunner.java:415)
	at org.testng.SuiteRunner.run(SuiteRunner.java:364)
	at org.testng.SuiteRunnerWorker.runSuite(SuiteRunnerWorker.java:52)
	at org.testng.SuiteRunnerWorker.run(SuiteRunnerWorker.java:84)
	at org.testng.TestNG.runSuitesSequentially(TestNG.java:1208)
	at org.testng.TestNG.runSuitesLocally(TestNG.java:1137)
	at org.testng.TestNG.runSuites(TestNG.java:1049)
	at org.testng.TestNG.run(TestNG.java:1017)
	at org.testng.remote.AbstractRemoteTestNG.run(AbstractRemoteTestNG.java:132)
	at org.testng.remote.RemoteTestNG.initAndRun(RemoteTestNG.java:230)
	at org.testng.remote.RemoteTestNG.main(RemoteTestNG.java:76)
</pre></div></td>
<td>0</td>
<td>com.booking.test.OneWayTripTest@778d1062</td></tr>
<tr>
<td title='com.booking.test.OneWayTripTest.OneWayTripSearchTest()'><b>OneWayTripSearchTest</b><br>Test class: com.booking.test.OneWayTripTest<br>Parameters: , CLICK, applyFiltersButton, , xpath, </td>
<td><div><pre>org.openqa.selenium.ElementClickInterceptedException: element click intercepted: Element &lt;input type=&quot;button&quot; class=&quot;bold fs-14 btn-submit cursor-pointer&quot; value=&quot;Apply Filters&quot;&gt; is not clickable at point (1144, 152). Other element would receive the click: &lt;p class=&quot;bold ph-content-last-booked&quot;&gt;...&lt;/p&gt;
  (Session info: chrome=87.0.4280.66)
Build info: version: &apos;3.141.59&apos;, revision: &apos;e82be7d358&apos;, time: &apos;2018-11-14T08:17:03&apos;
System info: host: &apos;HP&apos;, ip: &apos;192.168.0.104&apos;, os.name: &apos;Windows 8.1&apos;, os.arch: &apos;amd64&apos;, os.version: &apos;6.3&apos;, java.version: &apos;1.8.0_261&apos;
Driver info: org.openqa.selenium.chrome.ChromeDriver
Capabilities {acceptInsecureCerts: false, browserName: chrome, browserVersion: 87.0.4280.66, chrome: {chromedriverVersion: 86.0.4240.22 (398b0743353ff..., userDataDir: C:\Users\Umesh\AppData\Loca...}, goog:chromeOptions: {debuggerAddress: localhost:63826}, javascriptEnabled: true, networkConnectionEnabled: false, pageLoadStrategy: normal, platform: WINDOWS, platformName: WINDOWS, proxy: Proxy(), setWindowRect: true, strictFileInteractability: false, timeouts: {implicit: 0, pageLoad: 300000, script: 30000}, unhandledPromptBehavior: dismiss and notify, webauthn:virtualAuthenticators: true}
Session ID: 2f54b1764bbceef8a19e7196985a5df0
	at org.openqa.selenium.remote.http.W3CHttpResponseCodec.createException(W3CHttpResponseCodec.java:187)
	at org.openqa.selenium.remote.http.W3CHttpResponseCodec.decode(W3CHttpResponseCodec.java:122)
	at org.openqa.selenium.remote.http.W3CHttpResponseCodec.decode(W3CHttpResponseCodec.java:49)
	at org.openqa.selenium.remote.HttpCommandExecutor.execute(HttpCommandExecutor.java:158)
	at org.openqa.selenium.remote.service.DriverCommandExecutor.execute(DriverCommandExecutor.java:83)
	at org.openqa.selenium.remote.RemoteWebDriver.execute(RemoteWebDriver.java:552)
	at org.openqa.selenium.remote.RemoteWebElement.execute(RemoteWebElement.java:285)
	at org.openqa.selenium.remote.RemoteWebElement.click(RemoteWebElement.java:84)
	at com.yatra.utils.UIOperation.perform(UIOperation.java:39)
	at com.booking.test.OneWayTripTest.OneWayTripSearchTest(OneWayTripTest.java:46)
... Removed 28 stack frames</pre></div><a href='#' onClick='toggleBox("stack-trace765702264", this, "Click to show all stack frames", "Click to hide stack frames")'>Click to show all stack frames</a>
<div class='stack-trace' id='stack-trace765702264'><pre>org.openqa.selenium.ElementClickInterceptedException: element click intercepted: Element &lt;input type=&quot;button&quot; class=&quot;bold fs-14 btn-submit cursor-pointer&quot; value=&quot;Apply Filters&quot;&gt; is not clickable at point (1144, 152). Other element would receive the click: &lt;p class=&quot;bold ph-content-last-booked&quot;&gt;...&lt;/p&gt;
  (Session info: chrome=87.0.4280.66)
Build info: version: &apos;3.141.59&apos;, revision: &apos;e82be7d358&apos;, time: &apos;2018-11-14T08:17:03&apos;
System info: host: &apos;HP&apos;, ip: &apos;192.168.0.104&apos;, os.name: &apos;Windows 8.1&apos;, os.arch: &apos;amd64&apos;, os.version: &apos;6.3&apos;, java.version: &apos;1.8.0_261&apos;
Driver info: org.openqa.selenium.chrome.ChromeDriver
Capabilities {acceptInsecureCerts: false, browserName: chrome, browserVersion: 87.0.4280.66, chrome: {chromedriverVersion: 86.0.4240.22 (398b0743353ff..., userDataDir: C:\Users\Umesh\AppData\Loca...}, goog:chromeOptions: {debuggerAddress: localhost:63826}, javascriptEnabled: true, networkConnectionEnabled: false, pageLoadStrategy: normal, platform: WINDOWS, platformName: WINDOWS, proxy: Proxy(), setWindowRect: true, strictFileInteractability: false, timeouts: {implicit: 0, pageLoad: 300000, script: 30000}, unhandledPromptBehavior: dismiss and notify, webauthn:virtualAuthenticators: true}
Session ID: 2f54b1764bbceef8a19e7196985a5df0
	at sun.reflect.NativeConstructorAccessorImpl.newInstance0(Native Method)
	at sun.reflect.NativeConstructorAccessorImpl.newInstance(Unknown Source)
	at sun.reflect.DelegatingConstructorAccessorImpl.newInstance(Unknown Source)
	at java.lang.reflect.Constructor.newInstance(Unknown Source)
	at org.openqa.selenium.remote.http.W3CHttpResponseCodec.createException(W3CHttpResponseCodec.java:187)
	at org.openqa.selenium.remote.http.W3CHttpResponseCodec.decode(W3CHttpResponseCodec.java:122)
	at org.openqa.selenium.remote.http.W3CHttpResponseCodec.decode(W3CHttpResponseCodec.java:49)
	at org.openqa.selenium.remote.HttpCommandExecutor.execute(HttpCommandExecutor.java:158)
	at org.openqa.selenium.remote.service.DriverCommandExecutor.execute(DriverCommandExecutor.java:83)
	at org.openqa.selenium.remote.RemoteWebDriver.execute(RemoteWebDriver.java:552)
	at org.openqa.selenium.remote.RemoteWebElement.execute(RemoteWebElement.java:285)
	at org.openqa.selenium.remote.RemoteWebElement.click(RemoteWebElement.java:84)
	at com.yatra.utils.UIOperation.perform(UIOperation.java:39)
	at com.booking.test.OneWayTripTest.OneWayTripSearchTest(OneWayTripTest.java:46)
	at sun.reflect.GeneratedMethodAccessor1.invoke(Unknown Source)
	at sun.reflect.DelegatingMethodAccessorImpl.invoke(Unknown Source)
	at java.lang.reflect.Method.invoke(Unknown Source)
	at org.testng.internal.MethodInvocationHelper.invokeMethod(MethodInvocationHelper.java:124)
	at org.testng.internal.Invoker.invokeMethod(Invoker.java:583)
	at org.testng.internal.Invoker.invokeTestMethod(Invoker.java:719)
	at org.testng.internal.Invoker.invokeTestMethods(Invoker.java:989)
	at org.testng.internal.TestMethodWorker.invokeTestMethods(TestMethodWorker.java:125)
	at org.testng.internal.TestMethodWorker.run(TestMethodWorker.java:109)
	at org.testng.TestRunner.privateRun(TestRunner.java:648)
	at org.testng.TestRunner.run(TestRunner.java:505)
	at org.testng.SuiteRunner.runTest(SuiteRunner.java:455)
	at org.testng.SuiteRunner.runSequentially(SuiteRunner.java:450)
	at org.testng.SuiteRunner.privateRun(SuiteRunner.java:415)
	at org.testng.SuiteRunner.run(SuiteRunner.java:364)
	at org.testng.SuiteRunnerWorker.runSuite(SuiteRunnerWorker.java:52)
	at org.testng.SuiteRunnerWorker.run(SuiteRunnerWorker.java:84)
	at org.testng.TestNG.runSuitesSequentially(TestNG.java:1208)
	at org.testng.TestNG.runSuitesLocally(TestNG.java:1137)
	at org.testng.TestNG.runSuites(TestNG.java:1049)
	at org.testng.TestNG.run(TestNG.java:1017)
	at org.testng.remote.AbstractRemoteTestNG.run(AbstractRemoteTestNG.java:132)
	at org.testng.remote.RemoteTestNG.initAndRun(RemoteTestNG.java:230)
	at org.testng.remote.RemoteTestNG.main(RemoteTestNG.java:76)
</pre></div></td>
<td>3</td>
<td>com.booking.test.OneWayTripTest@778d1062</td></tr>
<tr>
<td title='com.booking.test.OneWayTripTest.OneWayTripSearchTest()'><b>OneWayTripSearchTest</b><br>Test class: com.booking.test.OneWayTripTest<br>Parameters: , CLICK, bookButton, , xpath, </td>
<td><div><pre>org.openqa.selenium.ElementClickInterceptedException: element click intercepted: Element &lt;button autom=&quot;booknow&quot; class=&quot;fs-14 secondary-button button cursor-pointer bold&quot;&gt;...&lt;/button&gt; is not clickable at point (901, 436). Other element would receive the click: &lt;div class=&quot;filter-type airlines list search-filter &quot;&gt;...&lt;/div&gt;
  (Session info: chrome=87.0.4280.66)
Build info: version: &apos;3.141.59&apos;, revision: &apos;e82be7d358&apos;, time: &apos;2018-11-14T08:17:03&apos;
System info: host: &apos;HP&apos;, ip: &apos;192.168.0.104&apos;, os.name: &apos;Windows 8.1&apos;, os.arch: &apos;amd64&apos;, os.version: &apos;6.3&apos;, java.version: &apos;1.8.0_261&apos;
Driver info: org.openqa.selenium.chrome.ChromeDriver
Capabilities {acceptInsecureCerts: false, browserName: chrome, browserVersion: 87.0.4280.66, chrome: {chromedriverVersion: 86.0.4240.22 (398b0743353ff..., userDataDir: C:\Users\Umesh\AppData\Loca...}, goog:chromeOptions: {debuggerAddress: localhost:63826}, javascriptEnabled: true, networkConnectionEnabled: false, pageLoadStrategy: normal, platform: WINDOWS, platformName: WINDOWS, proxy: Proxy(), setWindowRect: true, strictFileInteractability: false, timeouts: {implicit: 0, pageLoad: 300000, script: 30000}, unhandledPromptBehavior: dismiss and notify, webauthn:virtualAuthenticators: true}
Session ID: 2f54b1764bbceef8a19e7196985a5df0
	at org.openqa.selenium.remote.http.W3CHttpResponseCodec.createException(W3CHttpResponseCodec.java:187)
	at org.openqa.selenium.remote.http.W3CHttpResponseCodec.decode(W3CHttpResponseCodec.java:122)
	at org.openqa.selenium.remote.http.W3CHttpResponseCodec.decode(W3CHttpResponseCodec.java:49)
	at org.openqa.selenium.remote.HttpCommandExecutor.execute(HttpCommandExecutor.java:158)
	at org.openqa.selenium.remote.service.DriverCommandExecutor.execute(DriverCommandExecutor.java:83)
	at org.openqa.selenium.remote.RemoteWebDriver.execute(RemoteWebDriver.java:552)
	at org.openqa.selenium.remote.RemoteWebElement.execute(RemoteWebElement.java:285)
	at org.openqa.selenium.remote.RemoteWebElement.click(RemoteWebElement.java:84)
	at com.yatra.utils.UIOperation.perform(UIOperation.java:39)
	at com.booking.test.OneWayTripTest.OneWayTripSearchTest(OneWayTripTest.java:46)
... Removed 28 stack frames</pre></div><a href='#' onClick='toggleBox("stack-trace494951073", this, "Click to show all stack frames", "Click to hide stack frames")'>Click to show all stack frames</a>
<div class='stack-trace' id='stack-trace494951073'><pre>org.openqa.selenium.ElementClickInterceptedException: element click intercepted: Element &lt;button autom=&quot;booknow&quot; class=&quot;fs-14 secondary-button button cursor-pointer bold&quot;&gt;...&lt;/button&gt; is not clickable at point (901, 436). Other element would receive the click: &lt;div class=&quot;filter-type airlines list search-filter &quot;&gt;...&lt;/div&gt;
  (Session info: chrome=87.0.4280.66)
Build info: version: &apos;3.141.59&apos;, revision: &apos;e82be7d358&apos;, time: &apos;2018-11-14T08:17:03&apos;
System info: host: &apos;HP&apos;, ip: &apos;192.168.0.104&apos;, os.name: &apos;Windows 8.1&apos;, os.arch: &apos;amd64&apos;, os.version: &apos;6.3&apos;, java.version: &apos;1.8.0_261&apos;
Driver info: org.openqa.selenium.chrome.ChromeDriver
Capabilities {acceptInsecureCerts: false, browserName: chrome, browserVersion: 87.0.4280.66, chrome: {chromedriverVersion: 86.0.4240.22 (398b0743353ff..., userDataDir: C:\Users\Umesh\AppData\Loca...}, goog:chromeOptions: {debuggerAddress: localhost:63826}, javascriptEnabled: true, networkConnectionEnabled: false, pageLoadStrategy: normal, platform: WINDOWS, platformName: WINDOWS, proxy: Proxy(), setWindowRect: true, strictFileInteractability: false, timeouts: {implicit: 0, pageLoad: 300000, script: 30000}, unhandledPromptBehavior: dismiss and notify, webauthn:virtualAuthenticators: true}
Session ID: 2f54b1764bbceef8a19e7196985a5df0
	at sun.reflect.NativeConstructorAccessorImpl.newInstance0(Native Method)
	at sun.reflect.NativeConstructorAccessorImpl.newInstance(Unknown Source)
	at sun.reflect.DelegatingConstructorAccessorImpl.newInstance(Unknown Source)
	at java.lang.reflect.Constructor.newInstance(Unknown Source)
	at org.openqa.selenium.remote.http.W3CHttpResponseCodec.createException(W3CHttpResponseCodec.java:187)
	at org.openqa.selenium.remote.http.W3CHttpResponseCodec.decode(W3CHttpResponseCodec.java:122)
	at org.openqa.selenium.remote.http.W3CHttpResponseCodec.decode(W3CHttpResponseCodec.java:49)
	at org.openqa.selenium.remote.HttpCommandExecutor.execute(HttpCommandExecutor.java:158)
	at org.openqa.selenium.remote.service.DriverCommandExecutor.execute(DriverCommandExecutor.java:83)
	at org.openqa.selenium.remote.RemoteWebDriver.execute(RemoteWebDriver.java:552)
	at org.openqa.selenium.remote.RemoteWebElement.execute(RemoteWebElement.java:285)
	at org.openqa.selenium.remote.RemoteWebElement.click(RemoteWebElement.java:84)
	at com.yatra.utils.UIOperation.perform(UIOperation.java:39)
	at com.booking.test.OneWayTripTest.OneWayTripSearchTest(OneWayTripTest.java:46)
	at sun.reflect.GeneratedMethodAccessor1.invoke(Unknown Source)
	at sun.reflect.DelegatingMethodAccessorImpl.invoke(Unknown Source)
	at java.lang.reflect.Method.invoke(Unknown Source)
	at org.testng.internal.MethodInvocationHelper.invokeMethod(MethodInvocationHelper.java:124)
	at org.testng.internal.Invoker.invokeMethod(Invoker.java:583)
	at org.testng.internal.Invoker.invokeTestMethod(Invoker.java:719)
	at org.testng.internal.Invoker.invokeTestMethods(Invoker.java:989)
	at org.testng.internal.TestMethodWorker.invokeTestMethods(TestMethodWorker.java:125)
	at org.testng.internal.TestMethodWorker.run(TestMethodWorker.java:109)
	at org.testng.TestRunner.privateRun(TestRunner.java:648)
	at org.testng.TestRunner.run(TestRunner.java:505)
	at org.testng.SuiteRunner.runTest(SuiteRunner.java:455)
	at org.testng.SuiteRunner.runSequentially(SuiteRunner.java:450)
	at org.testng.SuiteRunner.privateRun(SuiteRunner.java:415)
	at org.testng.SuiteRunner.run(SuiteRunner.java:364)
	at org.testng.SuiteRunnerWorker.runSuite(SuiteRunnerWorker.java:52)
	at org.testng.SuiteRunnerWorker.run(SuiteRunnerWorker.java:84)
	at org.testng.TestNG.runSuitesSequentially(TestNG.java:1208)
	at org.testng.TestNG.runSuitesLocally(TestNG.java:1137)
	at org.testng.TestNG.runSuites(TestNG.java:1049)
	at org.testng.TestNG.run(TestNG.java:1017)
	at org.testng.remote.AbstractRemoteTestNG.run(AbstractRemoteTestNG.java:132)
	at org.testng.remote.RemoteTestNG.initAndRun(RemoteTestNG.java:230)
	at org.testng.remote.RemoteTestNG.main(RemoteTestNG.java:76)
</pre></div></td>
<td>1</td>
<td>com.booking.test.OneWayTripTest@778d1062</td></tr>
<tr>
<td title='com.booking.test.OneWayTripTest.OneWayTripSearchTest()'><b>OneWayTripSearchTest</b><br>Test class: com.booking.test.OneWayTripTest<br>Parameters: , SETTEXT, emailId, , xpath, rr22</td>
<td><div><pre>org.openqa.selenium.NoSuchElementException: no such element: Unable to locate element: {&quot;method&quot;:&quot;xpath&quot;,&quot;selector&quot;:&quot;//*[@id=&apos;additionalContactEmail&apos;]&quot;}
  (Session info: chrome=87.0.4280.66)
For documentation on this error, please visit: https://www.seleniumhq.org/exceptions/no_such_element.html
Build info: version: &apos;3.141.59&apos;, revision: &apos;e82be7d358&apos;, time: &apos;2018-11-14T08:17:03&apos;
System info: host: &apos;HP&apos;, ip: &apos;192.168.0.104&apos;, os.name: &apos;Windows 8.1&apos;, os.arch: &apos;amd64&apos;, os.version: &apos;6.3&apos;, java.version: &apos;1.8.0_261&apos;
Driver info: org.openqa.selenium.chrome.ChromeDriver
Capabilities {acceptInsecureCerts: false, browserName: chrome, browserVersion: 87.0.4280.66, chrome: {chromedriverVersion: 86.0.4240.22 (398b0743353ff..., userDataDir: C:\Users\Umesh\AppData\Loca...}, goog:chromeOptions: {debuggerAddress: localhost:63826}, javascriptEnabled: true, networkConnectionEnabled: false, pageLoadStrategy: normal, platform: WINDOWS, platformName: WINDOWS, proxy: Proxy(), setWindowRect: true, strictFileInteractability: false, timeouts: {implicit: 0, pageLoad: 300000, script: 30000}, unhandledPromptBehavior: dismiss and notify, webauthn:virtualAuthenticators: true}
Session ID: 2f54b1764bbceef8a19e7196985a5df0
*** Element info: {Using=xpath, value=//*[@id=&apos;additionalContactEmail&apos;]}
	at org.openqa.selenium.remote.http.W3CHttpResponseCodec.createException(W3CHttpResponseCodec.java:187)
	at org.openqa.selenium.remote.http.W3CHttpResponseCodec.decode(W3CHttpResponseCodec.java:122)
	at org.openqa.selenium.remote.http.W3CHttpResponseCodec.decode(W3CHttpResponseCodec.java:49)
	at org.openqa.selenium.remote.HttpCommandExecutor.execute(HttpCommandExecutor.java:158)
	at org.openqa.selenium.remote.service.DriverCommandExecutor.execute(DriverCommandExecutor.java:83)
	at org.openqa.selenium.remote.RemoteWebDriver.execute(RemoteWebDriver.java:552)
	at org.openqa.selenium.remote.RemoteWebDriver.findElement(RemoteWebDriver.java:323)
	at org.openqa.selenium.remote.RemoteWebDriver.findElementByXPath(RemoteWebDriver.java:428)
	at org.openqa.selenium.By$ByXPath.findElement(By.java:353)
	at org.openqa.selenium.remote.RemoteWebDriver.findElement(RemoteWebDriver.java:315)
	at com.yatra.utils.UIOperation.perform(UIOperation.java:44)
	at com.booking.test.OneWayTripTest.OneWayTripSearchTest(OneWayTripTest.java:46)
... Removed 28 stack frames</pre></div><a href='#' onClick='toggleBox("stack-trace117911771", this, "Click to show all stack frames", "Click to hide stack frames")'>Click to show all stack frames</a>
<div class='stack-trace' id='stack-trace117911771'><pre>org.openqa.selenium.NoSuchElementException: no such element: Unable to locate element: {&quot;method&quot;:&quot;xpath&quot;,&quot;selector&quot;:&quot;//*[@id=&apos;additionalContactEmail&apos;]&quot;}
  (Session info: chrome=87.0.4280.66)
For documentation on this error, please visit: https://www.seleniumhq.org/exceptions/no_such_element.html
Build info: version: &apos;3.141.59&apos;, revision: &apos;e82be7d358&apos;, time: &apos;2018-11-14T08:17:03&apos;
System info: host: &apos;HP&apos;, ip: &apos;192.168.0.104&apos;, os.name: &apos;Windows 8.1&apos;, os.arch: &apos;amd64&apos;, os.version: &apos;6.3&apos;, java.version: &apos;1.8.0_261&apos;
Driver info: org.openqa.selenium.chrome.ChromeDriver
Capabilities {acceptInsecureCerts: false, browserName: chrome, browserVersion: 87.0.4280.66, chrome: {chromedriverVersion: 86.0.4240.22 (398b0743353ff..., userDataDir: C:\Users\Umesh\AppData\Loca...}, goog:chromeOptions: {debuggerAddress: localhost:63826}, javascriptEnabled: true, networkConnectionEnabled: false, pageLoadStrategy: normal, platform: WINDOWS, platformName: WINDOWS, proxy: Proxy(), setWindowRect: true, strictFileInteractability: false, timeouts: {implicit: 0, pageLoad: 300000, script: 30000}, unhandledPromptBehavior: dismiss and notify, webauthn:virtualAuthenticators: true}
Session ID: 2f54b1764bbceef8a19e7196985a5df0
*** Element info: {Using=xpath, value=//*[@id=&apos;additionalContactEmail&apos;]}
	at sun.reflect.NativeConstructorAccessorImpl.newInstance0(Native Method)
	at sun.reflect.NativeConstructorAccessorImpl.newInstance(Unknown Source)
	at sun.reflect.DelegatingConstructorAccessorImpl.newInstance(Unknown Source)
	at java.lang.reflect.Constructor.newInstance(Unknown Source)
	at org.openqa.selenium.remote.http.W3CHttpResponseCodec.createException(W3CHttpResponseCodec.java:187)
	at org.openqa.selenium.remote.http.W3CHttpResponseCodec.decode(W3CHttpResponseCodec.java:122)
	at org.openqa.selenium.remote.http.W3CHttpResponseCodec.decode(W3CHttpResponseCodec.java:49)
	at org.openqa.selenium.remote.HttpCommandExecutor.execute(HttpCommandExecutor.java:158)
	at org.openqa.selenium.remote.service.DriverCommandExecutor.execute(DriverCommandExecutor.java:83)
	at org.openqa.selenium.remote.RemoteWebDriver.execute(RemoteWebDriver.java:552)
	at org.openqa.selenium.remote.RemoteWebDriver.findElement(RemoteWebDriver.java:323)
	at org.openqa.selenium.remote.RemoteWebDriver.findElementByXPath(RemoteWebDriver.java:428)
	at org.openqa.selenium.By$ByXPath.findElement(By.java:353)
	at org.openqa.selenium.remote.RemoteWebDriver.findElement(RemoteWebDriver.java:315)
	at com.yatra.utils.UIOperation.perform(UIOperation.java:44)
	at com.booking.test.OneWayTripTest.OneWayTripSearchTest(OneWayTripTest.java:46)
	at sun.reflect.GeneratedMethodAccessor1.invoke(Unknown Source)
	at sun.reflect.DelegatingMethodAccessorImpl.invoke(Unknown Source)
	at java.lang.reflect.Method.invoke(Unknown Source)
	at org.testng.internal.MethodInvocationHelper.invokeMethod(MethodInvocationHelper.java:124)
	at org.testng.internal.Invoker.invokeMethod(Invoker.java:583)
	at org.testng.internal.Invoker.invokeTestMethod(Invoker.java:719)
	at org.testng.internal.Invoker.invokeTestMethods(Invoker.java:989)
	at org.testng.internal.TestMethodWorker.invokeTestMethods(TestMethodWorker.java:125)
	at org.testng.internal.TestMethodWorker.run(TestMethodWorker.java:109)
	at org.testng.TestRunner.privateRun(TestRunner.java:648)
	at org.testng.TestRunner.run(TestRunner.java:505)
	at org.testng.SuiteRunner.runTest(SuiteRunner.java:455)
	at org.testng.SuiteRunner.runSequentially(SuiteRunner.java:450)
	at org.testng.SuiteRunner.privateRun(SuiteRunner.java:415)
	at org.testng.SuiteRunner.run(SuiteRunner.java:364)
	at org.testng.SuiteRunnerWorker.runSuite(SuiteRunnerWorker.java:52)
	at org.testng.SuiteRunnerWorker.run(SuiteRunnerWorker.java:84)
	at org.testng.TestNG.runSuitesSequentially(TestNG.java:1208)
	at org.testng.TestNG.runSuitesLocally(TestNG.java:1137)
	at org.testng.TestNG.runSuites(TestNG.java:1049)
	at org.testng.TestNG.run(TestNG.java:1017)
	at org.testng.remote.AbstractRemoteTestNG.run(AbstractRemoteTestNG.java:132)
	at org.testng.remote.RemoteTestNG.initAndRun(RemoteTestNG.java:230)
	at org.testng.remote.RemoteTestNG.main(RemoteTestNG.java:76)
</pre></div></td>
<td>0</td>
<td>com.booking.test.OneWayTripTest@778d1062</td></tr>
<tr>
<td title='com.booking.test.OneWayTripTest.OneWayTripSearchTest()'><b>OneWayTripSearchTest</b><br>Test class: com.booking.test.OneWayTripTest<br>Parameters: , SETTEXT, mobileNumber, , xpath, 998210</td>
<td><div><pre>org.openqa.selenium.NoSuchElementException: no such element: Unable to locate element: {&quot;method&quot;:&quot;xpath&quot;,&quot;selector&quot;:&quot;//*[@id=&apos;additionalContactMobile&apos;]&quot;}
  (Session info: chrome=87.0.4280.66)
For documentation on this error, please visit: https://www.seleniumhq.org/exceptions/no_such_element.html
Build info: version: &apos;3.141.59&apos;, revision: &apos;e82be7d358&apos;, time: &apos;2018-11-14T08:17:03&apos;
System info: host: &apos;HP&apos;, ip: &apos;192.168.0.104&apos;, os.name: &apos;Windows 8.1&apos;, os.arch: &apos;amd64&apos;, os.version: &apos;6.3&apos;, java.version: &apos;1.8.0_261&apos;
Driver info: org.openqa.selenium.chrome.ChromeDriver
Capabilities {acceptInsecureCerts: false, browserName: chrome, browserVersion: 87.0.4280.66, chrome: {chromedriverVersion: 86.0.4240.22 (398b0743353ff..., userDataDir: C:\Users\Umesh\AppData\Loca...}, goog:chromeOptions: {debuggerAddress: localhost:63826}, javascriptEnabled: true, networkConnectionEnabled: false, pageLoadStrategy: normal, platform: WINDOWS, platformName: WINDOWS, proxy: Proxy(), setWindowRect: true, strictFileInteractability: false, timeouts: {implicit: 0, pageLoad: 300000, script: 30000}, unhandledPromptBehavior: dismiss and notify, webauthn:virtualAuthenticators: true}
Session ID: 2f54b1764bbceef8a19e7196985a5df0
*** Element info: {Using=xpath, value=//*[@id=&apos;additionalContactMobile&apos;]}
	at org.openqa.selenium.remote.http.W3CHttpResponseCodec.createException(W3CHttpResponseCodec.java:187)
	at org.openqa.selenium.remote.http.W3CHttpResponseCodec.decode(W3CHttpResponseCodec.java:122)
	at org.openqa.selenium.remote.http.W3CHttpResponseCodec.decode(W3CHttpResponseCodec.java:49)
	at org.openqa.selenium.remote.HttpCommandExecutor.execute(HttpCommandExecutor.java:158)
	at org.openqa.selenium.remote.service.DriverCommandExecutor.execute(DriverCommandExecutor.java:83)
	at org.openqa.selenium.remote.RemoteWebDriver.execute(RemoteWebDriver.java:552)
	at org.openqa.selenium.remote.RemoteWebDriver.findElement(RemoteWebDriver.java:323)
	at org.openqa.selenium.remote.RemoteWebDriver.findElementByXPath(RemoteWebDriver.java:428)
	at org.openqa.selenium.By$ByXPath.findElement(By.java:353)
	at org.openqa.selenium.remote.RemoteWebDriver.findElement(RemoteWebDriver.java:315)
	at com.yatra.utils.UIOperation.perform(UIOperation.java:44)
	at com.booking.test.OneWayTripTest.OneWayTripSearchTest(OneWayTripTest.java:46)
... Removed 28 stack frames</pre></div><a href='#' onClick='toggleBox("stack-trace1728465884", this, "Click to show all stack frames", "Click to hide stack frames")'>Click to show all stack frames</a>
<div class='stack-trace' id='stack-trace1728465884'><pre>org.openqa.selenium.NoSuchElementException: no such element: Unable to locate element: {&quot;method&quot;:&quot;xpath&quot;,&quot;selector&quot;:&quot;//*[@id=&apos;additionalContactMobile&apos;]&quot;}
  (Session info: chrome=87.0.4280.66)
For documentation on this error, please visit: https://www.seleniumhq.org/exceptions/no_such_element.html
Build info: version: &apos;3.141.59&apos;, revision: &apos;e82be7d358&apos;, time: &apos;2018-11-14T08:17:03&apos;
System info: host: &apos;HP&apos;, ip: &apos;192.168.0.104&apos;, os.name: &apos;Windows 8.1&apos;, os.arch: &apos;amd64&apos;, os.version: &apos;6.3&apos;, java.version: &apos;1.8.0_261&apos;
Driver info: org.openqa.selenium.chrome.ChromeDriver
Capabilities {acceptInsecureCerts: false, browserName: chrome, browserVersion: 87.0.4280.66, chrome: {chromedriverVersion: 86.0.4240.22 (398b0743353ff..., userDataDir: C:\Users\Umesh\AppData\Loca...}, goog:chromeOptions: {debuggerAddress: localhost:63826}, javascriptEnabled: true, networkConnectionEnabled: false, pageLoadStrategy: normal, platform: WINDOWS, platformName: WINDOWS, proxy: Proxy(), setWindowRect: true, strictFileInteractability: false, timeouts: {implicit: 0, pageLoad: 300000, script: 30000}, unhandledPromptBehavior: dismiss and notify, webauthn:virtualAuthenticators: true}
Session ID: 2f54b1764bbceef8a19e7196985a5df0
*** Element info: {Using=xpath, value=//*[@id=&apos;additionalContactMobile&apos;]}
	at sun.reflect.NativeConstructorAccessorImpl.newInstance0(Native Method)
	at sun.reflect.NativeConstructorAccessorImpl.newInstance(Unknown Source)
	at sun.reflect.DelegatingConstructorAccessorImpl.newInstance(Unknown Source)
	at java.lang.reflect.Constructor.newInstance(Unknown Source)
	at org.openqa.selenium.remote.http.W3CHttpResponseCodec.createException(W3CHttpResponseCodec.java:187)
	at org.openqa.selenium.remote.http.W3CHttpResponseCodec.decode(W3CHttpResponseCodec.java:122)
	at org.openqa.selenium.remote.http.W3CHttpResponseCodec.decode(W3CHttpResponseCodec.java:49)
	at org.openqa.selenium.remote.HttpCommandExecutor.execute(HttpCommandExecutor.java:158)
	at org.openqa.selenium.remote.service.DriverCommandExecutor.execute(DriverCommandExecutor.java:83)
	at org.openqa.selenium.remote.RemoteWebDriver.execute(RemoteWebDriver.java:552)
	at org.openqa.selenium.remote.RemoteWebDriver.findElement(RemoteWebDriver.java:323)
	at org.openqa.selenium.remote.RemoteWebDriver.findElementByXPath(RemoteWebDriver.java:428)
	at org.openqa.selenium.By$ByXPath.findElement(By.java:353)
	at org.openqa.selenium.remote.RemoteWebDriver.findElement(RemoteWebDriver.java:315)
	at com.yatra.utils.UIOperation.perform(UIOperation.java:44)
	at com.booking.test.OneWayTripTest.OneWayTripSearchTest(OneWayTripTest.java:46)
	at sun.reflect.GeneratedMethodAccessor1.invoke(Unknown Source)
	at sun.reflect.DelegatingMethodAccessorImpl.invoke(Unknown Source)
	at java.lang.reflect.Method.invoke(Unknown Source)
	at org.testng.internal.MethodInvocationHelper.invokeMethod(MethodInvocationHelper.java:124)
	at org.testng.internal.Invoker.invokeMethod(Invoker.java:583)
	at org.testng.internal.Invoker.invokeTestMethod(Invoker.java:719)
	at org.testng.internal.Invoker.invokeTestMethods(Invoker.java:989)
	at org.testng.internal.TestMethodWorker.invokeTestMethods(TestMethodWorker.java:125)
	at org.testng.internal.TestMethodWorker.run(TestMethodWorker.java:109)
	at org.testng.TestRunner.privateRun(TestRunner.java:648)
	at org.testng.TestRunner.run(TestRunner.java:505)
	at org.testng.SuiteRunner.runTest(SuiteRunner.java:455)
	at org.testng.SuiteRunner.runSequentially(SuiteRunner.java:450)
	at org.testng.SuiteRunner.privateRun(SuiteRunner.java:415)
	at org.testng.SuiteRunner.run(SuiteRunner.java:364)
	at org.testng.SuiteRunnerWorker.runSuite(SuiteRunnerWorker.java:52)
	at org.testng.SuiteRunnerWorker.run(SuiteRunnerWorker.java:84)
	at org.testng.TestNG.runSuitesSequentially(TestNG.java:1208)
	at org.testng.TestNG.runSuitesLocally(TestNG.java:1137)
	at org.testng.TestNG.runSuites(TestNG.java:1049)
	at org.testng.TestNG.run(TestNG.java:1017)
	at org.testng.remote.AbstractRemoteTestNG.run(AbstractRemoteTestNG.java:132)
	at org.testng.remote.RemoteTestNG.initAndRun(RemoteTestNG.java:230)
	at org.testng.remote.RemoteTestNG.main(RemoteTestNG.java:76)
</pre></div></td>
<td>0</td>
<td>com.booking.test.OneWayTripTest@778d1062</td></tr>
<tr>
<td title='com.booking.test.OneWayTripTest.OneWayTripSearchTest()'><b>OneWayTripSearchTest</b><br>Test class: com.booking.test.OneWayTripTest<br>Parameters: , CLICK, titleMs, 0, xpath, </td>
<td><div><pre>org.openqa.selenium.NoSuchElementException: no such element: Unable to locate element: {&quot;method&quot;:&quot;xpath&quot;,&quot;selector&quot;:&quot;//*[@id=&apos;title0&apos;]/option[4]&quot;}
  (Session info: chrome=87.0.4280.66)
For documentation on this error, please visit: https://www.seleniumhq.org/exceptions/no_such_element.html
Build info: version: &apos;3.141.59&apos;, revision: &apos;e82be7d358&apos;, time: &apos;2018-11-14T08:17:03&apos;
System info: host: &apos;HP&apos;, ip: &apos;192.168.0.104&apos;, os.name: &apos;Windows 8.1&apos;, os.arch: &apos;amd64&apos;, os.version: &apos;6.3&apos;, java.version: &apos;1.8.0_261&apos;
Driver info: org.openqa.selenium.chrome.ChromeDriver
Capabilities {acceptInsecureCerts: false, browserName: chrome, browserVersion: 87.0.4280.66, chrome: {chromedriverVersion: 86.0.4240.22 (398b0743353ff..., userDataDir: C:\Users\Umesh\AppData\Loca...}, goog:chromeOptions: {debuggerAddress: localhost:63826}, javascriptEnabled: true, networkConnectionEnabled: false, pageLoadStrategy: normal, platform: WINDOWS, platformName: WINDOWS, proxy: Proxy(), setWindowRect: true, strictFileInteractability: false, timeouts: {implicit: 0, pageLoad: 300000, script: 30000}, unhandledPromptBehavior: dismiss and notify, webauthn:virtualAuthenticators: true}
Session ID: 2f54b1764bbceef8a19e7196985a5df0
*** Element info: {Using=xpath, value=//*[@id=&apos;title0&apos;]/option[4]}
	at org.openqa.selenium.remote.http.W3CHttpResponseCodec.createException(W3CHttpResponseCodec.java:187)
	at org.openqa.selenium.remote.http.W3CHttpResponseCodec.decode(W3CHttpResponseCodec.java:122)
	at org.openqa.selenium.remote.http.W3CHttpResponseCodec.decode(W3CHttpResponseCodec.java:49)
	at org.openqa.selenium.remote.HttpCommandExecutor.execute(HttpCommandExecutor.java:158)
	at org.openqa.selenium.remote.service.DriverCommandExecutor.execute(DriverCommandExecutor.java:83)
	at org.openqa.selenium.remote.RemoteWebDriver.execute(RemoteWebDriver.java:552)
	at org.openqa.selenium.remote.RemoteWebDriver.findElement(RemoteWebDriver.java:323)
	at org.openqa.selenium.remote.RemoteWebDriver.findElementByXPath(RemoteWebDriver.java:428)
	at org.openqa.selenium.By$ByXPath.findElement(By.java:353)
	at org.openqa.selenium.remote.RemoteWebDriver.findElement(RemoteWebDriver.java:315)
	at com.yatra.utils.UIOperation.perform(UIOperation.java:38)
	at com.booking.test.OneWayTripTest.OneWayTripSearchTest(OneWayTripTest.java:46)
... Removed 28 stack frames</pre></div><a href='#' onClick='toggleBox("stack-trace461001437", this, "Click to show all stack frames", "Click to hide stack frames")'>Click to show all stack frames</a>
<div class='stack-trace' id='stack-trace461001437'><pre>org.openqa.selenium.NoSuchElementException: no such element: Unable to locate element: {&quot;method&quot;:&quot;xpath&quot;,&quot;selector&quot;:&quot;//*[@id=&apos;title0&apos;]/option[4]&quot;}
  (Session info: chrome=87.0.4280.66)
For documentation on this error, please visit: https://www.seleniumhq.org/exceptions/no_such_element.html
Build info: version: &apos;3.141.59&apos;, revision: &apos;e82be7d358&apos;, time: &apos;2018-11-14T08:17:03&apos;
System info: host: &apos;HP&apos;, ip: &apos;192.168.0.104&apos;, os.name: &apos;Windows 8.1&apos;, os.arch: &apos;amd64&apos;, os.version: &apos;6.3&apos;, java.version: &apos;1.8.0_261&apos;
Driver info: org.openqa.selenium.chrome.ChromeDriver
Capabilities {acceptInsecureCerts: false, browserName: chrome, browserVersion: 87.0.4280.66, chrome: {chromedriverVersion: 86.0.4240.22 (398b0743353ff..., userDataDir: C:\Users\Umesh\AppData\Loca...}, goog:chromeOptions: {debuggerAddress: localhost:63826}, javascriptEnabled: true, networkConnectionEnabled: false, pageLoadStrategy: normal, platform: WINDOWS, platformName: WINDOWS, proxy: Proxy(), setWindowRect: true, strictFileInteractability: false, timeouts: {implicit: 0, pageLoad: 300000, script: 30000}, unhandledPromptBehavior: dismiss and notify, webauthn:virtualAuthenticators: true}
Session ID: 2f54b1764bbceef8a19e7196985a5df0
*** Element info: {Using=xpath, value=//*[@id=&apos;title0&apos;]/option[4]}
	at sun.reflect.NativeConstructorAccessorImpl.newInstance0(Native Method)
	at sun.reflect.NativeConstructorAccessorImpl.newInstance(Unknown Source)
	at sun.reflect.DelegatingConstructorAccessorImpl.newInstance(Unknown Source)
	at java.lang.reflect.Constructor.newInstance(Unknown Source)
	at org.openqa.selenium.remote.http.W3CHttpResponseCodec.createException(W3CHttpResponseCodec.java:187)
	at org.openqa.selenium.remote.http.W3CHttpResponseCodec.decode(W3CHttpResponseCodec.java:122)
	at org.openqa.selenium.remote.http.W3CHttpResponseCodec.decode(W3CHttpResponseCodec.java:49)
	at org.openqa.selenium.remote.HttpCommandExecutor.execute(HttpCommandExecutor.java:158)
	at org.openqa.selenium.remote.service.DriverCommandExecutor.execute(DriverCommandExecutor.java:83)
	at org.openqa.selenium.remote.RemoteWebDriver.execute(RemoteWebDriver.java:552)
	at org.openqa.selenium.remote.RemoteWebDriver.findElement(RemoteWebDriver.java:323)
	at org.openqa.selenium.remote.RemoteWebDriver.findElementByXPath(RemoteWebDriver.java:428)
	at org.openqa.selenium.By$ByXPath.findElement(By.java:353)
	at org.openqa.selenium.remote.RemoteWebDriver.findElement(RemoteWebDriver.java:315)
	at com.yatra.utils.UIOperation.perform(UIOperation.java:38)
	at com.booking.test.OneWayTripTest.OneWayTripSearchTest(OneWayTripTest.java:46)
	at sun.reflect.GeneratedMethodAccessor1.invoke(Unknown Source)
	at sun.reflect.DelegatingMethodAccessorImpl.invoke(Unknown Source)
	at java.lang.reflect.Method.invoke(Unknown Source)
	at org.testng.internal.MethodInvocationHelper.invokeMethod(MethodInvocationHelper.java:124)
	at org.testng.internal.Invoker.invokeMethod(Invoker.java:583)
	at org.testng.internal.Invoker.invokeTestMethod(Invoker.java:719)
	at org.testng.internal.Invoker.invokeTestMethods(Invoker.java:989)
	at org.testng.internal.TestMethodWorker.invokeTestMethods(TestMethodWorker.java:125)
	at org.testng.internal.TestMethodWorker.run(TestMethodWorker.java:109)
	at org.testng.TestRunner.privateRun(TestRunner.java:648)
	at org.testng.TestRunner.run(TestRunner.java:505)
	at org.testng.SuiteRunner.runTest(SuiteRunner.java:455)
	at org.testng.SuiteRunner.runSequentially(SuiteRunner.java:450)
	at org.testng.SuiteRunner.privateRun(SuiteRunner.java:415)
	at org.testng.SuiteRunner.run(SuiteRunner.java:364)
	at org.testng.SuiteRunnerWorker.runSuite(SuiteRunnerWorker.java:52)
	at org.testng.SuiteRunnerWorker.run(SuiteRunnerWorker.java:84)
	at org.testng.TestNG.runSuitesSequentially(TestNG.java:1208)
	at org.testng.TestNG.runSuitesLocally(TestNG.java:1137)
	at org.testng.TestNG.runSuites(TestNG.java:1049)
	at org.testng.TestNG.run(TestNG.java:1017)
	at org.testng.remote.AbstractRemoteTestNG.run(AbstractRemoteTestNG.java:132)
	at org.testng.remote.RemoteTestNG.initAndRun(RemoteTestNG.java:230)
	at org.testng.remote.RemoteTestNG.main(RemoteTestNG.java:76)
</pre></div></td>
<td>0</td>
<td>com.booking.test.OneWayTripTest@778d1062</td></tr>
<tr>
<td title='com.booking.test.OneWayTripTest.OneWayTripSearchTest()'><b>OneWayTripSearchTest</b><br>Test class: com.booking.test.OneWayTripTest<br>Parameters: , SETTEXT, firstName, 0, xpath, Richa</td>
<td><div><pre>org.openqa.selenium.NoSuchElementException: no such element: Unable to locate element: {&quot;method&quot;:&quot;xpath&quot;,&quot;selector&quot;:&quot;//*[@id=&apos;travellerf0&apos;]&quot;}
  (Session info: chrome=87.0.4280.66)
For documentation on this error, please visit: https://www.seleniumhq.org/exceptions/no_such_element.html
Build info: version: &apos;3.141.59&apos;, revision: &apos;e82be7d358&apos;, time: &apos;2018-11-14T08:17:03&apos;
System info: host: &apos;HP&apos;, ip: &apos;192.168.0.104&apos;, os.name: &apos;Windows 8.1&apos;, os.arch: &apos;amd64&apos;, os.version: &apos;6.3&apos;, java.version: &apos;1.8.0_261&apos;
Driver info: org.openqa.selenium.chrome.ChromeDriver
Capabilities {acceptInsecureCerts: false, browserName: chrome, browserVersion: 87.0.4280.66, chrome: {chromedriverVersion: 86.0.4240.22 (398b0743353ff..., userDataDir: C:\Users\Umesh\AppData\Loca...}, goog:chromeOptions: {debuggerAddress: localhost:63826}, javascriptEnabled: true, networkConnectionEnabled: false, pageLoadStrategy: normal, platform: WINDOWS, platformName: WINDOWS, proxy: Proxy(), setWindowRect: true, strictFileInteractability: false, timeouts: {implicit: 0, pageLoad: 300000, script: 30000}, unhandledPromptBehavior: dismiss and notify, webauthn:virtualAuthenticators: true}
Session ID: 2f54b1764bbceef8a19e7196985a5df0
*** Element info: {Using=xpath, value=//*[@id=&apos;travellerf0&apos;]}
	at org.openqa.selenium.remote.http.W3CHttpResponseCodec.createException(W3CHttpResponseCodec.java:187)
	at org.openqa.selenium.remote.http.W3CHttpResponseCodec.decode(W3CHttpResponseCodec.java:122)
	at org.openqa.selenium.remote.http.W3CHttpResponseCodec.decode(W3CHttpResponseCodec.java:49)
	at org.openqa.selenium.remote.HttpCommandExecutor.execute(HttpCommandExecutor.java:158)
	at org.openqa.selenium.remote.service.DriverCommandExecutor.execute(DriverCommandExecutor.java:83)
	at org.openqa.selenium.remote.RemoteWebDriver.execute(RemoteWebDriver.java:552)
	at org.openqa.selenium.remote.RemoteWebDriver.findElement(RemoteWebDriver.java:323)
	at org.openqa.selenium.remote.RemoteWebDriver.findElementByXPath(RemoteWebDriver.java:428)
	at org.openqa.selenium.By$ByXPath.findElement(By.java:353)
	at org.openqa.selenium.remote.RemoteWebDriver.findElement(RemoteWebDriver.java:315)
	at com.yatra.utils.UIOperation.perform(UIOperation.java:44)
	at com.booking.test.OneWayTripTest.OneWayTripSearchTest(OneWayTripTest.java:46)
... Removed 28 stack frames</pre></div><a href='#' onClick='toggleBox("stack-trace1074976188", this, "Click to show all stack frames", "Click to hide stack frames")'>Click to show all stack frames</a>
<div class='stack-trace' id='stack-trace1074976188'><pre>org.openqa.selenium.NoSuchElementException: no such element: Unable to locate element: {&quot;method&quot;:&quot;xpath&quot;,&quot;selector&quot;:&quot;//*[@id=&apos;travellerf0&apos;]&quot;}
  (Session info: chrome=87.0.4280.66)
For documentation on this error, please visit: https://www.seleniumhq.org/exceptions/no_such_element.html
Build info: version: &apos;3.141.59&apos;, revision: &apos;e82be7d358&apos;, time: &apos;2018-11-14T08:17:03&apos;
System info: host: &apos;HP&apos;, ip: &apos;192.168.0.104&apos;, os.name: &apos;Windows 8.1&apos;, os.arch: &apos;amd64&apos;, os.version: &apos;6.3&apos;, java.version: &apos;1.8.0_261&apos;
Driver info: org.openqa.selenium.chrome.ChromeDriver
Capabilities {acceptInsecureCerts: false, browserName: chrome, browserVersion: 87.0.4280.66, chrome: {chromedriverVersion: 86.0.4240.22 (398b0743353ff..., userDataDir: C:\Users\Umesh\AppData\Loca...}, goog:chromeOptions: {debuggerAddress: localhost:63826}, javascriptEnabled: true, networkConnectionEnabled: false, pageLoadStrategy: normal, platform: WINDOWS, platformName: WINDOWS, proxy: Proxy(), setWindowRect: true, strictFileInteractability: false, timeouts: {implicit: 0, pageLoad: 300000, script: 30000}, unhandledPromptBehavior: dismiss and notify, webauthn:virtualAuthenticators: true}
Session ID: 2f54b1764bbceef8a19e7196985a5df0
*** Element info: {Using=xpath, value=//*[@id=&apos;travellerf0&apos;]}
	at sun.reflect.NativeConstructorAccessorImpl.newInstance0(Native Method)
	at sun.reflect.NativeConstructorAccessorImpl.newInstance(Unknown Source)
	at sun.reflect.DelegatingConstructorAccessorImpl.newInstance(Unknown Source)
	at java.lang.reflect.Constructor.newInstance(Unknown Source)
	at org.openqa.selenium.remote.http.W3CHttpResponseCodec.createException(W3CHttpResponseCodec.java:187)
	at org.openqa.selenium.remote.http.W3CHttpResponseCodec.decode(W3CHttpResponseCodec.java:122)
	at org.openqa.selenium.remote.http.W3CHttpResponseCodec.decode(W3CHttpResponseCodec.java:49)
	at org.openqa.selenium.remote.HttpCommandExecutor.execute(HttpCommandExecutor.java:158)
	at org.openqa.selenium.remote.service.DriverCommandExecutor.execute(DriverCommandExecutor.java:83)
	at org.openqa.selenium.remote.RemoteWebDriver.execute(RemoteWebDriver.java:552)
	at org.openqa.selenium.remote.RemoteWebDriver.findElement(RemoteWebDriver.java:323)
	at org.openqa.selenium.remote.RemoteWebDriver.findElementByXPath(RemoteWebDriver.java:428)
	at org.openqa.selenium.By$ByXPath.findElement(By.java:353)
	at org.openqa.selenium.remote.RemoteWebDriver.findElement(RemoteWebDriver.java:315)
	at com.yatra.utils.UIOperation.perform(UIOperation.java:44)
	at com.booking.test.OneWayTripTest.OneWayTripSearchTest(OneWayTripTest.java:46)
	at sun.reflect.GeneratedMethodAccessor1.invoke(Unknown Source)
	at sun.reflect.DelegatingMethodAccessorImpl.invoke(Unknown Source)
	at java.lang.reflect.Method.invoke(Unknown Source)
	at org.testng.internal.MethodInvocationHelper.invokeMethod(MethodInvocationHelper.java:124)
	at org.testng.internal.Invoker.invokeMethod(Invoker.java:583)
	at org.testng.internal.Invoker.invokeTestMethod(Invoker.java:719)
	at org.testng.internal.Invoker.invokeTestMethods(Invoker.java:989)
	at org.testng.internal.TestMethodWorker.invokeTestMethods(TestMethodWorker.java:125)
	at org.testng.internal.TestMethodWorker.run(TestMethodWorker.java:109)
	at org.testng.TestRunner.privateRun(TestRunner.java:648)
	at org.testng.TestRunner.run(TestRunner.java:505)
	at org.testng.SuiteRunner.runTest(SuiteRunner.java:455)
	at org.testng.SuiteRunner.runSequentially(SuiteRunner.java:450)
	at org.testng.SuiteRunner.privateRun(SuiteRunner.java:415)
	at org.testng.SuiteRunner.run(SuiteRunner.java:364)
	at org.testng.SuiteRunnerWorker.runSuite(SuiteRunnerWorker.java:52)
	at org.testng.SuiteRunnerWorker.run(SuiteRunnerWorker.java:84)
	at org.testng.TestNG.runSuitesSequentially(TestNG.java:1208)
	at org.testng.TestNG.runSuitesLocally(TestNG.java:1137)
	at org.testng.TestNG.runSuites(TestNG.java:1049)
	at org.testng.TestNG.run(TestNG.java:1017)
	at org.testng.remote.AbstractRemoteTestNG.run(AbstractRemoteTestNG.java:132)
	at org.testng.remote.RemoteTestNG.initAndRun(RemoteTestNG.java:230)
	at org.testng.remote.RemoteTestNG.main(RemoteTestNG.java:76)
</pre></div></td>
<td>0</td>
<td>com.booking.test.OneWayTripTest@778d1062</td></tr>
<tr>
<td title='com.booking.test.OneWayTripTest.OneWayTripSearchTest()'><b>OneWayTripSearchTest</b><br>Test class: com.booking.test.OneWayTripTest<br>Parameters: , SETTEXT, lastName, 0, xpath, Rambhia</td>
<td><div><pre>org.openqa.selenium.NoSuchElementException: no such element: Unable to locate element: {&quot;method&quot;:&quot;xpath&quot;,&quot;selector&quot;:&quot;//*[@id=&apos;travellerl0&apos;]&quot;}
  (Session info: chrome=87.0.4280.66)
For documentation on this error, please visit: https://www.seleniumhq.org/exceptions/no_such_element.html
Build info: version: &apos;3.141.59&apos;, revision: &apos;e82be7d358&apos;, time: &apos;2018-11-14T08:17:03&apos;
System info: host: &apos;HP&apos;, ip: &apos;192.168.0.104&apos;, os.name: &apos;Windows 8.1&apos;, os.arch: &apos;amd64&apos;, os.version: &apos;6.3&apos;, java.version: &apos;1.8.0_261&apos;
Driver info: org.openqa.selenium.chrome.ChromeDriver
Capabilities {acceptInsecureCerts: false, browserName: chrome, browserVersion: 87.0.4280.66, chrome: {chromedriverVersion: 86.0.4240.22 (398b0743353ff..., userDataDir: C:\Users\Umesh\AppData\Loca...}, goog:chromeOptions: {debuggerAddress: localhost:63826}, javascriptEnabled: true, networkConnectionEnabled: false, pageLoadStrategy: normal, platform: WINDOWS, platformName: WINDOWS, proxy: Proxy(), setWindowRect: true, strictFileInteractability: false, timeouts: {implicit: 0, pageLoad: 300000, script: 30000}, unhandledPromptBehavior: dismiss and notify, webauthn:virtualAuthenticators: true}
Session ID: 2f54b1764bbceef8a19e7196985a5df0
*** Element info: {Using=xpath, value=//*[@id=&apos;travellerl0&apos;]}
	at org.openqa.selenium.remote.http.W3CHttpResponseCodec.createException(W3CHttpResponseCodec.java:187)
	at org.openqa.selenium.remote.http.W3CHttpResponseCodec.decode(W3CHttpResponseCodec.java:122)
	at org.openqa.selenium.remote.http.W3CHttpResponseCodec.decode(W3CHttpResponseCodec.java:49)
	at org.openqa.selenium.remote.HttpCommandExecutor.execute(HttpCommandExecutor.java:158)
	at org.openqa.selenium.remote.service.DriverCommandExecutor.execute(DriverCommandExecutor.java:83)
	at org.openqa.selenium.remote.RemoteWebDriver.execute(RemoteWebDriver.java:552)
	at org.openqa.selenium.remote.RemoteWebDriver.findElement(RemoteWebDriver.java:323)
	at org.openqa.selenium.remote.RemoteWebDriver.findElementByXPath(RemoteWebDriver.java:428)
	at org.openqa.selenium.By$ByXPath.findElement(By.java:353)
	at org.openqa.selenium.remote.RemoteWebDriver.findElement(RemoteWebDriver.java:315)
	at com.yatra.utils.UIOperation.perform(UIOperation.java:44)
	at com.booking.test.OneWayTripTest.OneWayTripSearchTest(OneWayTripTest.java:46)
... Removed 28 stack frames</pre></div><a href='#' onClick='toggleBox("stack-trace1252138909", this, "Click to show all stack frames", "Click to hide stack frames")'>Click to show all stack frames</a>
<div class='stack-trace' id='stack-trace1252138909'><pre>org.openqa.selenium.NoSuchElementException: no such element: Unable to locate element: {&quot;method&quot;:&quot;xpath&quot;,&quot;selector&quot;:&quot;//*[@id=&apos;travellerl0&apos;]&quot;}
  (Session info: chrome=87.0.4280.66)
For documentation on this error, please visit: https://www.seleniumhq.org/exceptions/no_such_element.html
Build info: version: &apos;3.141.59&apos;, revision: &apos;e82be7d358&apos;, time: &apos;2018-11-14T08:17:03&apos;
System info: host: &apos;HP&apos;, ip: &apos;192.168.0.104&apos;, os.name: &apos;Windows 8.1&apos;, os.arch: &apos;amd64&apos;, os.version: &apos;6.3&apos;, java.version: &apos;1.8.0_261&apos;
Driver info: org.openqa.selenium.chrome.ChromeDriver
Capabilities {acceptInsecureCerts: false, browserName: chrome, browserVersion: 87.0.4280.66, chrome: {chromedriverVersion: 86.0.4240.22 (398b0743353ff..., userDataDir: C:\Users\Umesh\AppData\Loca...}, goog:chromeOptions: {debuggerAddress: localhost:63826}, javascriptEnabled: true, networkConnectionEnabled: false, pageLoadStrategy: normal, platform: WINDOWS, platformName: WINDOWS, proxy: Proxy(), setWindowRect: true, strictFileInteractability: false, timeouts: {implicit: 0, pageLoad: 300000, script: 30000}, unhandledPromptBehavior: dismiss and notify, webauthn:virtualAuthenticators: true}
Session ID: 2f54b1764bbceef8a19e7196985a5df0
*** Element info: {Using=xpath, value=//*[@id=&apos;travellerl0&apos;]}
	at sun.reflect.NativeConstructorAccessorImpl.newInstance0(Native Method)
	at sun.reflect.NativeConstructorAccessorImpl.newInstance(Unknown Source)
	at sun.reflect.DelegatingConstructorAccessorImpl.newInstance(Unknown Source)
	at java.lang.reflect.Constructor.newInstance(Unknown Source)
	at org.openqa.selenium.remote.http.W3CHttpResponseCodec.createException(W3CHttpResponseCodec.java:187)
	at org.openqa.selenium.remote.http.W3CHttpResponseCodec.decode(W3CHttpResponseCodec.java:122)
	at org.openqa.selenium.remote.http.W3CHttpResponseCodec.decode(W3CHttpResponseCodec.java:49)
	at org.openqa.selenium.remote.HttpCommandExecutor.execute(HttpCommandExecutor.java:158)
	at org.openqa.selenium.remote.service.DriverCommandExecutor.execute(DriverCommandExecutor.java:83)
	at org.openqa.selenium.remote.RemoteWebDriver.execute(RemoteWebDriver.java:552)
	at org.openqa.selenium.remote.RemoteWebDriver.findElement(RemoteWebDriver.java:323)
	at org.openqa.selenium.remote.RemoteWebDriver.findElementByXPath(RemoteWebDriver.java:428)
	at org.openqa.selenium.By$ByXPath.findElement(By.java:353)
	at org.openqa.selenium.remote.RemoteWebDriver.findElement(RemoteWebDriver.java:315)
	at com.yatra.utils.UIOperation.perform(UIOperation.java:44)
	at com.booking.test.OneWayTripTest.OneWayTripSearchTest(OneWayTripTest.java:46)
	at sun.reflect.GeneratedMethodAccessor1.invoke(Unknown Source)
	at sun.reflect.DelegatingMethodAccessorImpl.invoke(Unknown Source)
	at java.lang.reflect.Method.invoke(Unknown Source)
	at org.testng.internal.MethodInvocationHelper.invokeMethod(MethodInvocationHelper.java:124)
	at org.testng.internal.Invoker.invokeMethod(Invoker.java:583)
	at org.testng.internal.Invoker.invokeTestMethod(Invoker.java:719)
	at org.testng.internal.Invoker.invokeTestMethods(Invoker.java:989)
	at org.testng.internal.TestMethodWorker.invokeTestMethods(TestMethodWorker.java:125)
	at org.testng.internal.TestMethodWorker.run(TestMethodWorker.java:109)
	at org.testng.TestRunner.privateRun(TestRunner.java:648)
	at org.testng.TestRunner.run(TestRunner.java:505)
	at org.testng.SuiteRunner.runTest(SuiteRunner.java:455)
	at org.testng.SuiteRunner.runSequentially(SuiteRunner.java:450)
	at org.testng.SuiteRunner.privateRun(SuiteRunner.java:415)
	at org.testng.SuiteRunner.run(SuiteRunner.java:364)
	at org.testng.SuiteRunnerWorker.runSuite(SuiteRunnerWorker.java:52)
	at org.testng.SuiteRunnerWorker.run(SuiteRunnerWorker.java:84)
	at org.testng.TestNG.runSuitesSequentially(TestNG.java:1208)
	at org.testng.TestNG.runSuitesLocally(TestNG.java:1137)
	at org.testng.TestNG.runSuites(TestNG.java:1049)
	at org.testng.TestNG.run(TestNG.java:1017)
	at org.testng.remote.AbstractRemoteTestNG.run(AbstractRemoteTestNG.java:132)
	at org.testng.remote.RemoteTestNG.initAndRun(RemoteTestNG.java:230)
	at org.testng.remote.RemoteTestNG.main(RemoteTestNG.java:76)
</pre></div></td>
<td>0</td>
<td>com.booking.test.OneWayTripTest@778d1062</td></tr>
<tr>
<td title='com.booking.test.OneWayTripTest.OneWayTripSearchTest()'><b>OneWayTripSearchTest</b><br>Test class: com.booking.test.OneWayTripTest<br>Parameters: , CLICK, titleMr, 1, xpath, </td>
<td><div><pre>org.openqa.selenium.NoSuchElementException: no such element: Unable to locate element: {&quot;method&quot;:&quot;xpath&quot;,&quot;selector&quot;:&quot;//*[@id=&apos;title1&apos;]/option[2]&quot;}
  (Session info: chrome=87.0.4280.66)
For documentation on this error, please visit: https://www.seleniumhq.org/exceptions/no_such_element.html
Build info: version: &apos;3.141.59&apos;, revision: &apos;e82be7d358&apos;, time: &apos;2018-11-14T08:17:03&apos;
System info: host: &apos;HP&apos;, ip: &apos;192.168.0.104&apos;, os.name: &apos;Windows 8.1&apos;, os.arch: &apos;amd64&apos;, os.version: &apos;6.3&apos;, java.version: &apos;1.8.0_261&apos;
Driver info: org.openqa.selenium.chrome.ChromeDriver
Capabilities {acceptInsecureCerts: false, browserName: chrome, browserVersion: 87.0.4280.66, chrome: {chromedriverVersion: 86.0.4240.22 (398b0743353ff..., userDataDir: C:\Users\Umesh\AppData\Loca...}, goog:chromeOptions: {debuggerAddress: localhost:63826}, javascriptEnabled: true, networkConnectionEnabled: false, pageLoadStrategy: normal, platform: WINDOWS, platformName: WINDOWS, proxy: Proxy(), setWindowRect: true, strictFileInteractability: false, timeouts: {implicit: 0, pageLoad: 300000, script: 30000}, unhandledPromptBehavior: dismiss and notify, webauthn:virtualAuthenticators: true}
Session ID: 2f54b1764bbceef8a19e7196985a5df0
*** Element info: {Using=xpath, value=//*[@id=&apos;title1&apos;]/option[2]}
	at org.openqa.selenium.remote.http.W3CHttpResponseCodec.createException(W3CHttpResponseCodec.java:187)
	at org.openqa.selenium.remote.http.W3CHttpResponseCodec.decode(W3CHttpResponseCodec.java:122)
	at org.openqa.selenium.remote.http.W3CHttpResponseCodec.decode(W3CHttpResponseCodec.java:49)
	at org.openqa.selenium.remote.HttpCommandExecutor.execute(HttpCommandExecutor.java:158)
	at org.openqa.selenium.remote.service.DriverCommandExecutor.execute(DriverCommandExecutor.java:83)
	at org.openqa.selenium.remote.RemoteWebDriver.execute(RemoteWebDriver.java:552)
	at org.openqa.selenium.remote.RemoteWebDriver.findElement(RemoteWebDriver.java:323)
	at org.openqa.selenium.remote.RemoteWebDriver.findElementByXPath(RemoteWebDriver.java:428)
	at org.openqa.selenium.By$ByXPath.findElement(By.java:353)
	at org.openqa.selenium.remote.RemoteWebDriver.findElement(RemoteWebDriver.java:315)
	at com.yatra.utils.UIOperation.perform(UIOperation.java:38)
	at com.booking.test.OneWayTripTest.OneWayTripSearchTest(OneWayTripTest.java:46)
... Removed 28 stack frames</pre></div><a href='#' onClick='toggleBox("stack-trace173070089", this, "Click to show all stack frames", "Click to hide stack frames")'>Click to show all stack frames</a>
<div class='stack-trace' id='stack-trace173070089'><pre>org.openqa.selenium.NoSuchElementException: no such element: Unable to locate element: {&quot;method&quot;:&quot;xpath&quot;,&quot;selector&quot;:&quot;//*[@id=&apos;title1&apos;]/option[2]&quot;}
  (Session info: chrome=87.0.4280.66)
For documentation on this error, please visit: https://www.seleniumhq.org/exceptions/no_such_element.html
Build info: version: &apos;3.141.59&apos;, revision: &apos;e82be7d358&apos;, time: &apos;2018-11-14T08:17:03&apos;
System info: host: &apos;HP&apos;, ip: &apos;192.168.0.104&apos;, os.name: &apos;Windows 8.1&apos;, os.arch: &apos;amd64&apos;, os.version: &apos;6.3&apos;, java.version: &apos;1.8.0_261&apos;
Driver info: org.openqa.selenium.chrome.ChromeDriver
Capabilities {acceptInsecureCerts: false, browserName: chrome, browserVersion: 87.0.4280.66, chrome: {chromedriverVersion: 86.0.4240.22 (398b0743353ff..., userDataDir: C:\Users\Umesh\AppData\Loca...}, goog:chromeOptions: {debuggerAddress: localhost:63826}, javascriptEnabled: true, networkConnectionEnabled: false, pageLoadStrategy: normal, platform: WINDOWS, platformName: WINDOWS, proxy: Proxy(), setWindowRect: true, strictFileInteractability: false, timeouts: {implicit: 0, pageLoad: 300000, script: 30000}, unhandledPromptBehavior: dismiss and notify, webauthn:virtualAuthenticators: true}
Session ID: 2f54b1764bbceef8a19e7196985a5df0
*** Element info: {Using=xpath, value=//*[@id=&apos;title1&apos;]/option[2]}
	at sun.reflect.NativeConstructorAccessorImpl.newInstance0(Native Method)
	at sun.reflect.NativeConstructorAccessorImpl.newInstance(Unknown Source)
	at sun.reflect.DelegatingConstructorAccessorImpl.newInstance(Unknown Source)
	at java.lang.reflect.Constructor.newInstance(Unknown Source)
	at org.openqa.selenium.remote.http.W3CHttpResponseCodec.createException(W3CHttpResponseCodec.java:187)
	at org.openqa.selenium.remote.http.W3CHttpResponseCodec.decode(W3CHttpResponseCodec.java:122)
	at org.openqa.selenium.remote.http.W3CHttpResponseCodec.decode(W3CHttpResponseCodec.java:49)
	at org.openqa.selenium.remote.HttpCommandExecutor.execute(HttpCommandExecutor.java:158)
	at org.openqa.selenium.remote.service.DriverCommandExecutor.execute(DriverCommandExecutor.java:83)
	at org.openqa.selenium.remote.RemoteWebDriver.execute(RemoteWebDriver.java:552)
	at org.openqa.selenium.remote.RemoteWebDriver.findElement(RemoteWebDriver.java:323)
	at org.openqa.selenium.remote.RemoteWebDriver.findElementByXPath(RemoteWebDriver.java:428)
	at org.openqa.selenium.By$ByXPath.findElement(By.java:353)
	at org.openqa.selenium.remote.RemoteWebDriver.findElement(RemoteWebDriver.java:315)
	at com.yatra.utils.UIOperation.perform(UIOperation.java:38)
	at com.booking.test.OneWayTripTest.OneWayTripSearchTest(OneWayTripTest.java:46)
	at sun.reflect.GeneratedMethodAccessor1.invoke(Unknown Source)
	at sun.reflect.DelegatingMethodAccessorImpl.invoke(Unknown Source)
	at java.lang.reflect.Method.invoke(Unknown Source)
	at org.testng.internal.MethodInvocationHelper.invokeMethod(MethodInvocationHelper.java:124)
	at org.testng.internal.Invoker.invokeMethod(Invoker.java:583)
	at org.testng.internal.Invoker.invokeTestMethod(Invoker.java:719)
	at org.testng.internal.Invoker.invokeTestMethods(Invoker.java:989)
	at org.testng.internal.TestMethodWorker.invokeTestMethods(TestMethodWorker.java:125)
	at org.testng.internal.TestMethodWorker.run(TestMethodWorker.java:109)
	at org.testng.TestRunner.privateRun(TestRunner.java:648)
	at org.testng.TestRunner.run(TestRunner.java:505)
	at org.testng.SuiteRunner.runTest(SuiteRunner.java:455)
	at org.testng.SuiteRunner.runSequentially(SuiteRunner.java:450)
	at org.testng.SuiteRunner.privateRun(SuiteRunner.java:415)
	at org.testng.SuiteRunner.run(SuiteRunner.java:364)
	at org.testng.SuiteRunnerWorker.runSuite(SuiteRunnerWorker.java:52)
	at org.testng.SuiteRunnerWorker.run(SuiteRunnerWorker.java:84)
	at org.testng.TestNG.runSuitesSequentially(TestNG.java:1208)
	at org.testng.TestNG.runSuitesLocally(TestNG.java:1137)
	at org.testng.TestNG.runSuites(TestNG.java:1049)
	at org.testng.TestNG.run(TestNG.java:1017)
	at org.testng.remote.AbstractRemoteTestNG.run(AbstractRemoteTestNG.java:132)
	at org.testng.remote.RemoteTestNG.initAndRun(RemoteTestNG.java:230)
	at org.testng.remote.RemoteTestNG.main(RemoteTestNG.java:76)
</pre></div></td>
<td>0</td>
<td>com.booking.test.OneWayTripTest@778d1062</td></tr>
<tr>
<td title='com.booking.test.OneWayTripTest.OneWayTripSearchTest()'><b>OneWayTripSearchTest</b><br>Test class: com.booking.test.OneWayTripTest<br>Parameters: , SETTEXT, firstName, 1, xpath, Smit </td>
<td><div><pre>org.openqa.selenium.NoSuchElementException: no such element: Unable to locate element: {&quot;method&quot;:&quot;xpath&quot;,&quot;selector&quot;:&quot;//*[@id=&apos;travellerf1&apos;]&quot;}
  (Session info: chrome=87.0.4280.66)
For documentation on this error, please visit: https://www.seleniumhq.org/exceptions/no_such_element.html
Build info: version: &apos;3.141.59&apos;, revision: &apos;e82be7d358&apos;, time: &apos;2018-11-14T08:17:03&apos;
System info: host: &apos;HP&apos;, ip: &apos;192.168.0.104&apos;, os.name: &apos;Windows 8.1&apos;, os.arch: &apos;amd64&apos;, os.version: &apos;6.3&apos;, java.version: &apos;1.8.0_261&apos;
Driver info: org.openqa.selenium.chrome.ChromeDriver
Capabilities {acceptInsecureCerts: false, browserName: chrome, browserVersion: 87.0.4280.66, chrome: {chromedriverVersion: 86.0.4240.22 (398b0743353ff..., userDataDir: C:\Users\Umesh\AppData\Loca...}, goog:chromeOptions: {debuggerAddress: localhost:63826}, javascriptEnabled: true, networkConnectionEnabled: false, pageLoadStrategy: normal, platform: WINDOWS, platformName: WINDOWS, proxy: Proxy(), setWindowRect: true, strictFileInteractability: false, timeouts: {implicit: 0, pageLoad: 300000, script: 30000}, unhandledPromptBehavior: dismiss and notify, webauthn:virtualAuthenticators: true}
Session ID: 2f54b1764bbceef8a19e7196985a5df0
*** Element info: {Using=xpath, value=//*[@id=&apos;travellerf1&apos;]}
	at org.openqa.selenium.remote.http.W3CHttpResponseCodec.createException(W3CHttpResponseCodec.java:187)
	at org.openqa.selenium.remote.http.W3CHttpResponseCodec.decode(W3CHttpResponseCodec.java:122)
	at org.openqa.selenium.remote.http.W3CHttpResponseCodec.decode(W3CHttpResponseCodec.java:49)
	at org.openqa.selenium.remote.HttpCommandExecutor.execute(HttpCommandExecutor.java:158)
	at org.openqa.selenium.remote.service.DriverCommandExecutor.execute(DriverCommandExecutor.java:83)
	at org.openqa.selenium.remote.RemoteWebDriver.execute(RemoteWebDriver.java:552)
	at org.openqa.selenium.remote.RemoteWebDriver.findElement(RemoteWebDriver.java:323)
	at org.openqa.selenium.remote.RemoteWebDriver.findElementByXPath(RemoteWebDriver.java:428)
	at org.openqa.selenium.By$ByXPath.findElement(By.java:353)
	at org.openqa.selenium.remote.RemoteWebDriver.findElement(RemoteWebDriver.java:315)
	at com.yatra.utils.UIOperation.perform(UIOperation.java:44)
	at com.booking.test.OneWayTripTest.OneWayTripSearchTest(OneWayTripTest.java:46)
... Removed 28 stack frames</pre></div><a href='#' onClick='toggleBox("stack-trace14838518", this, "Click to show all stack frames", "Click to hide stack frames")'>Click to show all stack frames</a>
<div class='stack-trace' id='stack-trace14838518'><pre>org.openqa.selenium.NoSuchElementException: no such element: Unable to locate element: {&quot;method&quot;:&quot;xpath&quot;,&quot;selector&quot;:&quot;//*[@id=&apos;travellerf1&apos;]&quot;}
  (Session info: chrome=87.0.4280.66)
For documentation on this error, please visit: https://www.seleniumhq.org/exceptions/no_such_element.html
Build info: version: &apos;3.141.59&apos;, revision: &apos;e82be7d358&apos;, time: &apos;2018-11-14T08:17:03&apos;
System info: host: &apos;HP&apos;, ip: &apos;192.168.0.104&apos;, os.name: &apos;Windows 8.1&apos;, os.arch: &apos;amd64&apos;, os.version: &apos;6.3&apos;, java.version: &apos;1.8.0_261&apos;
Driver info: org.openqa.selenium.chrome.ChromeDriver
Capabilities {acceptInsecureCerts: false, browserName: chrome, browserVersion: 87.0.4280.66, chrome: {chromedriverVersion: 86.0.4240.22 (398b0743353ff..., userDataDir: C:\Users\Umesh\AppData\Loca...}, goog:chromeOptions: {debuggerAddress: localhost:63826}, javascriptEnabled: true, networkConnectionEnabled: false, pageLoadStrategy: normal, platform: WINDOWS, platformName: WINDOWS, proxy: Proxy(), setWindowRect: true, strictFileInteractability: false, timeouts: {implicit: 0, pageLoad: 300000, script: 30000}, unhandledPromptBehavior: dismiss and notify, webauthn:virtualAuthenticators: true}
Session ID: 2f54b1764bbceef8a19e7196985a5df0
*** Element info: {Using=xpath, value=//*[@id=&apos;travellerf1&apos;]}
	at sun.reflect.NativeConstructorAccessorImpl.newInstance0(Native Method)
	at sun.reflect.NativeConstructorAccessorImpl.newInstance(Unknown Source)
	at sun.reflect.DelegatingConstructorAccessorImpl.newInstance(Unknown Source)
	at java.lang.reflect.Constructor.newInstance(Unknown Source)
	at org.openqa.selenium.remote.http.W3CHttpResponseCodec.createException(W3CHttpResponseCodec.java:187)
	at org.openqa.selenium.remote.http.W3CHttpResponseCodec.decode(W3CHttpResponseCodec.java:122)
	at org.openqa.selenium.remote.http.W3CHttpResponseCodec.decode(W3CHttpResponseCodec.java:49)
	at org.openqa.selenium.remote.HttpCommandExecutor.execute(HttpCommandExecutor.java:158)
	at org.openqa.selenium.remote.service.DriverCommandExecutor.execute(DriverCommandExecutor.java:83)
	at org.openqa.selenium.remote.RemoteWebDriver.execute(RemoteWebDriver.java:552)
	at org.openqa.selenium.remote.RemoteWebDriver.findElement(RemoteWebDriver.java:323)
	at org.openqa.selenium.remote.RemoteWebDriver.findElementByXPath(RemoteWebDriver.java:428)
	at org.openqa.selenium.By$ByXPath.findElement(By.java:353)
	at org.openqa.selenium.remote.RemoteWebDriver.findElement(RemoteWebDriver.java:315)
	at com.yatra.utils.UIOperation.perform(UIOperation.java:44)
	at com.booking.test.OneWayTripTest.OneWayTripSearchTest(OneWayTripTest.java:46)
	at sun.reflect.GeneratedMethodAccessor1.invoke(Unknown Source)
	at sun.reflect.DelegatingMethodAccessorImpl.invoke(Unknown Source)
	at java.lang.reflect.Method.invoke(Unknown Source)
	at org.testng.internal.MethodInvocationHelper.invokeMethod(MethodInvocationHelper.java:124)
	at org.testng.internal.Invoker.invokeMethod(Invoker.java:583)
	at org.testng.internal.Invoker.invokeTestMethod(Invoker.java:719)
	at org.testng.internal.Invoker.invokeTestMethods(Invoker.java:989)
	at org.testng.internal.TestMethodWorker.invokeTestMethods(TestMethodWorker.java:125)
	at org.testng.internal.TestMethodWorker.run(TestMethodWorker.java:109)
	at org.testng.TestRunner.privateRun(TestRunner.java:648)
	at org.testng.TestRunner.run(TestRunner.java:505)
	at org.testng.SuiteRunner.runTest(SuiteRunner.java:455)
	at org.testng.SuiteRunner.runSequentially(SuiteRunner.java:450)
	at org.testng.SuiteRunner.privateRun(SuiteRunner.java:415)
	at org.testng.SuiteRunner.run(SuiteRunner.java:364)
	at org.testng.SuiteRunnerWorker.runSuite(SuiteRunnerWorker.java:52)
	at org.testng.SuiteRunnerWorker.run(SuiteRunnerWorker.java:84)
	at org.testng.TestNG.runSuitesSequentially(TestNG.java:1208)
	at org.testng.TestNG.runSuitesLocally(TestNG.java:1137)
	at org.testng.TestNG.runSuites(TestNG.java:1049)
	at org.testng.TestNG.run(TestNG.java:1017)
	at org.testng.remote.AbstractRemoteTestNG.run(AbstractRemoteTestNG.java:132)
	at org.testng.remote.RemoteTestNG.initAndRun(RemoteTestNG.java:230)
	at org.testng.remote.RemoteTestNG.main(RemoteTestNG.java:76)
</pre></div></td>
<td>0</td>
<td>com.booking.test.OneWayTripTest@778d1062</td></tr>
<tr>
<td title='com.booking.test.OneWayTripTest.OneWayTripSearchTest()'><b>OneWayTripSearchTest</b><br>Test class: com.booking.test.OneWayTripTest<br>Parameters: , SETTEXT, lastName, 1, xpath, Savla</td>
<td><div><pre>org.openqa.selenium.NoSuchElementException: no such element: Unable to locate element: {&quot;method&quot;:&quot;xpath&quot;,&quot;selector&quot;:&quot;//*[@id=&apos;travellerl1&apos;]&quot;}
  (Session info: chrome=87.0.4280.66)
For documentation on this error, please visit: https://www.seleniumhq.org/exceptions/no_such_element.html
Build info: version: &apos;3.141.59&apos;, revision: &apos;e82be7d358&apos;, time: &apos;2018-11-14T08:17:03&apos;
System info: host: &apos;HP&apos;, ip: &apos;192.168.0.104&apos;, os.name: &apos;Windows 8.1&apos;, os.arch: &apos;amd64&apos;, os.version: &apos;6.3&apos;, java.version: &apos;1.8.0_261&apos;
Driver info: org.openqa.selenium.chrome.ChromeDriver
Capabilities {acceptInsecureCerts: false, browserName: chrome, browserVersion: 87.0.4280.66, chrome: {chromedriverVersion: 86.0.4240.22 (398b0743353ff..., userDataDir: C:\Users\Umesh\AppData\Loca...}, goog:chromeOptions: {debuggerAddress: localhost:63826}, javascriptEnabled: true, networkConnectionEnabled: false, pageLoadStrategy: normal, platform: WINDOWS, platformName: WINDOWS, proxy: Proxy(), setWindowRect: true, strictFileInteractability: false, timeouts: {implicit: 0, pageLoad: 300000, script: 30000}, unhandledPromptBehavior: dismiss and notify, webauthn:virtualAuthenticators: true}
Session ID: 2f54b1764bbceef8a19e7196985a5df0
*** Element info: {Using=xpath, value=//*[@id=&apos;travellerl1&apos;]}
	at org.openqa.selenium.remote.http.W3CHttpResponseCodec.createException(W3CHttpResponseCodec.java:187)
	at org.openqa.selenium.remote.http.W3CHttpResponseCodec.decode(W3CHttpResponseCodec.java:122)
	at org.openqa.selenium.remote.http.W3CHttpResponseCodec.decode(W3CHttpResponseCodec.java:49)
	at org.openqa.selenium.remote.HttpCommandExecutor.execute(HttpCommandExecutor.java:158)
	at org.openqa.selenium.remote.service.DriverCommandExecutor.execute(DriverCommandExecutor.java:83)
	at org.openqa.selenium.remote.RemoteWebDriver.execute(RemoteWebDriver.java:552)
	at org.openqa.selenium.remote.RemoteWebDriver.findElement(RemoteWebDriver.java:323)
	at org.openqa.selenium.remote.RemoteWebDriver.findElementByXPath(RemoteWebDriver.java:428)
	at org.openqa.selenium.By$ByXPath.findElement(By.java:353)
	at org.openqa.selenium.remote.RemoteWebDriver.findElement(RemoteWebDriver.java:315)
	at com.yatra.utils.UIOperation.perform(UIOperation.java:44)
	at com.booking.test.OneWayTripTest.OneWayTripSearchTest(OneWayTripTest.java:46)
... Removed 28 stack frames</pre></div><a href='#' onClick='toggleBox("stack-trace553056396", this, "Click to show all stack frames", "Click to hide stack frames")'>Click to show all stack frames</a>
<div class='stack-trace' id='stack-trace553056396'><pre>org.openqa.selenium.NoSuchElementException: no such element: Unable to locate element: {&quot;method&quot;:&quot;xpath&quot;,&quot;selector&quot;:&quot;//*[@id=&apos;travellerl1&apos;]&quot;}
  (Session info: chrome=87.0.4280.66)
For documentation on this error, please visit: https://www.seleniumhq.org/exceptions/no_such_element.html
Build info: version: &apos;3.141.59&apos;, revision: &apos;e82be7d358&apos;, time: &apos;2018-11-14T08:17:03&apos;
System info: host: &apos;HP&apos;, ip: &apos;192.168.0.104&apos;, os.name: &apos;Windows 8.1&apos;, os.arch: &apos;amd64&apos;, os.version: &apos;6.3&apos;, java.version: &apos;1.8.0_261&apos;
Driver info: org.openqa.selenium.chrome.ChromeDriver
Capabilities {acceptInsecureCerts: false, browserName: chrome, browserVersion: 87.0.4280.66, chrome: {chromedriverVersion: 86.0.4240.22 (398b0743353ff..., userDataDir: C:\Users\Umesh\AppData\Loca...}, goog:chromeOptions: {debuggerAddress: localhost:63826}, javascriptEnabled: true, networkConnectionEnabled: false, pageLoadStrategy: normal, platform: WINDOWS, platformName: WINDOWS, proxy: Proxy(), setWindowRect: true, strictFileInteractability: false, timeouts: {implicit: 0, pageLoad: 300000, script: 30000}, unhandledPromptBehavior: dismiss and notify, webauthn:virtualAuthenticators: true}
Session ID: 2f54b1764bbceef8a19e7196985a5df0
*** Element info: {Using=xpath, value=//*[@id=&apos;travellerl1&apos;]}
	at sun.reflect.NativeConstructorAccessorImpl.newInstance0(Native Method)
	at sun.reflect.NativeConstructorAccessorImpl.newInstance(Unknown Source)
	at sun.reflect.DelegatingConstructorAccessorImpl.newInstance(Unknown Source)
	at java.lang.reflect.Constructor.newInstance(Unknown Source)
	at org.openqa.selenium.remote.http.W3CHttpResponseCodec.createException(W3CHttpResponseCodec.java:187)
	at org.openqa.selenium.remote.http.W3CHttpResponseCodec.decode(W3CHttpResponseCodec.java:122)
	at org.openqa.selenium.remote.http.W3CHttpResponseCodec.decode(W3CHttpResponseCodec.java:49)
	at org.openqa.selenium.remote.HttpCommandExecutor.execute(HttpCommandExecutor.java:158)
	at org.openqa.selenium.remote.service.DriverCommandExecutor.execute(DriverCommandExecutor.java:83)
	at org.openqa.selenium.remote.RemoteWebDriver.execute(RemoteWebDriver.java:552)
	at org.openqa.selenium.remote.RemoteWebDriver.findElement(RemoteWebDriver.java:323)
	at org.openqa.selenium.remote.RemoteWebDriver.findElementByXPath(RemoteWebDriver.java:428)
	at org.openqa.selenium.By$ByXPath.findElement(By.java:353)
	at org.openqa.selenium.remote.RemoteWebDriver.findElement(RemoteWebDriver.java:315)
	at com.yatra.utils.UIOperation.perform(UIOperation.java:44)
	at com.booking.test.OneWayTripTest.OneWayTripSearchTest(OneWayTripTest.java:46)
	at sun.reflect.GeneratedMethodAccessor1.invoke(Unknown Source)
	at sun.reflect.DelegatingMethodAccessorImpl.invoke(Unknown Source)
	at java.lang.reflect.Method.invoke(Unknown Source)
	at org.testng.internal.MethodInvocationHelper.invokeMethod(MethodInvocationHelper.java:124)
	at org.testng.internal.Invoker.invokeMethod(Invoker.java:583)
	at org.testng.internal.Invoker.invokeTestMethod(Invoker.java:719)
	at org.testng.internal.Invoker.invokeTestMethods(Invoker.java:989)
	at org.testng.internal.TestMethodWorker.invokeTestMethods(TestMethodWorker.java:125)
	at org.testng.internal.TestMethodWorker.run(TestMethodWorker.java:109)
	at org.testng.TestRunner.privateRun(TestRunner.java:648)
	at org.testng.TestRunner.run(TestRunner.java:505)
	at org.testng.SuiteRunner.runTest(SuiteRunner.java:455)
	at org.testng.SuiteRunner.runSequentially(SuiteRunner.java:450)
	at org.testng.SuiteRunner.privateRun(SuiteRunner.java:415)
	at org.testng.SuiteRunner.run(SuiteRunner.java:364)
	at org.testng.SuiteRunnerWorker.runSuite(SuiteRunnerWorker.java:52)
	at org.testng.SuiteRunnerWorker.run(SuiteRunnerWorker.java:84)
	at org.testng.TestNG.runSuitesSequentially(TestNG.java:1208)
	at org.testng.TestNG.runSuitesLocally(TestNG.java:1137)
	at org.testng.TestNG.runSuites(TestNG.java:1049)
	at org.testng.TestNG.run(TestNG.java:1017)
	at org.testng.remote.AbstractRemoteTestNG.run(AbstractRemoteTestNG.java:132)
	at org.testng.remote.RemoteTestNG.initAndRun(RemoteTestNG.java:230)
	at org.testng.remote.RemoteTestNG.main(RemoteTestNG.java:76)
</pre></div></td>
<td>0</td>
<td>com.booking.test.OneWayTripTest@778d1062</td></tr>
<tr>
<td title='com.booking.test.OneWayTripTest.OneWayTripSearchTest()'><b>OneWayTripSearchTest</b><br>Test class: com.booking.test.OneWayTripTest<br>Parameters: , CLICK, proceedToPaymentButton, , xpath, </td>
<td><div><pre>org.openqa.selenium.NoSuchElementException: no such element: Unable to locate element: {&quot;method&quot;:&quot;xpath&quot;,&quot;selector&quot;:&quot;//button[@autom = &apos;proceedTopayment&apos;]&quot;}
  (Session info: chrome=87.0.4280.66)
For documentation on this error, please visit: https://www.seleniumhq.org/exceptions/no_such_element.html
Build info: version: &apos;3.141.59&apos;, revision: &apos;e82be7d358&apos;, time: &apos;2018-11-14T08:17:03&apos;
System info: host: &apos;HP&apos;, ip: &apos;192.168.0.104&apos;, os.name: &apos;Windows 8.1&apos;, os.arch: &apos;amd64&apos;, os.version: &apos;6.3&apos;, java.version: &apos;1.8.0_261&apos;
Driver info: org.openqa.selenium.chrome.ChromeDriver
Capabilities {acceptInsecureCerts: false, browserName: chrome, browserVersion: 87.0.4280.66, chrome: {chromedriverVersion: 86.0.4240.22 (398b0743353ff..., userDataDir: C:\Users\Umesh\AppData\Loca...}, goog:chromeOptions: {debuggerAddress: localhost:63826}, javascriptEnabled: true, networkConnectionEnabled: false, pageLoadStrategy: normal, platform: WINDOWS, platformName: WINDOWS, proxy: Proxy(), setWindowRect: true, strictFileInteractability: false, timeouts: {implicit: 0, pageLoad: 300000, script: 30000}, unhandledPromptBehavior: dismiss and notify, webauthn:virtualAuthenticators: true}
Session ID: 2f54b1764bbceef8a19e7196985a5df0
*** Element info: {Using=xpath, value=//button[@autom = &apos;proceedTopayment&apos;]}
	at org.openqa.selenium.remote.http.W3CHttpResponseCodec.createException(W3CHttpResponseCodec.java:187)
	at org.openqa.selenium.remote.http.W3CHttpResponseCodec.decode(W3CHttpResponseCodec.java:122)
	at org.openqa.selenium.remote.http.W3CHttpResponseCodec.decode(W3CHttpResponseCodec.java:49)
	at org.openqa.selenium.remote.HttpCommandExecutor.execute(HttpCommandExecutor.java:158)
	at org.openqa.selenium.remote.service.DriverCommandExecutor.execute(DriverCommandExecutor.java:83)
	at org.openqa.selenium.remote.RemoteWebDriver.execute(RemoteWebDriver.java:552)
	at org.openqa.selenium.remote.RemoteWebDriver.findElement(RemoteWebDriver.java:323)
	at org.openqa.selenium.remote.RemoteWebDriver.findElementByXPath(RemoteWebDriver.java:428)
	at org.openqa.selenium.By$ByXPath.findElement(By.java:353)
	at org.openqa.selenium.remote.RemoteWebDriver.findElement(RemoteWebDriver.java:315)
	at com.yatra.utils.UIOperation.perform(UIOperation.java:38)
	at com.booking.test.OneWayTripTest.OneWayTripSearchTest(OneWayTripTest.java:46)
... Removed 28 stack frames</pre></div><a href='#' onClick='toggleBox("stack-trace8415638", this, "Click to show all stack frames", "Click to hide stack frames")'>Click to show all stack frames</a>
<div class='stack-trace' id='stack-trace8415638'><pre>org.openqa.selenium.NoSuchElementException: no such element: Unable to locate element: {&quot;method&quot;:&quot;xpath&quot;,&quot;selector&quot;:&quot;//button[@autom = &apos;proceedTopayment&apos;]&quot;}
  (Session info: chrome=87.0.4280.66)
For documentation on this error, please visit: https://www.seleniumhq.org/exceptions/no_such_element.html
Build info: version: &apos;3.141.59&apos;, revision: &apos;e82be7d358&apos;, time: &apos;2018-11-14T08:17:03&apos;
System info: host: &apos;HP&apos;, ip: &apos;192.168.0.104&apos;, os.name: &apos;Windows 8.1&apos;, os.arch: &apos;amd64&apos;, os.version: &apos;6.3&apos;, java.version: &apos;1.8.0_261&apos;
Driver info: org.openqa.selenium.chrome.ChromeDriver
Capabilities {acceptInsecureCerts: false, browserName: chrome, browserVersion: 87.0.4280.66, chrome: {chromedriverVersion: 86.0.4240.22 (398b0743353ff..., userDataDir: C:\Users\Umesh\AppData\Loca...}, goog:chromeOptions: {debuggerAddress: localhost:63826}, javascriptEnabled: true, networkConnectionEnabled: false, pageLoadStrategy: normal, platform: WINDOWS, platformName: WINDOWS, proxy: Proxy(), setWindowRect: true, strictFileInteractability: false, timeouts: {implicit: 0, pageLoad: 300000, script: 30000}, unhandledPromptBehavior: dismiss and notify, webauthn:virtualAuthenticators: true}
Session ID: 2f54b1764bbceef8a19e7196985a5df0
*** Element info: {Using=xpath, value=//button[@autom = &apos;proceedTopayment&apos;]}
	at sun.reflect.NativeConstructorAccessorImpl.newInstance0(Native Method)
	at sun.reflect.NativeConstructorAccessorImpl.newInstance(Unknown Source)
	at sun.reflect.DelegatingConstructorAccessorImpl.newInstance(Unknown Source)
	at java.lang.reflect.Constructor.newInstance(Unknown Source)
	at org.openqa.selenium.remote.http.W3CHttpResponseCodec.createException(W3CHttpResponseCodec.java:187)
	at org.openqa.selenium.remote.http.W3CHttpResponseCodec.decode(W3CHttpResponseCodec.java:122)
	at org.openqa.selenium.remote.http.W3CHttpResponseCodec.decode(W3CHttpResponseCodec.java:49)
	at org.openqa.selenium.remote.HttpCommandExecutor.execute(HttpCommandExecutor.java:158)
	at org.openqa.selenium.remote.service.DriverCommandExecutor.execute(DriverCommandExecutor.java:83)
	at org.openqa.selenium.remote.RemoteWebDriver.execute(RemoteWebDriver.java:552)
	at org.openqa.selenium.remote.RemoteWebDriver.findElement(RemoteWebDriver.java:323)
	at org.openqa.selenium.remote.RemoteWebDriver.findElementByXPath(RemoteWebDriver.java:428)
	at org.openqa.selenium.By$ByXPath.findElement(By.java:353)
	at org.openqa.selenium.remote.RemoteWebDriver.findElement(RemoteWebDriver.java:315)
	at com.yatra.utils.UIOperation.perform(UIOperation.java:38)
	at com.booking.test.OneWayTripTest.OneWayTripSearchTest(OneWayTripTest.java:46)
	at sun.reflect.GeneratedMethodAccessor1.invoke(Unknown Source)
	at sun.reflect.DelegatingMethodAccessorImpl.invoke(Unknown Source)
	at java.lang.reflect.Method.invoke(Unknown Source)
	at org.testng.internal.MethodInvocationHelper.invokeMethod(MethodInvocationHelper.java:124)
	at org.testng.internal.Invoker.invokeMethod(Invoker.java:583)
	at org.testng.internal.Invoker.invokeTestMethod(Invoker.java:719)
	at org.testng.internal.Invoker.invokeTestMethods(Invoker.java:989)
	at org.testng.internal.TestMethodWorker.invokeTestMethods(TestMethodWorker.java:125)
	at org.testng.internal.TestMethodWorker.run(TestMethodWorker.java:109)
	at org.testng.TestRunner.privateRun(TestRunner.java:648)
	at org.testng.TestRunner.run(TestRunner.java:505)
	at org.testng.SuiteRunner.runTest(SuiteRunner.java:455)
	at org.testng.SuiteRunner.runSequentially(SuiteRunner.java:450)
	at org.testng.SuiteRunner.privateRun(SuiteRunner.java:415)
	at org.testng.SuiteRunner.run(SuiteRunner.java:364)
	at org.testng.SuiteRunnerWorker.runSuite(SuiteRunnerWorker.java:52)
	at org.testng.SuiteRunnerWorker.run(SuiteRunnerWorker.java:84)
	at org.testng.TestNG.runSuitesSequentially(TestNG.java:1208)
	at org.testng.TestNG.runSuitesLocally(TestNG.java:1137)
	at org.testng.TestNG.runSuites(TestNG.java:1049)
	at org.testng.TestNG.run(TestNG.java:1017)
	at org.testng.remote.AbstractRemoteTestNG.run(AbstractRemoteTestNG.java:132)
	at org.testng.remote.RemoteTestNG.initAndRun(RemoteTestNG.java:230)
	at org.testng.remote.RemoteTestNG.main(RemoteTestNG.java:76)
</pre></div></td>
<td>0</td>
<td>com.booking.test.OneWayTripTest@778d1062</td></tr>
<tr>
<td title='com.booking.test.OneWayTripTest.OneWayTripSearchTest()'><b>OneWayTripSearchTest</b><br>Test class: com.booking.test.OneWayTripTest<br>Parameters: , RESULTCOMPARE, proceedToPaymentButtonCheck, , xpath, </td>
<td><div><pre>java.lang.AssertionError: expected [https://secure.yatra.com/PaySwift/payment] but found [https://flight.yatra.com/air-search-ui/dom2/trigger?type=O&amp;viewName=normal&amp;flexi=0&amp;noOfSegments=1&amp;origin=BOM&amp;originCountry=IN&amp;destination=DEL&amp;destinationCountry=IN&amp;flight_depart_date=08%2F12%2F2020&amp;ADT=2&amp;CHD=0&amp;INF=0&amp;non_stop=1&amp;class=Economy&amp;source=fresco-home]
	at com.yatra.utils.ResultCompare.verifyResults(ResultCompare.java:47)
	at com.yatra.utils.UIOperation.perform(UIOperation.java:115)
	at com.booking.test.OneWayTripTest.OneWayTripSearchTest(OneWayTripTest.java:46)
... Removed 30 stack frames</pre></div><a href='#' onClick='toggleBox("stack-trace629016615", this, "Click to show all stack frames", "Click to hide stack frames")'>Click to show all stack frames</a>
<div class='stack-trace' id='stack-trace629016615'><pre>java.lang.AssertionError: expected [https://secure.yatra.com/PaySwift/payment] but found [https://flight.yatra.com/air-search-ui/dom2/trigger?type=O&amp;viewName=normal&amp;flexi=0&amp;noOfSegments=1&amp;origin=BOM&amp;originCountry=IN&amp;destination=DEL&amp;destinationCountry=IN&amp;flight_depart_date=08%2F12%2F2020&amp;ADT=2&amp;CHD=0&amp;INF=0&amp;non_stop=1&amp;class=Economy&amp;source=fresco-home]
	at org.testng.Assert.fail(Assert.java:96)
	at org.testng.Assert.failNotEquals(Assert.java:776)
	at org.testng.Assert.assertEqualsImpl(Assert.java:137)
	at org.testng.Assert.assertEquals(Assert.java:118)
	at org.testng.Assert.assertEquals(Assert.java:453)
	at org.testng.Assert.assertEquals(Assert.java:463)
	at com.yatra.utils.ResultCompare.verifyResults(ResultCompare.java:47)
	at com.yatra.utils.UIOperation.perform(UIOperation.java:115)
	at com.booking.test.OneWayTripTest.OneWayTripSearchTest(OneWayTripTest.java:46)
	at sun.reflect.GeneratedMethodAccessor1.invoke(Unknown Source)
	at sun.reflect.DelegatingMethodAccessorImpl.invoke(Unknown Source)
	at java.lang.reflect.Method.invoke(Unknown Source)
	at org.testng.internal.MethodInvocationHelper.invokeMethod(MethodInvocationHelper.java:124)
	at org.testng.internal.Invoker.invokeMethod(Invoker.java:583)
	at org.testng.internal.Invoker.invokeTestMethod(Invoker.java:719)
	at org.testng.internal.Invoker.invokeTestMethods(Invoker.java:989)
	at org.testng.internal.TestMethodWorker.invokeTestMethods(TestMethodWorker.java:125)
	at org.testng.internal.TestMethodWorker.run(TestMethodWorker.java:109)
	at org.testng.TestRunner.privateRun(TestRunner.java:648)
	at org.testng.TestRunner.run(TestRunner.java:505)
	at org.testng.SuiteRunner.runTest(SuiteRunner.java:455)
	at org.testng.SuiteRunner.runSequentially(SuiteRunner.java:450)
	at org.testng.SuiteRunner.privateRun(SuiteRunner.java:415)
	at org.testng.SuiteRunner.run(SuiteRunner.java:364)
	at org.testng.SuiteRunnerWorker.runSuite(SuiteRunnerWorker.java:52)
	at org.testng.SuiteRunnerWorker.run(SuiteRunnerWorker.java:84)
	at org.testng.TestNG.runSuitesSequentially(TestNG.java:1208)
	at org.testng.TestNG.runSuitesLocally(TestNG.java:1137)
	at org.testng.TestNG.runSuites(TestNG.java:1049)
	at org.testng.TestNG.run(TestNG.java:1017)
	at org.testng.remote.AbstractRemoteTestNG.run(AbstractRemoteTestNG.java:132)
	at org.testng.remote.RemoteTestNG.initAndRun(RemoteTestNG.java:230)
	at org.testng.remote.RemoteTestNG.main(RemoteTestNG.java:76)
</pre></div></td>
<td>3</td>
<td>com.booking.test.OneWayTripTest@778d1062</td></tr>
</table><p>
<table width='100%' border='1' class='invocation-passed'>
<tr><td colspan='4' align='center'><b>PASSED TESTS</b></td></tr>
<tr><td><b>Test method</b></td>
<td width="30%"><b>Exception</b></td>
<td width="10%"><b>Time (seconds)</b></td>
<td><b>Instance</b></td>
</tr>
<tr>
<td title='com.booking.test.OneWayTripTest.OneWayTripSearchTest()'><b>OneWayTripSearchTest</b><br>Test class: com.booking.test.OneWayTripTest<br>Parameters: OneWayTripTest1_ValidInput, , , , , </td>
<td></td>
<td>8</td>
<td>com.booking.test.OneWayTripTest@778d1062</td></tr>
<tr>
<td title='com.booking.test.OneWayTripTest.OneWayTripSearchTest()'><b>OneWayTripSearchTest</b><br>Test class: com.booking.test.OneWayTripTest<br>Parameters: , GOTOURL, , , , url</td>
<td></td>
<td>6</td>
<td>com.booking.test.OneWayTripTest@778d1062</td></tr>
<tr>
<td title='com.booking.test.OneWayTripTest.OneWayTripSearchTest()'><b>OneWayTripSearchTest</b><br>Test class: com.booking.test.OneWayTripTest<br>Parameters: , CLICK, departCity, , xpath, </td>
<td></td>
<td>18</td>
<td>com.booking.test.OneWayTripTest@778d1062</td></tr>
<tr>
<td title='com.booking.test.OneWayTripTest.OneWayTripSearchTest()'><b>OneWayTripSearchTest</b><br>Test class: com.booking.test.OneWayTripTest<br>Parameters: , SETTEXT, departCity, , xpath, Mumbai</td>
<td></td>
<td>2</td>
<td>com.booking.test.OneWayTripTest@778d1062</td></tr>
<tr>
<td title='com.booking.test.OneWayTripTest.OneWayTripSearchTest()'><b>OneWayTripSearchTest</b><br>Test class: com.booking.test.OneWayTripTest<br>Parameters: , SLEEP, , , , </td>
<td></td>
<td>3</td>
<td>com.booking.test.OneWayTripTest@778d1062</td></tr>
<tr>
<td title='com.booking.test.OneWayTripTest.OneWayTripSearchTest()'><b>OneWayTripSearchTest</b><br>Test class: com.booking.test.OneWayTripTest<br>Parameters: , ENTER, departCity, , xpath, </td>
<td></td>
<td>1</td>
<td>com.booking.test.OneWayTripTest@778d1062</td></tr>
<tr>
<td title='com.booking.test.OneWayTripTest.OneWayTripSearchTest()'><b>OneWayTripSearchTest</b><br>Test class: com.booking.test.OneWayTripTest<br>Parameters: , SETTEXT, goingToCity, , xpath, New Delhi</td>
<td></td>
<td>1</td>
<td>com.booking.test.OneWayTripTest@778d1062</td></tr>
<tr>
<td title='com.booking.test.OneWayTripTest.OneWayTripSearchTest()'><b>OneWayTripSearchTest</b><br>Test class: com.booking.test.OneWayTripTest<br>Parameters: , ENTER, goingToCity, , xpath, </td>
<td></td>
<td>1</td>
<td>com.booking.test.OneWayTripTest@778d1062</td></tr>
<tr>
<td title='com.booking.test.OneWayTripTest.OneWayTripSearchTest()'><b>OneWayTripSearchTest</b><br>Test class: com.booking.test.OneWayTripTest<br>Parameters: , CLICK, departDate, , xpath, </td>
<td></td>
<td>1</td>
<td>com.booking.test.OneWayTripTest@778d1062</td></tr>
<tr>
<td title='com.booking.test.OneWayTripTest.OneWayTripSearchTest()'><b>OneWayTripSearchTest</b><br>Test class: com.booking.test.OneWayTripTest<br>Parameters: , DATE, , , xpath, 08/12/2020</td>
<td></td>
<td>1</td>
<td>com.booking.test.OneWayTripTest@778d1062</td></tr>
<tr>
<td title='com.booking.test.OneWayTripTest.OneWayTripSearchTest()'><b>OneWayTripSearchTest</b><br>Test class: com.booking.test.OneWayTripTest<br>Parameters: , CLICK, travellersClass, , xpath, </td>
<td></td>
<td>1</td>
<td>com.booking.test.OneWayTripTest@778d1062</td></tr>
<tr>
<td title='com.booking.test.OneWayTripTest.OneWayTripSearchTest()'><b>OneWayTripSearchTest</b><br>Test class: com.booking.test.OneWayTripTest<br>Parameters: , CLICK, addAdult, , xpath, </td>
<td></td>
<td>1</td>
<td>com.booking.test.OneWayTripTest@778d1062</td></tr>
<tr>
<td title='com.booking.test.OneWayTripTest.OneWayTripSearchTest()'><b>OneWayTripSearchTest</b><br>Test class: com.booking.test.OneWayTripTest<br>Parameters: , CLICK, checkBox, , xpath, </td>
<td></td>
<td>1</td>
<td>com.booking.test.OneWayTripTest@778d1062</td></tr>
<tr>
<td title='com.booking.test.OneWayTripTest.OneWayTripSearchTest()'><b>OneWayTripSearchTest</b><br>Test class: com.booking.test.OneWayTripTest<br>Parameters: , CLICK, searchFlight, , xpath, </td>
<td></td>
<td>2</td>
<td>com.booking.test.OneWayTripTest@778d1062</td></tr>
<tr>
<td title='com.booking.test.OneWayTripTest.OneWayTripSearchTest()'><b>OneWayTripSearchTest</b><br>Test class: com.booking.test.OneWayTripTest<br>Parameters: , RESULTCOMPARE, selectSearch, , xpath, </td>
<td></td>
<td>3</td>
<td>com.booking.test.OneWayTripTest@778d1062</td></tr>
<tr>
<td title='com.booking.test.OneWayTripTest.OneWayTripSearchTest()'><b>OneWayTripSearchTest</b><br>Test class: com.booking.test.OneWayTripTest<br>Parameters: , SLEEP, , , , </td>
<td></td>
<td>3</td>
<td>com.booking.test.OneWayTripTest@778d1062</td></tr>
<tr>
<td title='com.booking.test.OneWayTripTest.OneWayTripSearchTest()'><b>OneWayTripSearchTest</b><br>Test class: com.booking.test.OneWayTripTest<br>Parameters: OneWayTripTest2_InvalidDepart, , , , , </td>
<td></td>
<td>7</td>
<td>com.booking.test.OneWayTripTest@778d1062</td></tr>
<tr>
<td title='com.booking.test.OneWayTripTest.OneWayTripSearchTest()'><b>OneWayTripSearchTest</b><br>Test class: com.booking.test.OneWayTripTest<br>Parameters: , GOTOURL, , , , url</td>
<td></td>
<td>9</td>
<td>com.booking.test.OneWayTripTest@778d1062</td></tr>
<tr>
<td title='com.booking.test.OneWayTripTest.OneWayTripSearchTest()'><b>OneWayTripSearchTest</b><br>Test class: com.booking.test.OneWayTripTest<br>Parameters: , CLICK, departCity, , xpath, </td>
<td></td>
<td>4</td>
<td>com.booking.test.OneWayTripTest@778d1062</td></tr>
<tr>
<td title='com.booking.test.OneWayTripTest.OneWayTripSearchTest()'><b>OneWayTripSearchTest</b><br>Test class: com.booking.test.OneWayTripTest<br>Parameters: , SETTEXT, departCity, , xpath, Dadar</td>
<td></td>
<td>1</td>
<td>com.booking.test.OneWayTripTest@778d1062</td></tr>
<tr>
<td title='com.booking.test.OneWayTripTest.OneWayTripSearchTest()'><b>OneWayTripSearchTest</b><br>Test class: com.booking.test.OneWayTripTest<br>Parameters: , SLEEP, , , , </td>
<td></td>
<td>3</td>
<td>com.booking.test.OneWayTripTest@778d1062</td></tr>
<tr>
<td title='com.booking.test.OneWayTripTest.OneWayTripSearchTest()'><b>OneWayTripSearchTest</b><br>Test class: com.booking.test.OneWayTripTest<br>Parameters: OneWayTripTest3_InvalidGoing, , , , , </td>
<td></td>
<td>7</td>
<td>com.booking.test.OneWayTripTest@778d1062</td></tr>
<tr>
<td title='com.booking.test.OneWayTripTest.OneWayTripSearchTest()'><b>OneWayTripSearchTest</b><br>Test class: com.booking.test.OneWayTripTest<br>Parameters: , GOTOURL, , , , url</td>
<td></td>
<td>5</td>
<td>com.booking.test.OneWayTripTest@778d1062</td></tr>
<tr>
<td title='com.booking.test.OneWayTripTest.OneWayTripSearchTest()'><b>OneWayTripSearchTest</b><br>Test class: com.booking.test.OneWayTripTest<br>Parameters: , CLICK, departCity, , xpath, </td>
<td></td>
<td>3</td>
<td>com.booking.test.OneWayTripTest@778d1062</td></tr>
<tr>
<td title='com.booking.test.OneWayTripTest.OneWayTripSearchTest()'><b>OneWayTripSearchTest</b><br>Test class: com.booking.test.OneWayTripTest<br>Parameters: , SETTEXT, departCity, , xpath, Mumbai</td>
<td></td>
<td>1</td>
<td>com.booking.test.OneWayTripTest@778d1062</td></tr>
<tr>
<td title='com.booking.test.OneWayTripTest.OneWayTripSearchTest()'><b>OneWayTripSearchTest</b><br>Test class: com.booking.test.OneWayTripTest<br>Parameters: , ENTER, departCity, , xpath, </td>
<td></td>
<td>1</td>
<td>com.booking.test.OneWayTripTest@778d1062</td></tr>
<tr>
<td title='com.booking.test.OneWayTripTest.OneWayTripSearchTest()'><b>OneWayTripSearchTest</b><br>Test class: com.booking.test.OneWayTripTest<br>Parameters: , CLICK, goingToCity, , xpath, </td>
<td></td>
<td>1</td>
<td>com.booking.test.OneWayTripTest@778d1062</td></tr>
<tr>
<td title='com.booking.test.OneWayTripTest.OneWayTripSearchTest()'><b>OneWayTripSearchTest</b><br>Test class: com.booking.test.OneWayTripTest<br>Parameters: , SETTEXT, goingToCity, , xpath, Mulund</td>
<td></td>
<td>1</td>
<td>com.booking.test.OneWayTripTest@778d1062</td></tr>
<tr>
<td title='com.booking.test.OneWayTripTest.OneWayTripSearchTest()'><b>OneWayTripSearchTest</b><br>Test class: com.booking.test.OneWayTripTest<br>Parameters: , SLEEP, , , , </td>
<td></td>
<td>3</td>
<td>com.booking.test.OneWayTripTest@778d1062</td></tr>
<tr>
<td title='com.booking.test.OneWayTripTest.OneWayTripSearchTest()'><b>OneWayTripSearchTest</b><br>Test class: com.booking.test.OneWayTripTest<br>Parameters: OneWayTripTest4_SameCity, , , , , </td>
<td></td>
<td>7</td>
<td>com.booking.test.OneWayTripTest@778d1062</td></tr>
<tr>
<td title='com.booking.test.OneWayTripTest.OneWayTripSearchTest()'><b>OneWayTripSearchTest</b><br>Test class: com.booking.test.OneWayTripTest<br>Parameters: , GOTOURL, , , , url</td>
<td></td>
<td>6</td>
<td>com.booking.test.OneWayTripTest@778d1062</td></tr>
<tr>
<td title='com.booking.test.OneWayTripTest.OneWayTripSearchTest()'><b>OneWayTripSearchTest</b><br>Test class: com.booking.test.OneWayTripTest<br>Parameters: , CLICK, departCity, , xpath, </td>
<td></td>
<td>6</td>
<td>com.booking.test.OneWayTripTest@778d1062</td></tr>
<tr>
<td title='com.booking.test.OneWayTripTest.OneWayTripSearchTest()'><b>OneWayTripSearchTest</b><br>Test class: com.booking.test.OneWayTripTest<br>Parameters: , SETTEXT, departCity, , xpath, Mumbai</td>
<td></td>
<td>1</td>
<td>com.booking.test.OneWayTripTest@778d1062</td></tr>
<tr>
<td title='com.booking.test.OneWayTripTest.OneWayTripSearchTest()'><b>OneWayTripSearchTest</b><br>Test class: com.booking.test.OneWayTripTest<br>Parameters: , ENTER, departCity, , xpath, </td>
<td></td>
<td>1</td>
<td>com.booking.test.OneWayTripTest@778d1062</td></tr>
<tr>
<td title='com.booking.test.OneWayTripTest.OneWayTripSearchTest()'><b>OneWayTripSearchTest</b><br>Test class: com.booking.test.OneWayTripTest<br>Parameters: , CLICK, goingToCity, , xpath, </td>
<td></td>
<td>2</td>
<td>com.booking.test.OneWayTripTest@778d1062</td></tr>
<tr>
<td title='com.booking.test.OneWayTripTest.OneWayTripSearchTest()'><b>OneWayTripSearchTest</b><br>Test class: com.booking.test.OneWayTripTest<br>Parameters: , SETTEXT, goingToCity, , xpath, Mumbai</td>
<td></td>
<td>2</td>
<td>com.booking.test.OneWayTripTest@778d1062</td></tr>
<tr>
<td title='com.booking.test.OneWayTripTest.OneWayTripSearchTest()'><b>OneWayTripSearchTest</b><br>Test class: com.booking.test.OneWayTripTest<br>Parameters: , ENTER, goingToCity, , xpath, </td>
<td></td>
<td>1</td>
<td>com.booking.test.OneWayTripTest@778d1062</td></tr>
<tr>
<td title='com.booking.test.OneWayTripTest.OneWayTripSearchTest()'><b>OneWayTripSearchTest</b><br>Test class: com.booking.test.OneWayTripTest<br>Parameters: , CLICK, departDate, , xpath, </td>
<td></td>
<td>1</td>
<td>com.booking.test.OneWayTripTest@778d1062</td></tr>
<tr>
<td title='com.booking.test.OneWayTripTest.OneWayTripSearchTest()'><b>OneWayTripSearchTest</b><br>Test class: com.booking.test.OneWayTripTest<br>Parameters: , DATE, , , xpath, 08/12/2020</td>
<td></td>
<td>1</td>
<td>com.booking.test.OneWayTripTest@778d1062</td></tr>
<tr>
<td title='com.booking.test.OneWayTripTest.OneWayTripSearchTest()'><b>OneWayTripSearchTest</b><br>Test class: com.booking.test.OneWayTripTest<br>Parameters: , CLICK, travellersClass, , xpath, </td>
<td></td>
<td>1</td>
<td>com.booking.test.OneWayTripTest@778d1062</td></tr>
<tr>
<td title='com.booking.test.OneWayTripTest.OneWayTripSearchTest()'><b>OneWayTripSearchTest</b><br>Test class: com.booking.test.OneWayTripTest<br>Parameters: , CLICK, addAdult, , xpath, </td>
<td></td>
<td>1</td>
<td>com.booking.test.OneWayTripTest@778d1062</td></tr>
<tr>
<td title='com.booking.test.OneWayTripTest.OneWayTripSearchTest()'><b>OneWayTripSearchTest</b><br>Test class: com.booking.test.OneWayTripTest<br>Parameters: , CLICK, checkBox, , xpath, </td>
<td></td>
<td>1</td>
<td>com.booking.test.OneWayTripTest@778d1062</td></tr>
<tr>
<td title='com.booking.test.OneWayTripTest.OneWayTripSearchTest()'><b>OneWayTripSearchTest</b><br>Test class: com.booking.test.OneWayTripTest<br>Parameters: , CLICK, searchFlight, , xpath, </td>
<td></td>
<td>1</td>
<td>com.booking.test.OneWayTripTest@778d1062</td></tr>
<tr>
<td title='com.booking.test.OneWayTripTest.OneWayTripSearchTest()'><b>OneWayTripSearchTest</b><br>Test class: com.booking.test.OneWayTripTest<br>Parameters: , SLEEP, , , , </td>
<td></td>
<td>3</td>
<td>com.booking.test.OneWayTripTest@778d1062</td></tr>
<tr>
<td title='com.booking.test.OneWayTripTest.OneWayTripSearchTest()'><b>OneWayTripSearchTest</b><br>Test class: com.booking.test.OneWayTripTest<br>Parameters: OneWayTripTest5_NoFlight, , , , , </td>
<td></td>
<td>7</td>
<td>com.booking.test.OneWayTripTest@778d1062</td></tr>
<tr>
<td title='com.booking.test.OneWayTripTest.OneWayTripSearchTest()'><b>OneWayTripSearchTest</b><br>Test class: com.booking.test.OneWayTripTest<br>Parameters: , GOTOURL, , , , url</td>
<td></td>
<td>5</td>
<td>com.booking.test.OneWayTripTest@778d1062</td></tr>
<tr>
<td title='com.booking.test.OneWayTripTest.OneWayTripSearchTest()'><b>OneWayTripSearchTest</b><br>Test class: com.booking.test.OneWayTripTest<br>Parameters: , CLICK, departCity, , xpath, </td>
<td></td>
<td>5</td>
<td>com.booking.test.OneWayTripTest@778d1062</td></tr>
<tr>
<td title='com.booking.test.OneWayTripTest.OneWayTripSearchTest()'><b>OneWayTripSearchTest</b><br>Test class: com.booking.test.OneWayTripTest<br>Parameters: , SETTEXT, departCity, , xpath, Mumbai</td>
<td></td>
<td>1</td>
<td>com.booking.test.OneWayTripTest@778d1062</td></tr>
<tr>
<td title='com.booking.test.OneWayTripTest.OneWayTripSearchTest()'><b>OneWayTripSearchTest</b><br>Test class: com.booking.test.OneWayTripTest<br>Parameters: , ENTER, departCity, , xpath, </td>
<td></td>
<td>1</td>
<td>com.booking.test.OneWayTripTest@778d1062</td></tr>
<tr>
<td title='com.booking.test.OneWayTripTest.OneWayTripSearchTest()'><b>OneWayTripSearchTest</b><br>Test class: com.booking.test.OneWayTripTest<br>Parameters: , CLICK, goingToCity, , xpath, </td>
<td></td>
<td>1</td>
<td>com.booking.test.OneWayTripTest@778d1062</td></tr>
<tr>
<td title='com.booking.test.OneWayTripTest.OneWayTripSearchTest()'><b>OneWayTripSearchTest</b><br>Test class: com.booking.test.OneWayTripTest<br>Parameters: , SETTEXT, goingToCity, , xpath, Bali</td>
<td></td>
<td>1</td>
<td>com.booking.test.OneWayTripTest@778d1062</td></tr>
<tr>
<td title='com.booking.test.OneWayTripTest.OneWayTripSearchTest()'><b>OneWayTripSearchTest</b><br>Test class: com.booking.test.OneWayTripTest<br>Parameters: , ENTER, goingToCity, , xpath, </td>
<td></td>
<td>1</td>
<td>com.booking.test.OneWayTripTest@778d1062</td></tr>
<tr>
<td title='com.booking.test.OneWayTripTest.OneWayTripSearchTest()'><b>OneWayTripSearchTest</b><br>Test class: com.booking.test.OneWayTripTest<br>Parameters: , CLICK, departDate, , xpath, </td>
<td></td>
<td>1</td>
<td>com.booking.test.OneWayTripTest@778d1062</td></tr>
<tr>
<td title='com.booking.test.OneWayTripTest.OneWayTripSearchTest()'><b>OneWayTripSearchTest</b><br>Test class: com.booking.test.OneWayTripTest<br>Parameters: , DATE, , , xpath, 08/12/2020</td>
<td></td>
<td>1</td>
<td>com.booking.test.OneWayTripTest@778d1062</td></tr>
<tr>
<td title='com.booking.test.OneWayTripTest.OneWayTripSearchTest()'><b>OneWayTripSearchTest</b><br>Test class: com.booking.test.OneWayTripTest<br>Parameters: , CLICK, travellersClass, , xpath, </td>
<td></td>
<td>1</td>
<td>com.booking.test.OneWayTripTest@778d1062</td></tr>
<tr>
<td title='com.booking.test.OneWayTripTest.OneWayTripSearchTest()'><b>OneWayTripSearchTest</b><br>Test class: com.booking.test.OneWayTripTest<br>Parameters: , CLICK, addAdult, , xpath, </td>
<td></td>
<td>1</td>
<td>com.booking.test.OneWayTripTest@778d1062</td></tr>
<tr>
<td title='com.booking.test.OneWayTripTest.OneWayTripSearchTest()'><b>OneWayTripSearchTest</b><br>Test class: com.booking.test.OneWayTripTest<br>Parameters: , CLICK, checkBox, , xpath, </td>
<td></td>
<td>1</td>
<td>com.booking.test.OneWayTripTest@778d1062</td></tr>
<tr>
<td title='com.booking.test.OneWayTripTest.OneWayTripSearchTest()'><b>OneWayTripSearchTest</b><br>Test class: com.booking.test.OneWayTripTest<br>Parameters: , CLICK, searchFlight, , xpath, </td>
<td></td>
<td>2</td>
<td>com.booking.test.OneWayTripTest@778d1062</td></tr>
<tr>
<td title='com.booking.test.OneWayTripTest.OneWayTripSearchTest()'><b>OneWayTripSearchTest</b><br>Test class: com.booking.test.OneWayTripTest<br>Parameters: OneWayTripTest6_ValidInputFilters, , , , , </td>
<td></td>
<td>7</td>
<td>com.booking.test.OneWayTripTest@778d1062</td></tr>
<tr>
<td title='com.booking.test.OneWayTripTest.OneWayTripSearchTest()'><b>OneWayTripSearchTest</b><br>Test class: com.booking.test.OneWayTripTest<br>Parameters: , GOTOURL, , , , url</td>
<td></td>
<td>5</td>
<td>com.booking.test.OneWayTripTest@778d1062</td></tr>
<tr>
<td title='com.booking.test.OneWayTripTest.OneWayTripSearchTest()'><b>OneWayTripSearchTest</b><br>Test class: com.booking.test.OneWayTripTest<br>Parameters: , CLICK, departCity, , xpath, </td>
<td></td>
<td>5</td>
<td>com.booking.test.OneWayTripTest@778d1062</td></tr>
<tr>
<td title='com.booking.test.OneWayTripTest.OneWayTripSearchTest()'><b>OneWayTripSearchTest</b><br>Test class: com.booking.test.OneWayTripTest<br>Parameters: , SETTEXT, departCity, , xpath, Mumbai</td>
<td></td>
<td>1</td>
<td>com.booking.test.OneWayTripTest@778d1062</td></tr>
<tr>
<td title='com.booking.test.OneWayTripTest.OneWayTripSearchTest()'><b>OneWayTripSearchTest</b><br>Test class: com.booking.test.OneWayTripTest<br>Parameters: , SLEEP, , , , </td>
<td></td>
<td>3</td>
<td>com.booking.test.OneWayTripTest@778d1062</td></tr>
<tr>
<td title='com.booking.test.OneWayTripTest.OneWayTripSearchTest()'><b>OneWayTripSearchTest</b><br>Test class: com.booking.test.OneWayTripTest<br>Parameters: , ENTER, departCity, , xpath, </td>
<td></td>
<td>2</td>
<td>com.booking.test.OneWayTripTest@778d1062</td></tr>
<tr>
<td title='com.booking.test.OneWayTripTest.OneWayTripSearchTest()'><b>OneWayTripSearchTest</b><br>Test class: com.booking.test.OneWayTripTest<br>Parameters: , SETTEXT, goingToCity, , xpath, New Delhi</td>
<td></td>
<td>1</td>
<td>com.booking.test.OneWayTripTest@778d1062</td></tr>
<tr>
<td title='com.booking.test.OneWayTripTest.OneWayTripSearchTest()'><b>OneWayTripSearchTest</b><br>Test class: com.booking.test.OneWayTripTest<br>Parameters: , ENTER, goingToCity, , xpath, </td>
<td></td>
<td>1</td>
<td>com.booking.test.OneWayTripTest@778d1062</td></tr>
<tr>
<td title='com.booking.test.OneWayTripTest.OneWayTripSearchTest()'><b>OneWayTripSearchTest</b><br>Test class: com.booking.test.OneWayTripTest<br>Parameters: , CLICK, departDate, , xpath, </td>
<td></td>
<td>1</td>
<td>com.booking.test.OneWayTripTest@778d1062</td></tr>
<tr>
<td title='com.booking.test.OneWayTripTest.OneWayTripSearchTest()'><b>OneWayTripSearchTest</b><br>Test class: com.booking.test.OneWayTripTest<br>Parameters: , DATE, , , xpath, 08/12/2020</td>
<td></td>
<td>1</td>
<td>com.booking.test.OneWayTripTest@778d1062</td></tr>
<tr>
<td title='com.booking.test.OneWayTripTest.OneWayTripSearchTest()'><b>OneWayTripSearchTest</b><br>Test class: com.booking.test.OneWayTripTest<br>Parameters: , CLICK, travellersClass, , xpath, </td>
<td></td>
<td>1</td>
<td>com.booking.test.OneWayTripTest@778d1062</td></tr>
<tr>
<td title='com.booking.test.OneWayTripTest.OneWayTripSearchTest()'><b>OneWayTripSearchTest</b><br>Test class: com.booking.test.OneWayTripTest<br>Parameters: , CLICK, addAdult, , xpath, </td>
<td></td>
<td>1</td>
<td>com.booking.test.OneWayTripTest@778d1062</td></tr>
<tr>
<td title='com.booking.test.OneWayTripTest.OneWayTripSearchTest()'><b>OneWayTripSearchTest</b><br>Test class: com.booking.test.OneWayTripTest<br>Parameters: , CLICK, checkBox, , xpath, </td>
<td></td>
<td>1</td>
<td>com.booking.test.OneWayTripTest@778d1062</td></tr>
<tr>
<td title='com.booking.test.OneWayTripTest.OneWayTripSearchTest()'><b>OneWayTripSearchTest</b><br>Test class: com.booking.test.OneWayTripTest<br>Parameters: , CLICK, searchFlight, , xpath, </td>
<td></td>
<td>13</td>
<td>com.booking.test.OneWayTripTest@778d1062</td></tr>
<tr>
<td title='com.booking.test.OneWayTripTest.OneWayTripSearchTest()'><b>OneWayTripSearchTest</b><br>Test class: com.booking.test.OneWayTripTest<br>Parameters: , CLICK, moreFilters, , xpath, </td>
<td></td>
<td>7</td>
<td>com.booking.test.OneWayTripTest@778d1062</td></tr>
<tr>
<td title='com.booking.test.OneWayTripTest.OneWayTripSearchTest()'><b>OneWayTripSearchTest</b><br>Test class: com.booking.test.OneWayTripTest<br>Parameters: , CLICK, departTime, , xpath, 06-12</td>
<td></td>
<td>1</td>
<td>com.booking.test.OneWayTripTest@778d1062</td></tr>
<tr>
<td title='com.booking.test.OneWayTripTest.OneWayTripSearchTest()'><b>OneWayTripSearchTest</b><br>Test class: com.booking.test.OneWayTripTest<br>Parameters: , CLICK, airlineCheckBox, , xpath, Vistara</td>
<td></td>
<td>1</td>
<td>com.booking.test.OneWayTripTest@778d1062</td></tr>
<tr>
<td title='com.booking.test.OneWayTripTest.OneWayTripSearchTest()'><b>OneWayTripSearchTest</b><br>Test class: com.booking.test.OneWayTripTest<br>Parameters: , CLICK, aircraftCheckBox, , xpath, Airbus A320-100</td>
<td></td>
<td>1</td>
<td>com.booking.test.OneWayTripTest@778d1062</td></tr>
<tr>
<td title='com.booking.test.OneWayTripTest.OneWayTripSearchTest()'><b>OneWayTripSearchTest</b><br>Test class: com.booking.test.OneWayTripTest<br>Parameters: , CLICK, applyFiltersButton, , xpath, </td>
<td></td>
<td>3</td>
<td>com.booking.test.OneWayTripTest@778d1062</td></tr>
<tr>
<td title='com.booking.test.OneWayTripTest.OneWayTripSearchTest()'><b>OneWayTripSearchTest</b><br>Test class: com.booking.test.OneWayTripTest<br>Parameters: , SLEEP, , , , </td>
<td></td>
<td>3</td>
<td>com.booking.test.OneWayTripTest@778d1062</td></tr>
<tr>
<td title='com.booking.test.OneWayTripTest.OneWayTripSearchTest()'><b>OneWayTripSearchTest</b><br>Test class: com.booking.test.OneWayTripTest<br>Parameters: OneWayTripTest7_InvalidFilters, , , , , </td>
<td></td>
<td>7</td>
<td>com.booking.test.OneWayTripTest@778d1062</td></tr>
<tr>
<td title='com.booking.test.OneWayTripTest.OneWayTripSearchTest()'><b>OneWayTripSearchTest</b><br>Test class: com.booking.test.OneWayTripTest<br>Parameters: , GOTOURL, , , , url</td>
<td></td>
<td>5</td>
<td>com.booking.test.OneWayTripTest@778d1062</td></tr>
<tr>
<td title='com.booking.test.OneWayTripTest.OneWayTripSearchTest()'><b>OneWayTripSearchTest</b><br>Test class: com.booking.test.OneWayTripTest<br>Parameters: , CLICK, departCity, , xpath, </td>
<td></td>
<td>6</td>
<td>com.booking.test.OneWayTripTest@778d1062</td></tr>
<tr>
<td title='com.booking.test.OneWayTripTest.OneWayTripSearchTest()'><b>OneWayTripSearchTest</b><br>Test class: com.booking.test.OneWayTripTest<br>Parameters: , SETTEXT, departCity, , xpath, Mumbai</td>
<td></td>
<td>1</td>
<td>com.booking.test.OneWayTripTest@778d1062</td></tr>
<tr>
<td title='com.booking.test.OneWayTripTest.OneWayTripSearchTest()'><b>OneWayTripSearchTest</b><br>Test class: com.booking.test.OneWayTripTest<br>Parameters: , ENTER, departCity, , xpath, </td>
<td></td>
<td>1</td>
<td>com.booking.test.OneWayTripTest@778d1062</td></tr>
<tr>
<td title='com.booking.test.OneWayTripTest.OneWayTripSearchTest()'><b>OneWayTripSearchTest</b><br>Test class: com.booking.test.OneWayTripTest<br>Parameters: , CLICK, goingToCity, , xpath, </td>
<td></td>
<td>1</td>
<td>com.booking.test.OneWayTripTest@778d1062</td></tr>
<tr>
<td title='com.booking.test.OneWayTripTest.OneWayTripSearchTest()'><b>OneWayTripSearchTest</b><br>Test class: com.booking.test.OneWayTripTest<br>Parameters: , SETTEXT, goingToCity, , xpath, New Delhi</td>
<td></td>
<td>4</td>
<td>com.booking.test.OneWayTripTest@778d1062</td></tr>
<tr>
<td title='com.booking.test.OneWayTripTest.OneWayTripSearchTest()'><b>OneWayTripSearchTest</b><br>Test class: com.booking.test.OneWayTripTest<br>Parameters: , ENTER, goingToCity, , xpath, </td>
<td></td>
<td>1</td>
<td>com.booking.test.OneWayTripTest@778d1062</td></tr>
<tr>
<td title='com.booking.test.OneWayTripTest.OneWayTripSearchTest()'><b>OneWayTripSearchTest</b><br>Test class: com.booking.test.OneWayTripTest<br>Parameters: , CLICK, departDate, , xpath, </td>
<td></td>
<td>1</td>
<td>com.booking.test.OneWayTripTest@778d1062</td></tr>
<tr>
<td title='com.booking.test.OneWayTripTest.OneWayTripSearchTest()'><b>OneWayTripSearchTest</b><br>Test class: com.booking.test.OneWayTripTest<br>Parameters: , DATE, , , xpath, 08/12/2020</td>
<td></td>
<td>1</td>
<td>com.booking.test.OneWayTripTest@778d1062</td></tr>
<tr>
<td title='com.booking.test.OneWayTripTest.OneWayTripSearchTest()'><b>OneWayTripSearchTest</b><br>Test class: com.booking.test.OneWayTripTest<br>Parameters: , CLICK, travellersClass, , xpath, </td>
<td></td>
<td>1</td>
<td>com.booking.test.OneWayTripTest@778d1062</td></tr>
<tr>
<td title='com.booking.test.OneWayTripTest.OneWayTripSearchTest()'><b>OneWayTripSearchTest</b><br>Test class: com.booking.test.OneWayTripTest<br>Parameters: , CLICK, addAdult, , xpath, </td>
<td></td>
<td>1</td>
<td>com.booking.test.OneWayTripTest@778d1062</td></tr>
<tr>
<td title='com.booking.test.OneWayTripTest.OneWayTripSearchTest()'><b>OneWayTripSearchTest</b><br>Test class: com.booking.test.OneWayTripTest<br>Parameters: , CLICK, checkBox, , xpath, </td>
<td></td>
<td>1</td>
<td>com.booking.test.OneWayTripTest@778d1062</td></tr>
<tr>
<td title='com.booking.test.OneWayTripTest.OneWayTripSearchTest()'><b>OneWayTripSearchTest</b><br>Test class: com.booking.test.OneWayTripTest<br>Parameters: , CLICK, searchFlight, , xpath, </td>
<td></td>
<td>7</td>
<td>com.booking.test.OneWayTripTest@778d1062</td></tr>
<tr>
<td title='com.booking.test.OneWayTripTest.OneWayTripSearchTest()'><b>OneWayTripSearchTest</b><br>Test class: com.booking.test.OneWayTripTest<br>Parameters: , SLEEP, , , , </td>
<td></td>
<td>3</td>
<td>com.booking.test.OneWayTripTest@778d1062</td></tr>
<tr>
<td title='com.booking.test.OneWayTripTest.OneWayTripSearchTest()'><b>OneWayTripSearchTest</b><br>Test class: com.booking.test.OneWayTripTest<br>Parameters: , CLICK, moreFilters, , xpath, </td>
<td></td>
<td>7</td>
<td>com.booking.test.OneWayTripTest@778d1062</td></tr>
<tr>
<td title='com.booking.test.OneWayTripTest.OneWayTripSearchTest()'><b>OneWayTripSearchTest</b><br>Test class: com.booking.test.OneWayTripTest<br>Parameters: , CLICK, departTime, , xpath, 06-12</td>
<td></td>
<td>1</td>
<td>com.booking.test.OneWayTripTest@778d1062</td></tr>
<tr>
<td title='com.booking.test.OneWayTripTest.OneWayTripSearchTest()'><b>OneWayTripSearchTest</b><br>Test class: com.booking.test.OneWayTripTest<br>Parameters: , CLICK, airlineCheckBox, , xpath, Air Asia</td>
<td></td>
<td>1</td>
<td>com.booking.test.OneWayTripTest@778d1062</td></tr>
<tr>
<td title='com.booking.test.OneWayTripTest.OneWayTripSearchTest()'><b>OneWayTripSearchTest</b><br>Test class: com.booking.test.OneWayTripTest<br>Parameters: , CLICK, aircraftCheckBox, , xpath, Boeing 737</td>
<td></td>
<td>1</td>
<td>com.booking.test.OneWayTripTest@778d1062</td></tr>
<tr>
<td title='com.booking.test.OneWayTripTest.OneWayTripSearchTest()'><b>OneWayTripSearchTest</b><br>Test class: com.booking.test.OneWayTripTest<br>Parameters: , SLEEP, , , , </td>
<td></td>
<td>3</td>
<td>com.booking.test.OneWayTripTest@778d1062</td></tr>
<tr>
<td title='com.booking.test.OneWayTripTest.OneWayTripSearchTest()'><b>OneWayTripSearchTest</b><br>Test class: com.booking.test.OneWayTripTest<br>Parameters: OneWayTripTest8_InvalidContactDetails, , , , , </td>
<td></td>
<td>7</td>
<td>com.booking.test.OneWayTripTest@778d1062</td></tr>
<tr>
<td title='com.booking.test.OneWayTripTest.OneWayTripSearchTest()'><b>OneWayTripSearchTest</b><br>Test class: com.booking.test.OneWayTripTest<br>Parameters: , GOTOURL, , , , url</td>
<td></td>
<td>6</td>
<td>com.booking.test.OneWayTripTest@778d1062</td></tr>
<tr>
<td title='com.booking.test.OneWayTripTest.OneWayTripSearchTest()'><b>OneWayTripSearchTest</b><br>Test class: com.booking.test.OneWayTripTest<br>Parameters: , CLICK, departCity, , xpath, </td>
<td></td>
<td>3</td>
<td>com.booking.test.OneWayTripTest@778d1062</td></tr>
<tr>
<td title='com.booking.test.OneWayTripTest.OneWayTripSearchTest()'><b>OneWayTripSearchTest</b><br>Test class: com.booking.test.OneWayTripTest<br>Parameters: , SETTEXT, departCity, , xpath, Mumbai</td>
<td></td>
<td>1</td>
<td>com.booking.test.OneWayTripTest@778d1062</td></tr>
<tr>
<td title='com.booking.test.OneWayTripTest.OneWayTripSearchTest()'><b>OneWayTripSearchTest</b><br>Test class: com.booking.test.OneWayTripTest<br>Parameters: , ENTER, departCity, , xpath, </td>
<td></td>
<td>1</td>
<td>com.booking.test.OneWayTripTest@778d1062</td></tr>
<tr>
<td title='com.booking.test.OneWayTripTest.OneWayTripSearchTest()'><b>OneWayTripSearchTest</b><br>Test class: com.booking.test.OneWayTripTest<br>Parameters: , CLICK, goingToCity, , xpath, </td>
<td></td>
<td>2</td>
<td>com.booking.test.OneWayTripTest@778d1062</td></tr>
<tr>
<td title='com.booking.test.OneWayTripTest.OneWayTripSearchTest()'><b>OneWayTripSearchTest</b><br>Test class: com.booking.test.OneWayTripTest<br>Parameters: , SETTEXT, goingToCity, , xpath, New Delhi</td>
<td></td>
<td>2</td>
<td>com.booking.test.OneWayTripTest@778d1062</td></tr>
<tr>
<td title='com.booking.test.OneWayTripTest.OneWayTripSearchTest()'><b>OneWayTripSearchTest</b><br>Test class: com.booking.test.OneWayTripTest<br>Parameters: , ENTER, goingToCity, , xpath, </td>
<td></td>
<td>1</td>
<td>com.booking.test.OneWayTripTest@778d1062</td></tr>
<tr>
<td title='com.booking.test.OneWayTripTest.OneWayTripSearchTest()'><b>OneWayTripSearchTest</b><br>Test class: com.booking.test.OneWayTripTest<br>Parameters: , CLICK, departDate, , xpath, </td>
<td></td>
<td>1</td>
<td>com.booking.test.OneWayTripTest@778d1062</td></tr>
<tr>
<td title='com.booking.test.OneWayTripTest.OneWayTripSearchTest()'><b>OneWayTripSearchTest</b><br>Test class: com.booking.test.OneWayTripTest<br>Parameters: , DATE, , , xpath, 08/12/2020</td>
<td></td>
<td>1</td>
<td>com.booking.test.OneWayTripTest@778d1062</td></tr>
<tr>
<td title='com.booking.test.OneWayTripTest.OneWayTripSearchTest()'><b>OneWayTripSearchTest</b><br>Test class: com.booking.test.OneWayTripTest<br>Parameters: , CLICK, travellersClass, , xpath, </td>
<td></td>
<td>1</td>
<td>com.booking.test.OneWayTripTest@778d1062</td></tr>
<tr>
<td title='com.booking.test.OneWayTripTest.OneWayTripSearchTest()'><b>OneWayTripSearchTest</b><br>Test class: com.booking.test.OneWayTripTest<br>Parameters: , CLICK, addAdult, , xpath, </td>
<td></td>
<td>1</td>
<td>com.booking.test.OneWayTripTest@778d1062</td></tr>
<tr>
<td title='com.booking.test.OneWayTripTest.OneWayTripSearchTest()'><b>OneWayTripSearchTest</b><br>Test class: com.booking.test.OneWayTripTest<br>Parameters: , CLICK, checkBox, , xpath, </td>
<td></td>
<td>1</td>
<td>com.booking.test.OneWayTripTest@778d1062</td></tr>
<tr>
<td title='com.booking.test.OneWayTripTest.OneWayTripSearchTest()'><b>OneWayTripSearchTest</b><br>Test class: com.booking.test.OneWayTripTest<br>Parameters: , CLICK, searchFlight, , xpath, </td>
<td></td>
<td>6</td>
<td>com.booking.test.OneWayTripTest@778d1062</td></tr>
<tr>
<td title='com.booking.test.OneWayTripTest.OneWayTripSearchTest()'><b>OneWayTripSearchTest</b><br>Test class: com.booking.test.OneWayTripTest<br>Parameters: , SLEEP, , , , </td>
<td></td>
<td>3</td>
<td>com.booking.test.OneWayTripTest@778d1062</td></tr>
<tr>
<td title='com.booking.test.OneWayTripTest.OneWayTripSearchTest()'><b>OneWayTripSearchTest</b><br>Test class: com.booking.test.OneWayTripTest<br>Parameters: , CLICK, moreFilters, , xpath, </td>
<td></td>
<td>7</td>
<td>com.booking.test.OneWayTripTest@778d1062</td></tr>
<tr>
<td title='com.booking.test.OneWayTripTest.OneWayTripSearchTest()'><b>OneWayTripSearchTest</b><br>Test class: com.booking.test.OneWayTripTest<br>Parameters: , CLICK, departTime, , xpath, 06-12</td>
<td></td>
<td>1</td>
<td>com.booking.test.OneWayTripTest@778d1062</td></tr>
<tr>
<td title='com.booking.test.OneWayTripTest.OneWayTripSearchTest()'><b>OneWayTripSearchTest</b><br>Test class: com.booking.test.OneWayTripTest<br>Parameters: , CLICK, airlineCheckBox, , xpath, Vistara</td>
<td></td>
<td>1</td>
<td>com.booking.test.OneWayTripTest@778d1062</td></tr>
<tr>
<td title='com.booking.test.OneWayTripTest.OneWayTripSearchTest()'><b>OneWayTripSearchTest</b><br>Test class: com.booking.test.OneWayTripTest<br>Parameters: , CLICK, aircraftCheckBox, , xpath, Airbus A320-100</td>
<td></td>
<td>1</td>
<td>com.booking.test.OneWayTripTest@778d1062</td></tr>
<tr>
<td title='com.booking.test.OneWayTripTest.OneWayTripSearchTest()'><b>OneWayTripSearchTest</b><br>Test class: com.booking.test.OneWayTripTest<br>Parameters: , SLEEP, , , , </td>
<td></td>
<td>3</td>
<td>com.booking.test.OneWayTripTest@778d1062</td></tr>
<tr>
<td title='com.booking.test.OneWayTripTest.OneWayTripSearchTest()'><b>OneWayTripSearchTest</b><br>Test class: com.booking.test.OneWayTripTest<br>Parameters: , pageScroller, , , , 250</td>
<td></td>
<td>1</td>
<td>com.booking.test.OneWayTripTest@778d1062</td></tr>
<tr>
<td title='com.booking.test.OneWayTripTest.OneWayTripSearchTest()'><b>OneWayTripSearchTest</b><br>Test class: com.booking.test.OneWayTripTest<br>Parameters: , SLEEP, , , , </td>
<td></td>
<td>3</td>
<td>com.booking.test.OneWayTripTest@778d1062</td></tr>
<tr>
<td title='com.booking.test.OneWayTripTest.OneWayTripSearchTest()'><b>OneWayTripSearchTest</b><br>Test class: com.booking.test.OneWayTripTest<br>Parameters: , pageScroller, , , , 250</td>
<td></td>
<td>1</td>
<td>com.booking.test.OneWayTripTest@778d1062</td></tr>
<tr>
<td title='com.booking.test.OneWayTripTest.OneWayTripSearchTest()'><b>OneWayTripSearchTest</b><br>Test class: com.booking.test.OneWayTripTest<br>Parameters: , SLEEP, , , , </td>
<td></td>
<td>3</td>
<td>com.booking.test.OneWayTripTest@778d1062</td></tr>
<tr>
<td title='com.booking.test.OneWayTripTest.OneWayTripSearchTest()'><b>OneWayTripSearchTest</b><br>Test class: com.booking.test.OneWayTripTest<br>Parameters: , pageScroller, , , , </td>
<td></td>
<td>1</td>
<td>com.booking.test.OneWayTripTest@778d1062</td></tr>
<tr>
<td title='com.booking.test.OneWayTripTest.OneWayTripSearchTest()'><b>OneWayTripSearchTest</b><br>Test class: com.booking.test.OneWayTripTest<br>Parameters: , SLEEP, , , , </td>
<td></td>
<td>3</td>
<td>com.booking.test.OneWayTripTest@778d1062</td></tr>
<tr>
<td title='com.booking.test.OneWayTripTest.OneWayTripSearchTest()'><b>OneWayTripSearchTest</b><br>Test class: com.booking.test.OneWayTripTest<br>Parameters: OneWayTripTest9_ValidInputs, , , , , </td>
<td></td>
<td>8</td>
<td>com.booking.test.OneWayTripTest@778d1062</td></tr>
<tr>
<td title='com.booking.test.OneWayTripTest.OneWayTripSearchTest()'><b>OneWayTripSearchTest</b><br>Test class: com.booking.test.OneWayTripTest<br>Parameters: , GOTOURL, , , , url</td>
<td></td>
<td>5</td>
<td>com.booking.test.OneWayTripTest@778d1062</td></tr>
<tr>
<td title='com.booking.test.OneWayTripTest.OneWayTripSearchTest()'><b>OneWayTripSearchTest</b><br>Test class: com.booking.test.OneWayTripTest<br>Parameters: , CLICK, departCity, , xpath, </td>
<td></td>
<td>6</td>
<td>com.booking.test.OneWayTripTest@778d1062</td></tr>
<tr>
<td title='com.booking.test.OneWayTripTest.OneWayTripSearchTest()'><b>OneWayTripSearchTest</b><br>Test class: com.booking.test.OneWayTripTest<br>Parameters: , SETTEXT, departCity, , xpath, Mumbai</td>
<td></td>
<td>1</td>
<td>com.booking.test.OneWayTripTest@778d1062</td></tr>
<tr>
<td title='com.booking.test.OneWayTripTest.OneWayTripSearchTest()'><b>OneWayTripSearchTest</b><br>Test class: com.booking.test.OneWayTripTest<br>Parameters: , SLEEP, , , , </td>
<td></td>
<td>3</td>
<td>com.booking.test.OneWayTripTest@778d1062</td></tr>
<tr>
<td title='com.booking.test.OneWayTripTest.OneWayTripSearchTest()'><b>OneWayTripSearchTest</b><br>Test class: com.booking.test.OneWayTripTest<br>Parameters: , ENTER, departCity, , xpath, </td>
<td></td>
<td>2</td>
<td>com.booking.test.OneWayTripTest@778d1062</td></tr>
<tr>
<td title='com.booking.test.OneWayTripTest.OneWayTripSearchTest()'><b>OneWayTripSearchTest</b><br>Test class: com.booking.test.OneWayTripTest<br>Parameters: , SETTEXT, goingToCity, , xpath, New Delhi</td>
<td></td>
<td>2</td>
<td>com.booking.test.OneWayTripTest@778d1062</td></tr>
<tr>
<td title='com.booking.test.OneWayTripTest.OneWayTripSearchTest()'><b>OneWayTripSearchTest</b><br>Test class: com.booking.test.OneWayTripTest<br>Parameters: , ENTER, goingToCity, , xpath, </td>
<td></td>
<td>1</td>
<td>com.booking.test.OneWayTripTest@778d1062</td></tr>
<tr>
<td title='com.booking.test.OneWayTripTest.OneWayTripSearchTest()'><b>OneWayTripSearchTest</b><br>Test class: com.booking.test.OneWayTripTest<br>Parameters: , CLICK, departDate, , xpath, </td>
<td></td>
<td>1</td>
<td>com.booking.test.OneWayTripTest@778d1062</td></tr>
<tr>
<td title='com.booking.test.OneWayTripTest.OneWayTripSearchTest()'><b>OneWayTripSearchTest</b><br>Test class: com.booking.test.OneWayTripTest<br>Parameters: , DATE, , , xpath, 08/12/2020</td>
<td></td>
<td>1</td>
<td>com.booking.test.OneWayTripTest@778d1062</td></tr>
<tr>
<td title='com.booking.test.OneWayTripTest.OneWayTripSearchTest()'><b>OneWayTripSearchTest</b><br>Test class: com.booking.test.OneWayTripTest<br>Parameters: , CLICK, travellersClass, , xpath, </td>
<td></td>
<td>1</td>
<td>com.booking.test.OneWayTripTest@778d1062</td></tr>
<tr>
<td title='com.booking.test.OneWayTripTest.OneWayTripSearchTest()'><b>OneWayTripSearchTest</b><br>Test class: com.booking.test.OneWayTripTest<br>Parameters: , CLICK, addAdult, , xpath, </td>
<td></td>
<td>1</td>
<td>com.booking.test.OneWayTripTest@778d1062</td></tr>
<tr>
<td title='com.booking.test.OneWayTripTest.OneWayTripSearchTest()'><b>OneWayTripSearchTest</b><br>Test class: com.booking.test.OneWayTripTest<br>Parameters: , CLICK, checkBox, , xpath, </td>
<td></td>
<td>1</td>
<td>com.booking.test.OneWayTripTest@778d1062</td></tr>
<tr>
<td title='com.booking.test.OneWayTripTest.OneWayTripSearchTest()'><b>OneWayTripSearchTest</b><br>Test class: com.booking.test.OneWayTripTest<br>Parameters: , CLICK, searchFlight, , xpath, </td>
<td></td>
<td>7</td>
<td>com.booking.test.OneWayTripTest@778d1062</td></tr>
<tr>
<td title='com.booking.test.OneWayTripTest.OneWayTripSearchTest()'><b>OneWayTripSearchTest</b><br>Test class: com.booking.test.OneWayTripTest<br>Parameters: , CLICK, moreFilters, , xpath, </td>
<td></td>
<td>7</td>
<td>com.booking.test.OneWayTripTest@778d1062</td></tr>
<tr>
<td title='com.booking.test.OneWayTripTest.OneWayTripSearchTest()'><b>OneWayTripSearchTest</b><br>Test class: com.booking.test.OneWayTripTest<br>Parameters: , CLICK, departTime, , xpath, 06-12</td>
<td></td>
<td>1</td>
<td>com.booking.test.OneWayTripTest@778d1062</td></tr>
<tr>
<td title='com.booking.test.OneWayTripTest.OneWayTripSearchTest()'><b>OneWayTripSearchTest</b><br>Test class: com.booking.test.OneWayTripTest<br>Parameters: , CLICK, airlineCheckBox, , xpath, Vistara</td>
<td></td>
<td>1</td>
<td>com.booking.test.OneWayTripTest@778d1062</td></tr>
<tr>
<td title='com.booking.test.OneWayTripTest.OneWayTripSearchTest()'><b>OneWayTripSearchTest</b><br>Test class: com.booking.test.OneWayTripTest<br>Parameters: , CLICK, aircraftCheckBox, , xpath, Airbus A320-100</td>
<td></td>
<td>1</td>
<td>com.booking.test.OneWayTripTest@778d1062</td></tr>
<tr>
<td title='com.booking.test.OneWayTripTest.OneWayTripSearchTest()'><b>OneWayTripSearchTest</b><br>Test class: com.booking.test.OneWayTripTest<br>Parameters: , CLICK, applyFiltersButton, , xpath, </td>
<td></td>
<td>3</td>
<td>com.booking.test.OneWayTripTest@778d1062</td></tr>
<tr>
<td title='com.booking.test.OneWayTripTest.OneWayTripSearchTest()'><b>OneWayTripSearchTest</b><br>Test class: com.booking.test.OneWayTripTest<br>Parameters: , SLEEP, , , , </td>
<td></td>
<td>3</td>
<td>com.booking.test.OneWayTripTest@778d1062</td></tr>
<tr>
<td title='com.booking.test.OneWayTripTest.OneWayTripSearchTest()'><b>OneWayTripSearchTest</b><br>Test class: com.booking.test.OneWayTripTest<br>Parameters: , CLICK, bookButton, , xpath, </td>
<td></td>
<td>1</td>
<td>com.booking.test.OneWayTripTest@778d1062</td></tr>
<tr>
<td title='com.booking.test.OneWayTripTest.OneWayTripSearchTest()'><b>OneWayTripSearchTest</b><br>Test class: com.booking.test.OneWayTripTest<br>Parameters: , pageScroller, , , , 250</td>
<td></td>
<td>7</td>
<td>com.booking.test.OneWayTripTest@778d1062</td></tr>
<tr>
<td title='com.booking.test.OneWayTripTest.OneWayTripSearchTest()'><b>OneWayTripSearchTest</b><br>Test class: com.booking.test.OneWayTripTest<br>Parameters: , SETTEXT, emailId, , xpath, rr22@gmail.com</td>
<td></td>
<td>4</td>
<td>com.booking.test.OneWayTripTest@778d1062</td></tr>
<tr>
<td title='com.booking.test.OneWayTripTest.OneWayTripSearchTest()'><b>OneWayTripSearchTest</b><br>Test class: com.booking.test.OneWayTripTest<br>Parameters: , SETTEXT, mobileNumber, , xpath, 8.879316267E9</td>
<td></td>
<td>1</td>
<td>com.booking.test.OneWayTripTest@778d1062</td></tr>
<tr>
<td title='com.booking.test.OneWayTripTest.OneWayTripSearchTest()'><b>OneWayTripSearchTest</b><br>Test class: com.booking.test.OneWayTripTest<br>Parameters: , CLICK, titleMs, 0, xpath, </td>
<td></td>
<td>1</td>
<td>com.booking.test.OneWayTripTest@778d1062</td></tr>
<tr>
<td title='com.booking.test.OneWayTripTest.OneWayTripSearchTest()'><b>OneWayTripSearchTest</b><br>Test class: com.booking.test.OneWayTripTest<br>Parameters: , SETTEXT, firstName, 0, xpath, Richa</td>
<td></td>
<td>1</td>
<td>com.booking.test.OneWayTripTest@778d1062</td></tr>
<tr>
<td title='com.booking.test.OneWayTripTest.OneWayTripSearchTest()'><b>OneWayTripSearchTest</b><br>Test class: com.booking.test.OneWayTripTest<br>Parameters: , SETTEXT, lastName, 0, xpath, Rambhia</td>
<td></td>
<td>1</td>
<td>com.booking.test.OneWayTripTest@778d1062</td></tr>
<tr>
<td title='com.booking.test.OneWayTripTest.OneWayTripSearchTest()'><b>OneWayTripSearchTest</b><br>Test class: com.booking.test.OneWayTripTest<br>Parameters: , SLEEP, , , , </td>
<td></td>
<td>3</td>
<td>com.booking.test.OneWayTripTest@778d1062</td></tr>
<tr>
<td title='com.booking.test.OneWayTripTest.OneWayTripSearchTest()'><b>OneWayTripSearchTest</b><br>Test class: com.booking.test.OneWayTripTest<br>Parameters: , pageScroller, , , , 250</td>
<td></td>
<td>1</td>
<td>com.booking.test.OneWayTripTest@778d1062</td></tr>
<tr>
<td title='com.booking.test.OneWayTripTest.OneWayTripSearchTest()'><b>OneWayTripSearchTest</b><br>Test class: com.booking.test.OneWayTripTest<br>Parameters: , CLICK, titleMr, 1, xpath, </td>
<td></td>
<td>1</td>
<td>com.booking.test.OneWayTripTest@778d1062</td></tr>
<tr>
<td title='com.booking.test.OneWayTripTest.OneWayTripSearchTest()'><b>OneWayTripSearchTest</b><br>Test class: com.booking.test.OneWayTripTest<br>Parameters: , SETTEXT, firstName, 1, xpath, Smit </td>
<td></td>
<td>1</td>
<td>com.booking.test.OneWayTripTest@778d1062</td></tr>
<tr>
<td title='com.booking.test.OneWayTripTest.OneWayTripSearchTest()'><b>OneWayTripSearchTest</b><br>Test class: com.booking.test.OneWayTripTest<br>Parameters: , SETTEXT, lastName, 1, xpath, Savla</td>
<td></td>
<td>1</td>
<td>com.booking.test.OneWayTripTest@778d1062</td></tr>
<tr>
<td title='com.booking.test.OneWayTripTest.OneWayTripSearchTest()'><b>OneWayTripSearchTest</b><br>Test class: com.booking.test.OneWayTripTest<br>Parameters: , SLEEP, , , , </td>
<td></td>
<td>3</td>
<td>com.booking.test.OneWayTripTest@778d1062</td></tr>
<tr>
<td title='com.booking.test.OneWayTripTest.OneWayTripSearchTest()'><b>OneWayTripSearchTest</b><br>Test class: com.booking.test.OneWayTripTest<br>Parameters: , pageScroller, , , , 250</td>
<td></td>
<td>1</td>
<td>com.booking.test.OneWayTripTest@778d1062</td></tr>
<tr>
<td title='com.booking.test.OneWayTripTest.OneWayTripSearchTest()'><b>OneWayTripSearchTest</b><br>Test class: com.booking.test.OneWayTripTest<br>Parameters: , CLICK, addGstButton, , xpath, </td>
<td></td>
<td>1</td>
<td>com.booking.test.OneWayTripTest@778d1062</td></tr>
<tr>
<td title='com.booking.test.OneWayTripTest.OneWayTripSearchTest()'><b>OneWayTripSearchTest</b><br>Test class: com.booking.test.OneWayTripTest<br>Parameters: , SETTEXT, gstNumber, , xpath, 27AAKPK5210M1Z6</td>
<td></td>
<td>1</td>
<td>com.booking.test.OneWayTripTest@778d1062</td></tr>
<tr>
<td title='com.booking.test.OneWayTripTest.OneWayTripSearchTest()'><b>OneWayTripSearchTest</b><br>Test class: com.booking.test.OneWayTripTest<br>Parameters: , SETTEXT, gstCompanyName, , xpath, L&T</td>
<td></td>
<td>1</td>
<td>com.booking.test.OneWayTripTest@778d1062</td></tr>
<tr>
<td title='com.booking.test.OneWayTripTest.OneWayTripSearchTest()'><b>OneWayTripSearchTest</b><br>Test class: com.booking.test.OneWayTripTest<br>Parameters: , SETTEXT, gstEmailId, , xpath, rs@gmail.com</td>
<td></td>
<td>2</td>
<td>com.booking.test.OneWayTripTest@778d1062</td></tr>
<tr>
<td title='com.booking.test.OneWayTripTest.OneWayTripSearchTest()'><b>OneWayTripSearchTest</b><br>Test class: com.booking.test.OneWayTripTest<br>Parameters: , SETTEXT, gstMobileNumber, , xpath, 9654201872</td>
<td></td>
<td>1</td>
<td>com.booking.test.OneWayTripTest@778d1062</td></tr>
<tr>
<td title='com.booking.test.OneWayTripTest.OneWayTripSearchTest()'><b>OneWayTripSearchTest</b><br>Test class: com.booking.test.OneWayTripTest<br>Parameters: , SETTEXT, gstAddress, , xpath, Khar West</td>
<td></td>
<td>1</td>
<td>com.booking.test.OneWayTripTest@778d1062</td></tr>
<tr>
<td title='com.booking.test.OneWayTripTest.OneWayTripSearchTest()'><b>OneWayTripSearchTest</b><br>Test class: com.booking.test.OneWayTripTest<br>Parameters: , SETTEXT, gstCity, , xpath, Mumbai</td>
<td></td>
<td>1</td>
<td>com.booking.test.OneWayTripTest@778d1062</td></tr>
<tr>
<td title='com.booking.test.OneWayTripTest.OneWayTripSearchTest()'><b>OneWayTripSearchTest</b><br>Test class: com.booking.test.OneWayTripTest<br>Parameters: , SETTEXT, gstPinCode, , xpath, 400052</td>
<td></td>
<td>1</td>
<td>com.booking.test.OneWayTripTest@778d1062</td></tr>
<tr>
<td title='com.booking.test.OneWayTripTest.OneWayTripSearchTest()'><b>OneWayTripSearchTest</b><br>Test class: com.booking.test.OneWayTripTest<br>Parameters: , SETTEXT, gstState, , xpath, Maharashtra</td>
<td></td>
<td>1</td>
<td>com.booking.test.OneWayTripTest@778d1062</td></tr>
<tr>
<td title='com.booking.test.OneWayTripTest.OneWayTripSearchTest()'><b>OneWayTripSearchTest</b><br>Test class: com.booking.test.OneWayTripTest<br>Parameters: , SLEEP, , , , </td>
<td></td>
<td>3</td>
<td>com.booking.test.OneWayTripTest@778d1062</td></tr>
<tr>
<td title='com.booking.test.OneWayTripTest.OneWayTripSearchTest()'><b>OneWayTripSearchTest</b><br>Test class: com.booking.test.OneWayTripTest<br>Parameters: , pageScroller, , , , 250</td>
<td></td>
<td>1</td>
<td>com.booking.test.OneWayTripTest@778d1062</td></tr>
<tr>
<td title='com.booking.test.OneWayTripTest.OneWayTripSearchTest()'><b>OneWayTripSearchTest</b><br>Test class: com.booking.test.OneWayTripTest<br>Parameters: , CLICK, addGstSubmitButton, , xpath, </td>
<td></td>
<td>1</td>
<td>com.booking.test.OneWayTripTest@778d1062</td></tr>
<tr>
<td title='com.booking.test.OneWayTripTest.OneWayTripSearchTest()'><b>OneWayTripSearchTest</b><br>Test class: com.booking.test.OneWayTripTest<br>Parameters: , pageScroller, , , , </td>
<td></td>
<td>1</td>
<td>com.booking.test.OneWayTripTest@778d1062</td></tr>
<tr>
<td title='com.booking.test.OneWayTripTest.OneWayTripSearchTest()'><b>OneWayTripSearchTest</b><br>Test class: com.booking.test.OneWayTripTest<br>Parameters: , CLICK, proceedToPaymentButton, , xpath, </td>
<td></td>
<td>1</td>
<td>com.booking.test.OneWayTripTest@778d1062</td></tr>
<tr>
<td title='com.booking.test.OneWayTripTest.OneWayTripSearchTest()'><b>OneWayTripSearchTest</b><br>Test class: com.booking.test.OneWayTripTest<br>Parameters: , CLICK, travelProtectionButton, , xpath, </td>
<td></td>
<td>1</td>
<td>com.booking.test.OneWayTripTest@778d1062</td></tr>
</table><p>
</body>
</html>