<?xml version="1.0" encoding="UTF-8"?>
<!-- Generated by org.testng.reporters.JUnitReportReporter -->
<testsuite skipped="0" hostname="HP" name="com.booking.test.RoundTripTest" tests="209" failures="6" timestamp="01 Dec 2020 13:54:42 GMT" time="602.567" errors="10">
  <testcase name="RoundTripSearchTest" time="1.557" classname="com.booking.test.RoundTripTest"/>
  <testcase name="RoundTripSearchTest" time="1.319" classname="com.booking.test.RoundTripTest"/>
  <testcase name="RoundTripSearchTest" time="1.550" classname="com.booking.test.RoundTripTest"/>
  <testcase name="RoundTripSearchTest" time="1.422" classname="com.booking.test.RoundTripTest"/>
  <testcase name="RoundTripSearchTest" time="7.325" classname="com.booking.test.RoundTripTest"/>
  <testcase name="RoundTripSearchTest" time="2.017" classname="com.booking.test.RoundTripTest">
    <failure type="java.lang.AssertionError" message="null">
      <![CDATA[java.lang.AssertionError: null
at org.testng.Assert.fail(Assert.java:96)
at org.testng.Assert.assertNotEquals(Assert.java:1157)
at org.testng.Assert.assertNotEquals(Assert.java:1162)
at com.yatra.utils.ResultCompare.verifyResults(ResultCompare.java:40)
at com.yatra.utils.UIOperation.perform(UIOperation.java:124)
at com.booking.test.RoundTripTest.RoundTripSearchTest(RoundTripTest.java:54)
at sun.reflect.GeneratedMethodAccessor1.invoke(Unknown Source)
at sun.reflect.DelegatingMethodAccessorImpl.invoke(Unknown Source)
at java.lang.reflect.Method.invoke(Unknown Source)
at org.testng.internal.MethodInvocationHelper.invokeMethod(MethodInvocationHelper.java:124)
at org.testng.internal.Invoker.invokeMethod(Invoker.java:583)
at org.testng.internal.Invoker.invokeTestMethod(Invoker.java:719)
at org.testng.internal.Invoker.invokeTestMethods(Invoker.java:989)
at org.testng.internal.TestMethodWorker.invokeTestMethods(TestMethodWorker.java:125)
at org.testng.internal.TestMethodWorker.run(TestMethodWorker.java:109)
at org.testng.TestRunner.privateRun(TestRunner.java:648)
at org.testng.TestRunner.run(TestRunner.java:505)
at org.testng.SuiteRunner.runTest(SuiteRunner.java:455)
at org.testng.SuiteRunner.runSequentially(SuiteRunner.java:450)
at org.testng.SuiteRunner.privateRun(SuiteRunner.java:415)
at org.testng.SuiteRunner.run(SuiteRunner.java:364)
at org.testng.SuiteRunnerWorker.runSuite(SuiteRunnerWorker.java:52)
at org.testng.SuiteRunnerWorker.run(SuiteRunnerWorker.java:84)
at org.testng.TestNG.runSuitesSequentially(TestNG.java:1208)
at org.testng.TestNG.runSuitesLocally(TestNG.java:1137)
at org.testng.TestNG.runSuites(TestNG.java:1049)
at org.testng.TestNG.run(TestNG.java:1017)
at org.testng.remote.AbstractRemoteTestNG.run(AbstractRemoteTestNG.java:132)
at org.testng.remote.RemoteTestNG.initAndRun(RemoteTestNG.java:230)
at org.testng.remote.RemoteTestNG.main(RemoteTestNG.java:76)
]]>
    </failure>
  </testcase> <!-- RoundTripSearchTest -->
  <testcase name="RoundTripSearchTest" time="1.394" classname="com.booking.test.RoundTripTest"/>
  <testcase name="RoundTripSearchTest" time="1.208" classname="com.booking.test.RoundTripTest"/>
  <testcase name="RoundTripSearchTest" time="0.003" classname="com.booking.test.RoundTripTest">
    <error type="java.lang.Exception" message="Wrong object type">
      <![CDATA[java.lang.Exception: Wrong object type
at com.yatra.utils.ResultCompare.getObject(ResultCompare.java:125)
at com.yatra.utils.ResultCompare.verifyResults(ResultCompare.java:50)
at com.yatra.utils.UIOperation.perform(UIOperation.java:124)
at com.booking.test.RoundTripTest.RoundTripSearchTest(RoundTripTest.java:54)
at sun.reflect.GeneratedMethodAccessor1.invoke(Unknown Source)
at sun.reflect.DelegatingMethodAccessorImpl.invoke(Unknown Source)
at java.lang.reflect.Method.invoke(Unknown Source)
at org.testng.internal.MethodInvocationHelper.invokeMethod(MethodInvocationHelper.java:124)
at org.testng.internal.Invoker.invokeMethod(Invoker.java:583)
at org.testng.internal.Invoker.invokeTestMethod(Invoker.java:719)
at org.testng.internal.Invoker.invokeTestMethods(Invoker.java:989)
at org.testng.internal.TestMethodWorker.invokeTestMethods(TestMethodWorker.java:125)
at org.testng.internal.TestMethodWorker.run(TestMethodWorker.java:109)
at org.testng.TestRunner.privateRun(TestRunner.java:648)
at org.testng.TestRunner.run(TestRunner.java:505)
at org.testng.SuiteRunner.runTest(SuiteRunner.java:455)
at org.testng.SuiteRunner.runSequentially(SuiteRunner.java:450)
at org.testng.SuiteRunner.privateRun(SuiteRunner.java:415)
at org.testng.SuiteRunner.run(SuiteRunner.java:364)
at org.testng.SuiteRunnerWorker.runSuite(SuiteRunnerWorker.java:52)
at org.testng.SuiteRunnerWorker.run(SuiteRunnerWorker.java:84)
at org.testng.TestNG.runSuitesSequentially(TestNG.java:1208)
at org.testng.TestNG.runSuitesLocally(TestNG.java:1137)
at org.testng.TestNG.runSuites(TestNG.java:1049)
at org.testng.TestNG.run(TestNG.java:1017)
at org.testng.remote.AbstractRemoteTestNG.run(AbstractRemoteTestNG.java:132)
at org.testng.remote.RemoteTestNG.initAndRun(RemoteTestNG.java:230)
at org.testng.remote.RemoteTestNG.main(RemoteTestNG.java:76)
]]>
    </error>
  </testcase> <!-- RoundTripSearchTest -->
  <testcase name="RoundTripSearchTest" time="3.003" classname="com.booking.test.RoundTripTest"/>
  <testcase name="RoundTripSearchTest" time="1.345" classname="com.booking.test.RoundTripTest"/>
  <testcase name="RoundTripSearchTest" time="3.109" classname="com.booking.test.RoundTripTest"/>
  <testcase name="RoundTripSearchTest" time="1.315" classname="com.booking.test.RoundTripTest"/>
  <testcase name="RoundTripSearchTest" time="6.583" classname="com.booking.test.RoundTripTest"/>
  <testcase name="RoundTripSearchTest" time="1.415" classname="com.booking.test.RoundTripTest"/>
  <testcase name="RoundTripSearchTest" time="7.104" classname="com.booking.test.RoundTripTest"/>
  <testcase name="RoundTripSearchTest" time="5.589" classname="com.booking.test.RoundTripTest"/>
  <testcase name="RoundTripSearchTest" time="1.171" classname="com.booking.test.RoundTripTest"/>
  <testcase name="RoundTripSearchTest" time="1.435" classname="com.booking.test.RoundTripTest"/>
  <testcase name="RoundTripSearchTest" time="3.002" classname="com.booking.test.RoundTripTest"/>
  <testcase name="RoundTripSearchTest" time="1.030" classname="com.booking.test.RoundTripTest"/>
  <testcase name="RoundTripSearchTest" time="1.624" classname="com.booking.test.RoundTripTest"/>
  <testcase name="RoundTripSearchTest" time="3.698" classname="com.booking.test.RoundTripTest"/>
  <testcase name="RoundTripSearchTest" time="7.025" classname="com.booking.test.RoundTripTest"/>
  <testcase name="RoundTripSearchTest" time="5.086" classname="com.booking.test.RoundTripTest"/>
  <testcase name="RoundTripSearchTest" time="1.293" classname="com.booking.test.RoundTripTest"/>
  <testcase name="RoundTripSearchTest" time="3.004" classname="com.booking.test.RoundTripTest"/>
  <testcase name="RoundTripSearchTest" time="3.025" classname="com.booking.test.RoundTripTest"/>
  <testcase name="RoundTripSearchTest" time="1.472" classname="com.booking.test.RoundTripTest"/>
  <testcase name="RoundTripSearchTest" time="1.502" classname="com.booking.test.RoundTripTest"/>
  <testcase name="RoundTripSearchTest" time="1.246" classname="com.booking.test.RoundTripTest">
    <error type="org.openqa.selenium.ElementClickInterceptedException" message="element click intercepted: Element &lt;div class=&quot;tuple&quot;&gt;...&lt;/div&gt; is not clickable at point (772, 613). Other element would receive the click: &lt;div class=&quot;stop-cont no-wrap pl-13&quot;&gt;...&lt;/div&gt;
  (Session info: chrome=87.0.4280.66)
Build info: version: &#039;3.141.59&#039;, revision: &#039;e82be7d358&#039;, time: &#039;2018-11-14T08:17:03&#039;
System info: host: &#039;HP&#039;, ip: &#039;192.168.0.104&#039;, os.name: &#039;Windows 8.1&#039;, os.arch: &#039;amd64&#039;, os.version: &#039;6.3&#039;, java.version: &#039;1.8.0_261&#039;
Driver info: org.openqa.selenium.chrome.ChromeDriver
Capabilities {acceptInsecureCerts: false, browserName: chrome, browserVersion: 87.0.4280.66, chrome: {chromedriverVersion: 86.0.4240.22 (398b0743353ff..., userDataDir: C:\Users\Umesh\AppData\Loca...}, goog:chromeOptions: {debuggerAddress: localhost:56703}, javascriptEnabled: true, networkConnectionEnabled: false, pageLoadStrategy: normal, platform: WINDOWS, platformName: WINDOWS, proxy: Proxy(), setWindowRect: true, strictFileInteractability: false, timeouts: {implicit: 0, pageLoad: 300000, script: 30000}, unhandledPromptBehavior: dismiss and notify, webauthn:virtualAuthenticators: true}
Session ID: b7dadb63e9e82bdc5076a8c1db3fbf97">
      <![CDATA[org.openqa.selenium.ElementClickInterceptedException: element click intercepted: Element <div class="tuple">...</div> is not clickable at point (772, 613). Other element would receive the click: <div class="stop-cont no-wrap pl-13">...</div>
  (Session info: chrome=87.0.4280.66)
Build info: version: '3.141.59', revision: 'e82be7d358', time: '2018-11-14T08:17:03'
System info: host: 'HP', ip: '192.168.0.104', os.name: 'Windows 8.1', os.arch: 'amd64', os.version: '6.3', java.version: '1.8.0_261'
Driver info: org.openqa.selenium.chrome.ChromeDriver
Capabilities {acceptInsecureCerts: false, browserName: chrome, browserVersion: 87.0.4280.66, chrome: {chromedriverVersion: 86.0.4240.22 (398b0743353ff..., userDataDir: C:\Users\Umesh\AppData\Loca...}, goog:chromeOptions: {debuggerAddress: localhost:56703}, javascriptEnabled: true, networkConnectionEnabled: false, pageLoadStrategy: normal, platform: WINDOWS, platformName: WINDOWS, proxy: Proxy(), setWindowRect: true, strictFileInteractability: false, timeouts: {implicit: 0, pageLoad: 300000, script: 30000}, unhandledPromptBehavior: dismiss and notify, webauthn:virtualAuthenticators: true}
Session ID: b7dadb63e9e82bdc5076a8c1db3fbf97
at sun.reflect.NativeConstructorAccessorImpl.newInstance0(Native Method)
at sun.reflect.NativeConstructorAccessorImpl.newInstance(Unknown Source)
at sun.reflect.DelegatingConstructorAccessorImpl.newInstance(Unknown Source)
at java.lang.reflect.Constructor.newInstance(Unknown Source)
at org.openqa.selenium.remote.http.W3CHttpResponseCodec.createException(W3CHttpResponseCodec.java:187)
at org.openqa.selenium.remote.http.W3CHttpResponseCodec.decode(W3CHttpResponseCodec.java:122)
at org.openqa.selenium.remote.http.W3CHttpResponseCodec.decode(W3CHttpResponseCodec.java:49)
at org.openqa.selenium.remote.HttpCommandExecutor.execute(HttpCommandExecutor.java:158)
at org.openqa.selenium.remote.service.DriverCommandExecutor.execute(DriverCommandExecutor.java:83)
at org.openqa.selenium.remote.RemoteWebDriver.execute(RemoteWebDriver.java:552)
at org.openqa.selenium.remote.RemoteWebElement.execute(RemoteWebElement.java:285)
at org.openqa.selenium.remote.RemoteWebElement.click(RemoteWebElement.java:84)
at com.yatra.utils.UIOperation.perform(UIOperation.java:48)
at com.booking.test.RoundTripTest.RoundTripSearchTest(RoundTripTest.java:54)
at sun.reflect.GeneratedMethodAccessor1.invoke(Unknown Source)
at sun.reflect.DelegatingMethodAccessorImpl.invoke(Unknown Source)
at java.lang.reflect.Method.invoke(Unknown Source)
at org.testng.internal.MethodInvocationHelper.invokeMethod(MethodInvocationHelper.java:124)
at org.testng.internal.Invoker.invokeMethod(Invoker.java:583)
at org.testng.internal.Invoker.invokeTestMethod(Invoker.java:719)
at org.testng.internal.Invoker.invokeTestMethods(Invoker.java:989)
at org.testng.internal.TestMethodWorker.invokeTestMethods(TestMethodWorker.java:125)
at org.testng.internal.TestMethodWorker.run(TestMethodWorker.java:109)
at org.testng.TestRunner.privateRun(TestRunner.java:648)
at org.testng.TestRunner.run(TestRunner.java:505)
at org.testng.SuiteRunner.runTest(SuiteRunner.java:455)
at org.testng.SuiteRunner.runSequentially(SuiteRunner.java:450)
at org.testng.SuiteRunner.privateRun(SuiteRunner.java:415)
at org.testng.SuiteRunner.run(SuiteRunner.java:364)
at org.testng.SuiteRunnerWorker.runSuite(SuiteRunnerWorker.java:52)
at org.testng.SuiteRunnerWorker.run(SuiteRunnerWorker.java:84)
at org.testng.TestNG.runSuitesSequentially(TestNG.java:1208)
at org.testng.TestNG.runSuitesLocally(TestNG.java:1137)
at org.testng.TestNG.runSuites(TestNG.java:1049)
at org.testng.TestNG.run(TestNG.java:1017)
at org.testng.remote.AbstractRemoteTestNG.run(AbstractRemoteTestNG.java:132)
at org.testng.remote.RemoteTestNG.initAndRun(RemoteTestNG.java:230)
at org.testng.remote.RemoteTestNG.main(RemoteTestNG.java:76)
]]>
    </error>
  </testcase> <!-- RoundTripSearchTest -->
  <testcase name="RoundTripSearchTest" time="3.004" classname="com.booking.test.RoundTripTest"/>
  <testcase name="RoundTripSearchTest" time="1.799" classname="com.booking.test.RoundTripTest">
    <error type="org.openqa.selenium.ElementClickInterceptedException" message="element click intercepted: Element &lt;i class=&quot;ico ico-checkbox&quot;&gt;&lt;/i&gt; is not clickable at point (81, 369). Other element would receive the click: &lt;td data-date=&quot;06/12/2020&quot; title=&quot;Sunday, 6 December 2020&quot; id=&quot;06/12/2020&quot; class=&quot;inActiveTD weekend&quot;&gt;...&lt;/td&gt;
  (Session info: chrome=87.0.4280.66)
Build info: version: &#039;3.141.59&#039;, revision: &#039;e82be7d358&#039;, time: &#039;2018-11-14T08:17:03&#039;
System info: host: &#039;HP&#039;, ip: &#039;192.168.0.104&#039;, os.name: &#039;Windows 8.1&#039;, os.arch: &#039;amd64&#039;, os.version: &#039;6.3&#039;, java.version: &#039;1.8.0_261&#039;
Driver info: org.openqa.selenium.chrome.ChromeDriver
Capabilities {acceptInsecureCerts: false, browserName: chrome, browserVersion: 87.0.4280.66, chrome: {chromedriverVersion: 86.0.4240.22 (398b0743353ff..., userDataDir: C:\Users\Umesh\AppData\Loca...}, goog:chromeOptions: {debuggerAddress: localhost:56275}, javascriptEnabled: true, networkConnectionEnabled: false, pageLoadStrategy: normal, platform: WINDOWS, platformName: WINDOWS, proxy: Proxy(), setWindowRect: true, strictFileInteractability: false, timeouts: {implicit: 0, pageLoad: 300000, script: 30000}, unhandledPromptBehavior: dismiss and notify, webauthn:virtualAuthenticators: true}
Session ID: f7dca9aea01b22a48e8caad69755ee10">
      <![CDATA[org.openqa.selenium.ElementClickInterceptedException: element click intercepted: Element <i class="ico ico-checkbox"></i> is not clickable at point (81, 369). Other element would receive the click: <td data-date="06/12/2020" title="Sunday, 6 December 2020" id="06/12/2020" class="inActiveTD weekend">...</td>
  (Session info: chrome=87.0.4280.66)
Build info: version: '3.141.59', revision: 'e82be7d358', time: '2018-11-14T08:17:03'
System info: host: 'HP', ip: '192.168.0.104', os.name: 'Windows 8.1', os.arch: 'amd64', os.version: '6.3', java.version: '1.8.0_261'
Driver info: org.openqa.selenium.chrome.ChromeDriver
Capabilities {acceptInsecureCerts: false, browserName: chrome, browserVersion: 87.0.4280.66, chrome: {chromedriverVersion: 86.0.4240.22 (398b0743353ff..., userDataDir: C:\Users\Umesh\AppData\Loca...}, goog:chromeOptions: {debuggerAddress: localhost:56275}, javascriptEnabled: true, networkConnectionEnabled: false, pageLoadStrategy: normal, platform: WINDOWS, platformName: WINDOWS, proxy: Proxy(), setWindowRect: true, strictFileInteractability: false, timeouts: {implicit: 0, pageLoad: 300000, script: 30000}, unhandledPromptBehavior: dismiss and notify, webauthn:virtualAuthenticators: true}
Session ID: f7dca9aea01b22a48e8caad69755ee10
at sun.reflect.NativeConstructorAccessorImpl.newInstance0(Native Method)
at sun.reflect.NativeConstructorAccessorImpl.newInstance(Unknown Source)
at sun.reflect.DelegatingConstructorAccessorImpl.newInstance(Unknown Source)
at java.lang.reflect.Constructor.newInstance(Unknown Source)
at org.openqa.selenium.remote.http.W3CHttpResponseCodec.createException(W3CHttpResponseCodec.java:187)
at org.openqa.selenium.remote.http.W3CHttpResponseCodec.decode(W3CHttpResponseCodec.java:122)
at org.openqa.selenium.remote.http.W3CHttpResponseCodec.decode(W3CHttpResponseCodec.java:49)
at org.openqa.selenium.remote.HttpCommandExecutor.execute(HttpCommandExecutor.java:158)
at org.openqa.selenium.remote.service.DriverCommandExecutor.execute(DriverCommandExecutor.java:83)
at org.openqa.selenium.remote.RemoteWebDriver.execute(RemoteWebDriver.java:552)
at org.openqa.selenium.remote.RemoteWebElement.execute(RemoteWebElement.java:285)
at org.openqa.selenium.remote.RemoteWebElement.click(RemoteWebElement.java:84)
at com.yatra.utils.UIOperation.perform(UIOperation.java:48)
at com.booking.test.RoundTripTest.RoundTripSearchTest(RoundTripTest.java:54)
at sun.reflect.GeneratedMethodAccessor1.invoke(Unknown Source)
at sun.reflect.DelegatingMethodAccessorImpl.invoke(Unknown Source)
at java.lang.reflect.Method.invoke(Unknown Source)
at org.testng.internal.MethodInvocationHelper.invokeMethod(MethodInvocationHelper.java:124)
at org.testng.internal.Invoker.invokeMethod(Invoker.java:583)
at org.testng.internal.Invoker.invokeTestMethod(Invoker.java:719)
at org.testng.internal.Invoker.invokeTestMethods(Invoker.java:989)
at org.testng.internal.TestMethodWorker.invokeTestMethods(TestMethodWorker.java:125)
at org.testng.internal.TestMethodWorker.run(TestMethodWorker.java:109)
at org.testng.TestRunner.privateRun(TestRunner.java:648)
at org.testng.TestRunner.run(TestRunner.java:505)
at org.testng.SuiteRunner.runTest(SuiteRunner.java:455)
at org.testng.SuiteRunner.runSequentially(SuiteRunner.java:450)
at org.testng.SuiteRunner.privateRun(SuiteRunner.java:415)
at org.testng.SuiteRunner.run(SuiteRunner.java:364)
at org.testng.SuiteRunnerWorker.runSuite(SuiteRunnerWorker.java:52)
at org.testng.SuiteRunnerWorker.run(SuiteRunnerWorker.java:84)
at org.testng.TestNG.runSuitesSequentially(TestNG.java:1208)
at org.testng.TestNG.runSuitesLocally(TestNG.java:1137)
at org.testng.TestNG.runSuites(TestNG.java:1049)
at org.testng.TestNG.run(TestNG.java:1017)
at org.testng.remote.AbstractRemoteTestNG.run(AbstractRemoteTestNG.java:132)
at org.testng.remote.RemoteTestNG.initAndRun(RemoteTestNG.java:230)
at org.testng.remote.RemoteTestNG.main(RemoteTestNG.java:76)
]]>
    </error>
  </testcase> <!-- RoundTripSearchTest -->
  <testcase name="RoundTripSearchTest" time="9.019" classname="com.booking.test.RoundTripTest"/>
  <testcase name="RoundTripSearchTest" time="1.664" classname="com.booking.test.RoundTripTest"/>
  <testcase name="RoundTripSearchTest" time="2.320" classname="com.booking.test.RoundTripTest"/>
  <testcase name="RoundTripSearchTest" time="3.002" classname="com.booking.test.RoundTripTest"/>
  <testcase name="RoundTripSearchTest" time="3.003" classname="com.booking.test.RoundTripTest"/>
  <testcase name="RoundTripSearchTest" time="1.235" classname="com.booking.test.RoundTripTest"/>
  <testcase name="RoundTripSearchTest" time="1.259" classname="com.booking.test.RoundTripTest"/>
  <testcase name="RoundTripSearchTest" time="1.391" classname="com.booking.test.RoundTripTest"/>
  <testcase name="RoundTripSearchTest" time="7.054" classname="com.booking.test.RoundTripTest"/>
  <testcase name="RoundTripSearchTest" time="3.005" classname="com.booking.test.RoundTripTest"/>
  <testcase name="RoundTripSearchTest" time="2.173" classname="com.booking.test.RoundTripTest"/>
  <testcase name="RoundTripSearchTest" time="3.002" classname="com.booking.test.RoundTripTest"/>
  <testcase name="RoundTripSearchTest" time="1.390" classname="com.booking.test.RoundTripTest"/>
  <testcase name="RoundTripSearchTest" time="3.393" classname="com.booking.test.RoundTripTest"/>
  <testcase name="RoundTripSearchTest" time="1.177" classname="com.booking.test.RoundTripTest"/>
  <testcase name="RoundTripSearchTest" time="4.174" classname="com.booking.test.RoundTripTest"/>
  <testcase name="RoundTripSearchTest" time="3.004" classname="com.booking.test.RoundTripTest"/>
  <testcase name="RoundTripSearchTest" time="1.427" classname="com.booking.test.RoundTripTest"/>
  <testcase name="RoundTripSearchTest" time="8.993" classname="com.booking.test.RoundTripTest"/>
  <testcase name="RoundTripSearchTest" time="8.657" classname="com.booking.test.RoundTripTest"/>
  <testcase name="RoundTripSearchTest" time="1.348" classname="com.booking.test.RoundTripTest"/>
  <testcase name="RoundTripSearchTest" time="7.048" classname="com.booking.test.RoundTripTest"/>
  <testcase name="RoundTripSearchTest" time="6.438" classname="com.booking.test.RoundTripTest"/>
  <testcase name="RoundTripSearchTest" time="1.165" classname="com.booking.test.RoundTripTest"/>
  <testcase name="RoundTripSearchTest" time="6.192" classname="com.booking.test.RoundTripTest">
    <error type="org.openqa.selenium.ElementNotInteractableException" message="element not interactable
  (Session info: chrome=87.0.4280.66)
Build info: version: &#039;3.141.59&#039;, revision: &#039;e82be7d358&#039;, time: &#039;2018-11-14T08:17:03&#039;
System info: host: &#039;HP&#039;, ip: &#039;192.168.0.104&#039;, os.name: &#039;Windows 8.1&#039;, os.arch: &#039;amd64&#039;, os.version: &#039;6.3&#039;, java.version: &#039;1.8.0_261&#039;
Driver info: org.openqa.selenium.chrome.ChromeDriver
Capabilities {acceptInsecureCerts: false, browserName: chrome, browserVersion: 87.0.4280.66, chrome: {chromedriverVersion: 86.0.4240.22 (398b0743353ff..., userDataDir: C:\Users\Umesh\AppData\Loca...}, goog:chromeOptions: {debuggerAddress: localhost:56343}, javascriptEnabled: true, networkConnectionEnabled: false, pageLoadStrategy: normal, platform: WINDOWS, platformName: WINDOWS, proxy: Proxy(), setWindowRect: true, strictFileInteractability: false, timeouts: {implicit: 0, pageLoad: 300000, script: 30000}, unhandledPromptBehavior: dismiss and notify, webauthn:virtualAuthenticators: true}
Session ID: 4166ae3bf65a1f197a34a72106a02bcc">
      <![CDATA[org.openqa.selenium.ElementNotInteractableException: element not interactable
  (Session info: chrome=87.0.4280.66)
Build info: version: '3.141.59', revision: 'e82be7d358', time: '2018-11-14T08:17:03'
System info: host: 'HP', ip: '192.168.0.104', os.name: 'Windows 8.1', os.arch: 'amd64', os.version: '6.3', java.version: '1.8.0_261'
Driver info: org.openqa.selenium.chrome.ChromeDriver
Capabilities {acceptInsecureCerts: false, browserName: chrome, browserVersion: 87.0.4280.66, chrome: {chromedriverVersion: 86.0.4240.22 (398b0743353ff..., userDataDir: C:\Users\Umesh\AppData\Loca...}, goog:chromeOptions: {debuggerAddress: localhost:56343}, javascriptEnabled: true, networkConnectionEnabled: false, pageLoadStrategy: normal, platform: WINDOWS, platformName: WINDOWS, proxy: Proxy(), setWindowRect: true, strictFileInteractability: false, timeouts: {implicit: 0, pageLoad: 300000, script: 30000}, unhandledPromptBehavior: dismiss and notify, webauthn:virtualAuthenticators: true}
Session ID: 4166ae3bf65a1f197a34a72106a02bcc
at sun.reflect.NativeConstructorAccessorImpl.newInstance0(Native Method)
at sun.reflect.NativeConstructorAccessorImpl.newInstance(Unknown Source)
at sun.reflect.DelegatingConstructorAccessorImpl.newInstance(Unknown Source)
at java.lang.reflect.Constructor.newInstance(Unknown Source)
at org.openqa.selenium.remote.http.W3CHttpResponseCodec.createException(W3CHttpResponseCodec.java:187)
at org.openqa.selenium.remote.http.W3CHttpResponseCodec.decode(W3CHttpResponseCodec.java:122)
at org.openqa.selenium.remote.http.W3CHttpResponseCodec.decode(W3CHttpResponseCodec.java:49)
at org.openqa.selenium.remote.HttpCommandExecutor.execute(HttpCommandExecutor.java:158)
at org.openqa.selenium.remote.service.DriverCommandExecutor.execute(DriverCommandExecutor.java:83)
at org.openqa.selenium.remote.RemoteWebDriver.execute(RemoteWebDriver.java:552)
at org.openqa.selenium.remote.RemoteWebElement.execute(RemoteWebElement.java:285)
at org.openqa.selenium.remote.RemoteWebElement.click(RemoteWebElement.java:84)
at com.yatra.utils.UIOperation.perform(UIOperation.java:48)
at com.booking.test.RoundTripTest.RoundTripSearchTest(RoundTripTest.java:54)
at sun.reflect.GeneratedMethodAccessor1.invoke(Unknown Source)
at sun.reflect.DelegatingMethodAccessorImpl.invoke(Unknown Source)
at java.lang.reflect.Method.invoke(Unknown Source)
at org.testng.internal.MethodInvocationHelper.invokeMethod(MethodInvocationHelper.java:124)
at org.testng.internal.Invoker.invokeMethod(Invoker.java:583)
at org.testng.internal.Invoker.invokeTestMethod(Invoker.java:719)
at org.testng.internal.Invoker.invokeTestMethods(Invoker.java:989)
at org.testng.internal.TestMethodWorker.invokeTestMethods(TestMethodWorker.java:125)
at org.testng.internal.TestMethodWorker.run(TestMethodWorker.java:109)
at org.testng.TestRunner.privateRun(TestRunner.java:648)
at org.testng.TestRunner.run(TestRunner.java:505)
at org.testng.SuiteRunner.runTest(SuiteRunner.java:455)
at org.testng.SuiteRunner.runSequentially(SuiteRunner.java:450)
at org.testng.SuiteRunner.privateRun(SuiteRunner.java:415)
at org.testng.SuiteRunner.run(SuiteRunner.java:364)
at org.testng.SuiteRunnerWorker.runSuite(SuiteRunnerWorker.java:52)
at org.testng.SuiteRunnerWorker.run(SuiteRunnerWorker.java:84)
at org.testng.TestNG.runSuitesSequentially(TestNG.java:1208)
at org.testng.TestNG.runSuitesLocally(TestNG.java:1137)
at org.testng.TestNG.runSuites(TestNG.java:1049)
at org.testng.TestNG.run(TestNG.java:1017)
at org.testng.remote.AbstractRemoteTestNG.run(AbstractRemoteTestNG.java:132)
at org.testng.remote.RemoteTestNG.initAndRun(RemoteTestNG.java:230)
at org.testng.remote.RemoteTestNG.main(RemoteTestNG.java:76)
]]>
    </error>
  </testcase> <!-- RoundTripSearchTest -->
  <testcase name="RoundTripSearchTest" time="1.428" classname="com.booking.test.RoundTripTest"/>
  <testcase name="RoundTripSearchTest" time="3.003" classname="com.booking.test.RoundTripTest"/>
  <testcase name="RoundTripSearchTest" time="1.471" classname="com.booking.test.RoundTripTest"/>
  <testcase name="RoundTripSearchTest" time="7.292" classname="com.booking.test.RoundTripTest"/>
  <testcase name="RoundTripSearchTest" time="1.324" classname="com.booking.test.RoundTripTest"/>
  <testcase name="RoundTripSearchTest" time="1.658" classname="com.booking.test.RoundTripTest"/>
  <testcase name="RoundTripSearchTest" time="1.409" classname="com.booking.test.RoundTripTest"/>
  <testcase name="RoundTripSearchTest" time="1.434" classname="com.booking.test.RoundTripTest"/>
  <testcase name="RoundTripSearchTest" time="3.002" classname="com.booking.test.RoundTripTest"/>
  <testcase name="RoundTripSearchTest" time="1.031" classname="com.booking.test.RoundTripTest"/>
  <testcase name="RoundTripSearchTest" time="1.270" classname="com.booking.test.RoundTripTest">
    <error type="org.openqa.selenium.ElementClickInterceptedException" message="element click intercepted: Element &lt;input data-role=&quot;none&quot; type=&quot;submit&quot; value=&quot;Search Flights&quot; id=&quot;BE_flight_flsearch_btn&quot; class=&quot;js_ripple search-btn &quot;&gt; is not clickable at point (401, 570). Other element would receive the click: &lt;div class=&quot;month-title&quot;&gt;...&lt;/div&gt;
  (Session info: chrome=87.0.4280.66)
Build info: version: &#039;3.141.59&#039;, revision: &#039;e82be7d358&#039;, time: &#039;2018-11-14T08:17:03&#039;
System info: host: &#039;HP&#039;, ip: &#039;192.168.0.104&#039;, os.name: &#039;Windows 8.1&#039;, os.arch: &#039;amd64&#039;, os.version: &#039;6.3&#039;, java.version: &#039;1.8.0_261&#039;
Driver info: org.openqa.selenium.chrome.ChromeDriver
Capabilities {acceptInsecureCerts: false, browserName: chrome, browserVersion: 87.0.4280.66, chrome: {chromedriverVersion: 86.0.4240.22 (398b0743353ff..., userDataDir: C:\Users\Umesh\AppData\Loca...}, goog:chromeOptions: {debuggerAddress: localhost:56275}, javascriptEnabled: true, networkConnectionEnabled: false, pageLoadStrategy: normal, platform: WINDOWS, platformName: WINDOWS, proxy: Proxy(), setWindowRect: true, strictFileInteractability: false, timeouts: {implicit: 0, pageLoad: 300000, script: 30000}, unhandledPromptBehavior: dismiss and notify, webauthn:virtualAuthenticators: true}
Session ID: f7dca9aea01b22a48e8caad69755ee10">
      <![CDATA[org.openqa.selenium.ElementClickInterceptedException: element click intercepted: Element <input data-role="none" type="submit" value="Search Flights" id="BE_flight_flsearch_btn" class="js_ripple search-btn "> is not clickable at point (401, 570). Other element would receive the click: <div class="month-title">...</div>
  (Session info: chrome=87.0.4280.66)
Build info: version: '3.141.59', revision: 'e82be7d358', time: '2018-11-14T08:17:03'
System info: host: 'HP', ip: '192.168.0.104', os.name: 'Windows 8.1', os.arch: 'amd64', os.version: '6.3', java.version: '1.8.0_261'
Driver info: org.openqa.selenium.chrome.ChromeDriver
Capabilities {acceptInsecureCerts: false, browserName: chrome, browserVersion: 87.0.4280.66, chrome: {chromedriverVersion: 86.0.4240.22 (398b0743353ff..., userDataDir: C:\Users\Umesh\AppData\Loca...}, goog:chromeOptions: {debuggerAddress: localhost:56275}, javascriptEnabled: true, networkConnectionEnabled: false, pageLoadStrategy: normal, platform: WINDOWS, platformName: WINDOWS, proxy: Proxy(), setWindowRect: true, strictFileInteractability: false, timeouts: {implicit: 0, pageLoad: 300000, script: 30000}, unhandledPromptBehavior: dismiss and notify, webauthn:virtualAuthenticators: true}
Session ID: f7dca9aea01b22a48e8caad69755ee10
at sun.reflect.NativeConstructorAccessorImpl.newInstance0(Native Method)
at sun.reflect.NativeConstructorAccessorImpl.newInstance(Unknown Source)
at sun.reflect.DelegatingConstructorAccessorImpl.newInstance(Unknown Source)
at java.lang.reflect.Constructor.newInstance(Unknown Source)
at org.openqa.selenium.remote.http.W3CHttpResponseCodec.createException(W3CHttpResponseCodec.java:187)
at org.openqa.selenium.remote.http.W3CHttpResponseCodec.decode(W3CHttpResponseCodec.java:122)
at org.openqa.selenium.remote.http.W3CHttpResponseCodec.decode(W3CHttpResponseCodec.java:49)
at org.openqa.selenium.remote.HttpCommandExecutor.execute(HttpCommandExecutor.java:158)
at org.openqa.selenium.remote.service.DriverCommandExecutor.execute(DriverCommandExecutor.java:83)
at org.openqa.selenium.remote.RemoteWebDriver.execute(RemoteWebDriver.java:552)
at org.openqa.selenium.remote.RemoteWebElement.execute(RemoteWebElement.java:285)
at org.openqa.selenium.remote.RemoteWebElement.click(RemoteWebElement.java:84)
at com.yatra.utils.UIOperation.perform(UIOperation.java:48)
at com.booking.test.RoundTripTest.RoundTripSearchTest(RoundTripTest.java:54)
at sun.reflect.GeneratedMethodAccessor1.invoke(Unknown Source)
at sun.reflect.DelegatingMethodAccessorImpl.invoke(Unknown Source)
at java.lang.reflect.Method.invoke(Unknown Source)
at org.testng.internal.MethodInvocationHelper.invokeMethod(MethodInvocationHelper.java:124)
at org.testng.internal.Invoker.invokeMethod(Invoker.java:583)
at org.testng.internal.Invoker.invokeTestMethod(Invoker.java:719)
at org.testng.internal.Invoker.invokeTestMethods(Invoker.java:989)
at org.testng.internal.TestMethodWorker.invokeTestMethods(TestMethodWorker.java:125)
at org.testng.internal.TestMethodWorker.run(TestMethodWorker.java:109)
at org.testng.TestRunner.privateRun(TestRunner.java:648)
at org.testng.TestRunner.run(TestRunner.java:505)
at org.testng.SuiteRunner.runTest(SuiteRunner.java:455)
at org.testng.SuiteRunner.runSequentially(SuiteRunner.java:450)
at org.testng.SuiteRunner.privateRun(SuiteRunner.java:415)
at org.testng.SuiteRunner.run(SuiteRunner.java:364)
at org.testng.SuiteRunnerWorker.runSuite(SuiteRunnerWorker.java:52)
at org.testng.SuiteRunnerWorker.run(SuiteRunnerWorker.java:84)
at org.testng.TestNG.runSuitesSequentially(TestNG.java:1208)
at org.testng.TestNG.runSuitesLocally(TestNG.java:1137)
at org.testng.TestNG.runSuites(TestNG.java:1049)
at org.testng.TestNG.run(TestNG.java:1017)
at org.testng.remote.AbstractRemoteTestNG.run(AbstractRemoteTestNG.java:132)
at org.testng.remote.RemoteTestNG.initAndRun(RemoteTestNG.java:230)
at org.testng.remote.RemoteTestNG.main(RemoteTestNG.java:76)
]]>
    </error>
  </testcase> <!-- RoundTripSearchTest -->
  <testcase name="RoundTripSearchTest" time="1.212" classname="com.booking.test.RoundTripTest"/>
  <testcase name="RoundTripSearchTest" time="1.317" classname="com.booking.test.RoundTripTest"/>
  <testcase name="RoundTripSearchTest" time="1.183" classname="com.booking.test.RoundTripTest"/>
  <testcase name="RoundTripSearchTest" time="1.330" classname="com.booking.test.RoundTripTest"/>
  <testcase name="RoundTripSearchTest" time="3.006" classname="com.booking.test.RoundTripTest"/>
  <testcase name="RoundTripSearchTest" time="8.663" classname="com.booking.test.RoundTripTest"/>
  <testcase name="RoundTripSearchTest" time="4.609" classname="com.booking.test.RoundTripTest"/>
  <testcase name="RoundTripSearchTest" time="1.301" classname="com.booking.test.RoundTripTest"/>
  <testcase name="RoundTripSearchTest" time="1.026" classname="com.booking.test.RoundTripTest"/>
  <testcase name="RoundTripSearchTest" time="1.480" classname="com.booking.test.RoundTripTest"/>
  <testcase name="RoundTripSearchTest" time="1.315" classname="com.booking.test.RoundTripTest"/>
  <testcase name="RoundTripSearchTest" time="2.310" classname="com.booking.test.RoundTripTest"/>
  <testcase name="RoundTripSearchTest" time="7.277" classname="com.booking.test.RoundTripTest"/>
  <testcase name="RoundTripSearchTest" time="15.974" classname="com.booking.test.RoundTripTest"/>
  <testcase name="RoundTripSearchTest" time="3.004" classname="com.booking.test.RoundTripTest"/>
  <testcase name="RoundTripSearchTest" time="1.333" classname="com.booking.test.RoundTripTest"/>
  <testcase name="RoundTripSearchTest" time="1.309" classname="com.booking.test.RoundTripTest"/>
  <testcase name="RoundTripSearchTest" time="3.758" classname="com.booking.test.RoundTripTest"/>
  <testcase name="RoundTripSearchTest" time="1.304" classname="com.booking.test.RoundTripTest"/>
  <testcase name="RoundTripSearchTest" time="1.184" classname="com.booking.test.RoundTripTest"/>
  <testcase name="RoundTripSearchTest" time="3.004" classname="com.booking.test.RoundTripTest"/>
  <testcase name="RoundTripSearchTest" time="1.128" classname="com.booking.test.RoundTripTest"/>
  <testcase name="RoundTripSearchTest" time="1.354" classname="com.booking.test.RoundTripTest"/>
  <testcase name="RoundTripSearchTest" time="1.299" classname="com.booking.test.RoundTripTest"/>
  <testcase name="RoundTripSearchTest" time="1.403" classname="com.booking.test.RoundTripTest"/>
  <testcase name="RoundTripSearchTest" time="1.495" classname="com.booking.test.RoundTripTest"/>
  <testcase name="RoundTripSearchTest" time="1.145" classname="com.booking.test.RoundTripTest"/>
  <testcase name="RoundTripSearchTest" time="6.425" classname="com.booking.test.RoundTripTest"/>
  <testcase name="RoundTripSearchTest" time="1.424" classname="com.booking.test.RoundTripTest"/>
  <testcase name="RoundTripSearchTest" time="1.200" classname="com.booking.test.RoundTripTest"/>
  <testcase name="RoundTripSearchTest" time="5.580" classname="com.booking.test.RoundTripTest"/>
  <testcase name="RoundTripSearchTest" time="1.317" classname="com.booking.test.RoundTripTest"/>
  <testcase name="RoundTripSearchTest" time="1.415" classname="com.booking.test.RoundTripTest"/>
  <testcase name="RoundTripSearchTest" time="16.144" classname="com.booking.test.RoundTripTest"/>
  <testcase name="RoundTripSearchTest" time="1.298" classname="com.booking.test.RoundTripTest"/>
  <testcase name="RoundTripSearchTest" time="1.153" classname="com.booking.test.RoundTripTest"/>
  <testcase name="RoundTripSearchTest" time="1.169" classname="com.booking.test.RoundTripTest"/>
  <testcase name="RoundTripSearchTest" time="1.538" classname="com.booking.test.RoundTripTest"/>
  <testcase name="RoundTripSearchTest" time="1.300" classname="com.booking.test.RoundTripTest">
    <error type="org.openqa.selenium.ElementClickInterceptedException" message="element click intercepted: Element &lt;div class=&quot;tuple&quot;&gt;...&lt;/div&gt; is not clickable at point (772, 613). Other element would receive the click: &lt;div class=&quot;stop-cont no-wrap pl-13&quot;&gt;...&lt;/div&gt;
  (Session info: chrome=87.0.4280.66)
Build info: version: &#039;3.141.59&#039;, revision: &#039;e82be7d358&#039;, time: &#039;2018-11-14T08:17:03&#039;
System info: host: &#039;HP&#039;, ip: &#039;192.168.0.104&#039;, os.name: &#039;Windows 8.1&#039;, os.arch: &#039;amd64&#039;, os.version: &#039;6.3&#039;, java.version: &#039;1.8.0_261&#039;
Driver info: org.openqa.selenium.chrome.ChromeDriver
Capabilities {acceptInsecureCerts: false, browserName: chrome, browserVersion: 87.0.4280.66, chrome: {chromedriverVersion: 86.0.4240.22 (398b0743353ff..., userDataDir: C:\Users\Umesh\AppData\Loca...}, goog:chromeOptions: {debuggerAddress: localhost:56595}, javascriptEnabled: true, networkConnectionEnabled: false, pageLoadStrategy: normal, platform: WINDOWS, platformName: WINDOWS, proxy: Proxy(), setWindowRect: true, strictFileInteractability: false, timeouts: {implicit: 0, pageLoad: 300000, script: 30000}, unhandledPromptBehavior: dismiss and notify, webauthn:virtualAuthenticators: true}
Session ID: a1b5c4c6d9f5a8c0d11cfe52ed633939">
      <![CDATA[org.openqa.selenium.ElementClickInterceptedException: element click intercepted: Element <div class="tuple">...</div> is not clickable at point (772, 613). Other element would receive the click: <div class="stop-cont no-wrap pl-13">...</div>
  (Session info: chrome=87.0.4280.66)
Build info: version: '3.141.59', revision: 'e82be7d358', time: '2018-11-14T08:17:03'
System info: host: 'HP', ip: '192.168.0.104', os.name: 'Windows 8.1', os.arch: 'amd64', os.version: '6.3', java.version: '1.8.0_261'
Driver info: org.openqa.selenium.chrome.ChromeDriver
Capabilities {acceptInsecureCerts: false, browserName: chrome, browserVersion: 87.0.4280.66, chrome: {chromedriverVersion: 86.0.4240.22 (398b0743353ff..., userDataDir: C:\Users\Umesh\AppData\Loca...}, goog:chromeOptions: {debuggerAddress: localhost:56595}, javascriptEnabled: true, networkConnectionEnabled: false, pageLoadStrategy: normal, platform: WINDOWS, platformName: WINDOWS, proxy: Proxy(), setWindowRect: true, strictFileInteractability: false, timeouts: {implicit: 0, pageLoad: 300000, script: 30000}, unhandledPromptBehavior: dismiss and notify, webauthn:virtualAuthenticators: true}
Session ID: a1b5c4c6d9f5a8c0d11cfe52ed633939
at sun.reflect.NativeConstructorAccessorImpl.newInstance0(Native Method)
at sun.reflect.NativeConstructorAccessorImpl.newInstance(Unknown Source)
at sun.reflect.DelegatingConstructorAccessorImpl.newInstance(Unknown Source)
at java.lang.reflect.Constructor.newInstance(Unknown Source)
at org.openqa.selenium.remote.http.W3CHttpResponseCodec.createException(W3CHttpResponseCodec.java:187)
at org.openqa.selenium.remote.http.W3CHttpResponseCodec.decode(W3CHttpResponseCodec.java:122)
at org.openqa.selenium.remote.http.W3CHttpResponseCodec.decode(W3CHttpResponseCodec.java:49)
at org.openqa.selenium.remote.HttpCommandExecutor.execute(HttpCommandExecutor.java:158)
at org.openqa.selenium.remote.service.DriverCommandExecutor.execute(DriverCommandExecutor.java:83)
at org.openqa.selenium.remote.RemoteWebDriver.execute(RemoteWebDriver.java:552)
at org.openqa.selenium.remote.RemoteWebElement.execute(RemoteWebElement.java:285)
at org.openqa.selenium.remote.RemoteWebElement.click(RemoteWebElement.java:84)
at com.yatra.utils.UIOperation.perform(UIOperation.java:48)
at com.booking.test.RoundTripTest.RoundTripSearchTest(RoundTripTest.java:54)
at sun.reflect.GeneratedMethodAccessor1.invoke(Unknown Source)
at sun.reflect.DelegatingMethodAccessorImpl.invoke(Unknown Source)
at java.lang.reflect.Method.invoke(Unknown Source)
at org.testng.internal.MethodInvocationHelper.invokeMethod(MethodInvocationHelper.java:124)
at org.testng.internal.Invoker.invokeMethod(Invoker.java:583)
at org.testng.internal.Invoker.invokeTestMethod(Invoker.java:719)
at org.testng.internal.Invoker.invokeTestMethods(Invoker.java:989)
at org.testng.internal.TestMethodWorker.invokeTestMethods(TestMethodWorker.java:125)
at org.testng.internal.TestMethodWorker.run(TestMethodWorker.java:109)
at org.testng.TestRunner.privateRun(TestRunner.java:648)
at org.testng.TestRunner.run(TestRunner.java:505)
at org.testng.SuiteRunner.runTest(SuiteRunner.java:455)
at org.testng.SuiteRunner.runSequentially(SuiteRunner.java:450)
at org.testng.SuiteRunner.privateRun(SuiteRunner.java:415)
at org.testng.SuiteRunner.run(SuiteRunner.java:364)
at org.testng.SuiteRunnerWorker.runSuite(SuiteRunnerWorker.java:52)
at org.testng.SuiteRunnerWorker.run(SuiteRunnerWorker.java:84)
at org.testng.TestNG.runSuitesSequentially(TestNG.java:1208)
at org.testng.TestNG.runSuitesLocally(TestNG.java:1137)
at org.testng.TestNG.runSuites(TestNG.java:1049)
at org.testng.TestNG.run(TestNG.java:1017)
at org.testng.remote.AbstractRemoteTestNG.run(AbstractRemoteTestNG.java:132)
at org.testng.remote.RemoteTestNG.initAndRun(RemoteTestNG.java:230)
at org.testng.remote.RemoteTestNG.main(RemoteTestNG.java:76)
]]>
    </error>
  </testcase> <!-- RoundTripSearchTest -->
  <testcase name="RoundTripSearchTest" time="6.899" classname="com.booking.test.RoundTripTest"/>
  <testcase name="RoundTripSearchTest" time="1.285" classname="com.booking.test.RoundTripTest"/>
  <testcase name="RoundTripSearchTest" time="1.305" classname="com.booking.test.RoundTripTest"/>
  <testcase name="RoundTripSearchTest" time="1.426" classname="com.booking.test.RoundTripTest"/>
  <testcase name="RoundTripSearchTest" time="2.278" classname="com.booking.test.RoundTripTest"/>
  <testcase name="RoundTripSearchTest" time="1.135" classname="com.booking.test.RoundTripTest"/>
  <testcase name="RoundTripSearchTest" time="5.056" classname="com.booking.test.RoundTripTest"/>
  <testcase name="RoundTripSearchTest" time="1.170" classname="com.booking.test.RoundTripTest"/>
  <testcase name="RoundTripSearchTest" time="1.229" classname="com.booking.test.RoundTripTest"/>
  <testcase name="RoundTripSearchTest" time="1.197" classname="com.booking.test.RoundTripTest"/>
  <testcase name="RoundTripSearchTest" time="3.015" classname="com.booking.test.RoundTripTest">
    <failure type="java.lang.AssertionError" message="expected [https://secure.yatra.com/PaySwift/payment] but found [https://secure.yatra.com/checkout-ui/dom2/price?searchId=744a3701-320f-4d36-b486-5878cf9638cc&amp;msid=744a3701-320f-4d36-b486-5878cf9638cc&amp;pid=b55bdbc5-6276-4e6a-9542-7538a347325d&amp;mode=Instant&amp;bpc=false&amp;isSR=false&amp;unique=1606830867092&amp;variation=0&amp;flightIdCSV=BOMDELUK97020201208_GALDOM,DELAMD6E26820201217AMDBOM6E31320201217_6EAPI&amp;flightPrice=8801&amp;sc=GALDOM,6EAPI&amp;ref=0112200085583&amp;cf=0]">
      <![CDATA[java.lang.AssertionError: expected [https://secure.yatra.com/PaySwift/payment] but found [https://secure.yatra.com/checkout-ui/dom2/price?searchId=744a3701-320f-4d36-b486-5878cf9638cc&msid=744a3701-320f-4d36-b486-5878cf9638cc&pid=b55bdbc5-6276-4e6a-9542-7538a347325d&mode=Instant&bpc=false&isSR=false&unique=1606830867092&variation=0&flightIdCSV=BOMDELUK97020201208_GALDOM,DELAMD6E26820201217AMDBOM6E31320201217_6EAPI&flightPrice=8801&sc=GALDOM,6EAPI&ref=0112200085583&cf=0]
at org.testng.Assert.fail(Assert.java:96)
at org.testng.Assert.failNotEquals(Assert.java:776)
at org.testng.Assert.assertEqualsImpl(Assert.java:137)
at org.testng.Assert.assertEquals(Assert.java:118)
at org.testng.Assert.assertEquals(Assert.java:453)
at org.testng.Assert.assertEquals(Assert.java:463)
at com.yatra.utils.ResultCompare.verifyResults(ResultCompare.java:55)
at com.yatra.utils.UIOperation.perform(UIOperation.java:124)
at com.booking.test.RoundTripTest.RoundTripSearchTest(RoundTripTest.java:54)
at sun.reflect.GeneratedMethodAccessor1.invoke(Unknown Source)
at sun.reflect.DelegatingMethodAccessorImpl.invoke(Unknown Source)
at java.lang.reflect.Method.invoke(Unknown Source)
at org.testng.internal.MethodInvocationHelper.invokeMethod(MethodInvocationHelper.java:124)
at org.testng.internal.Invoker.invokeMethod(Invoker.java:583)
at org.testng.internal.Invoker.invokeTestMethod(Invoker.java:719)
at org.testng.internal.Invoker.invokeTestMethods(Invoker.java:989)
at org.testng.internal.TestMethodWorker.invokeTestMethods(TestMethodWorker.java:125)
at org.testng.internal.TestMethodWorker.run(TestMethodWorker.java:109)
at org.testng.TestRunner.privateRun(TestRunner.java:648)
at org.testng.TestRunner.run(TestRunner.java:505)
at org.testng.SuiteRunner.runTest(SuiteRunner.java:455)
at org.testng.SuiteRunner.runSequentially(SuiteRunner.java:450)
at org.testng.SuiteRunner.privateRun(SuiteRunner.java:415)
at org.testng.SuiteRunner.run(SuiteRunner.java:364)
at org.testng.SuiteRunnerWorker.runSuite(SuiteRunnerWorker.java:52)
at org.testng.SuiteRunnerWorker.run(SuiteRunnerWorker.java:84)
at org.testng.TestNG.runSuitesSequentially(TestNG.java:1208)
at org.testng.TestNG.runSuitesLocally(TestNG.java:1137)
at org.testng.TestNG.runSuites(TestNG.java:1049)
at org.testng.TestNG.run(TestNG.java:1017)
at org.testng.remote.AbstractRemoteTestNG.run(AbstractRemoteTestNG.java:132)
at org.testng.remote.RemoteTestNG.initAndRun(RemoteTestNG.java:230)
at org.testng.remote.RemoteTestNG.main(RemoteTestNG.java:76)
]]>
    </failure>
  </testcase> <!-- RoundTripSearchTest -->
  <testcase name="RoundTripSearchTest" time="1.328" classname="com.booking.test.RoundTripTest"/>
  <testcase name="RoundTripSearchTest" time="1.431" classname="com.booking.test.RoundTripTest"/>
  <testcase name="RoundTripSearchTest" time="1.216" classname="com.booking.test.RoundTripTest"/>
  <testcase name="RoundTripSearchTest" time="1.502" classname="com.booking.test.RoundTripTest"/>
  <testcase name="RoundTripSearchTest" time="3.290" classname="com.booking.test.RoundTripTest"/>
  <testcase name="RoundTripSearchTest" time="7.328" classname="com.booking.test.RoundTripTest"/>
  <testcase name="RoundTripSearchTest" time="1.693" classname="com.booking.test.RoundTripTest"/>
  <testcase name="RoundTripSearchTest" time="5.849" classname="com.booking.test.RoundTripTest"/>
  <testcase name="RoundTripSearchTest" time="3.003" classname="com.booking.test.RoundTripTest"/>
  <testcase name="RoundTripSearchTest" time="6.728" classname="com.booking.test.RoundTripTest"/>
  <testcase name="RoundTripSearchTest" time="0.003" classname="com.booking.test.RoundTripTest">
    <error type="java.lang.Exception" message="Wrong object type">
      <![CDATA[java.lang.Exception: Wrong object type
at com.yatra.utils.ResultCompare.getObject(ResultCompare.java:125)
at com.yatra.utils.ResultCompare.verifyResults(ResultCompare.java:31)
at com.yatra.utils.UIOperation.perform(UIOperation.java:124)
at com.booking.test.RoundTripTest.RoundTripSearchTest(RoundTripTest.java:54)
at sun.reflect.GeneratedMethodAccessor1.invoke(Unknown Source)
at sun.reflect.DelegatingMethodAccessorImpl.invoke(Unknown Source)
at java.lang.reflect.Method.invoke(Unknown Source)
at org.testng.internal.MethodInvocationHelper.invokeMethod(MethodInvocationHelper.java:124)
at org.testng.internal.Invoker.invokeMethod(Invoker.java:583)
at org.testng.internal.Invoker.invokeTestMethod(Invoker.java:719)
at org.testng.internal.Invoker.invokeTestMethods(Invoker.java:989)
at org.testng.internal.TestMethodWorker.invokeTestMethods(TestMethodWorker.java:125)
at org.testng.internal.TestMethodWorker.run(TestMethodWorker.java:109)
at org.testng.TestRunner.privateRun(TestRunner.java:648)
at org.testng.TestRunner.run(TestRunner.java:505)
at org.testng.SuiteRunner.runTest(SuiteRunner.java:455)
at org.testng.SuiteRunner.runSequentially(SuiteRunner.java:450)
at org.testng.SuiteRunner.privateRun(SuiteRunner.java:415)
at org.testng.SuiteRunner.run(SuiteRunner.java:364)
at org.testng.SuiteRunnerWorker.runSuite(SuiteRunnerWorker.java:52)
at org.testng.SuiteRunnerWorker.run(SuiteRunnerWorker.java:84)
at org.testng.TestNG.runSuitesSequentially(TestNG.java:1208)
at org.testng.TestNG.runSuitesLocally(TestNG.java:1137)
at org.testng.TestNG.runSuites(TestNG.java:1049)
at org.testng.TestNG.run(TestNG.java:1017)
at org.testng.remote.AbstractRemoteTestNG.run(AbstractRemoteTestNG.java:132)
at org.testng.remote.RemoteTestNG.initAndRun(RemoteTestNG.java:230)
at org.testng.remote.RemoteTestNG.main(RemoteTestNG.java:76)
]]>
    </error>
  </testcase> <!-- RoundTripSearchTest -->
  <testcase name="RoundTripSearchTest" time="1.471" classname="com.booking.test.RoundTripTest"/>
  <testcase name="RoundTripSearchTest" time="1.431" classname="com.booking.test.RoundTripTest"/>
  <testcase name="RoundTripSearchTest" time="3.021" classname="com.booking.test.RoundTripTest">
    <failure type="java.lang.AssertionError" message="expected [https://secure.yatra.com/PaySwift/payment] but found [https://secure.yatra.com/checkout-ui/dom2/price?searchId=f2d26910-0ee5-4881-bfdf-b2c4313b1da6&amp;msid=f2d26910-0ee5-4881-bfdf-b2c4313b1da6&amp;mode=Background&amp;bpc=false&amp;isSR=false&amp;unique=1606830727608&amp;variation=0&amp;flightIdCSV=BOMDELUK97020201208_GALDOM,DELAMD6E26820201217AMDBOM6E31320201217_6EAPI&amp;flightPrice=8801&amp;sc=GALDOM,6EAPI&amp;pid=07b4cc1c-2723-4e3f-9afb-161464d8fe50&amp;ref=0112200085386&amp;cf=0]">
      <![CDATA[java.lang.AssertionError: expected [https://secure.yatra.com/PaySwift/payment] but found [https://secure.yatra.com/checkout-ui/dom2/price?searchId=f2d26910-0ee5-4881-bfdf-b2c4313b1da6&msid=f2d26910-0ee5-4881-bfdf-b2c4313b1da6&mode=Background&bpc=false&isSR=false&unique=1606830727608&variation=0&flightIdCSV=BOMDELUK97020201208_GALDOM,DELAMD6E26820201217AMDBOM6E31320201217_6EAPI&flightPrice=8801&sc=GALDOM,6EAPI&pid=07b4cc1c-2723-4e3f-9afb-161464d8fe50&ref=0112200085386&cf=0]
at org.testng.Assert.fail(Assert.java:96)
at org.testng.Assert.failNotEquals(Assert.java:776)
at org.testng.Assert.assertEqualsImpl(Assert.java:137)
at org.testng.Assert.assertEquals(Assert.java:118)
at org.testng.Assert.assertEquals(Assert.java:453)
at org.testng.Assert.assertEquals(Assert.java:463)
at com.yatra.utils.ResultCompare.verifyResults(ResultCompare.java:55)
at com.yatra.utils.UIOperation.perform(UIOperation.java:124)
at com.booking.test.RoundTripTest.RoundTripSearchTest(RoundTripTest.java:54)
at sun.reflect.GeneratedMethodAccessor1.invoke(Unknown Source)
at sun.reflect.DelegatingMethodAccessorImpl.invoke(Unknown Source)
at java.lang.reflect.Method.invoke(Unknown Source)
at org.testng.internal.MethodInvocationHelper.invokeMethod(MethodInvocationHelper.java:124)
at org.testng.internal.Invoker.invokeMethod(Invoker.java:583)
at org.testng.internal.Invoker.invokeTestMethod(Invoker.java:719)
at org.testng.internal.Invoker.invokeTestMethods(Invoker.java:989)
at org.testng.internal.TestMethodWorker.invokeTestMethods(TestMethodWorker.java:125)
at org.testng.internal.TestMethodWorker.run(TestMethodWorker.java:109)
at org.testng.TestRunner.privateRun(TestRunner.java:648)
at org.testng.TestRunner.run(TestRunner.java:505)
at org.testng.SuiteRunner.runTest(SuiteRunner.java:455)
at org.testng.SuiteRunner.runSequentially(SuiteRunner.java:450)
at org.testng.SuiteRunner.privateRun(SuiteRunner.java:415)
at org.testng.SuiteRunner.run(SuiteRunner.java:364)
at org.testng.SuiteRunnerWorker.runSuite(SuiteRunnerWorker.java:52)
at org.testng.SuiteRunnerWorker.run(SuiteRunnerWorker.java:84)
at org.testng.TestNG.runSuitesSequentially(TestNG.java:1208)
at org.testng.TestNG.runSuitesLocally(TestNG.java:1137)
at org.testng.TestNG.runSuites(TestNG.java:1049)
at org.testng.TestNG.run(TestNG.java:1017)
at org.testng.remote.AbstractRemoteTestNG.run(AbstractRemoteTestNG.java:132)
at org.testng.remote.RemoteTestNG.initAndRun(RemoteTestNG.java:230)
at org.testng.remote.RemoteTestNG.main(RemoteTestNG.java:76)
]]>
    </failure>
  </testcase> <!-- RoundTripSearchTest -->
  <testcase name="RoundTripSearchTest" time="1.332" classname="com.booking.test.RoundTripTest"/>
  <testcase name="RoundTripSearchTest" time="1.294" classname="com.booking.test.RoundTripTest"/>
  <testcase name="RoundTripSearchTest" time="3.006" classname="com.booking.test.RoundTripTest"/>
  <testcase name="RoundTripSearchTest" time="2.847" classname="com.booking.test.RoundTripTest"/>
  <testcase name="RoundTripSearchTest" time="3.193" classname="com.booking.test.RoundTripTest"/>
  <testcase name="RoundTripSearchTest" time="3.210" classname="com.booking.test.RoundTripTest">
    <failure type="java.lang.AssertionError" message="expected [false] but found [true]">
      <![CDATA[java.lang.AssertionError: expected [false] but found [true]
at org.testng.Assert.fail(Assert.java:96)
at org.testng.Assert.failNotEquals(Assert.java:776)
at org.testng.Assert.assertFalse(Assert.java:65)
at org.testng.Assert.assertFalse(Assert.java:75)
at com.yatra.utils.ResultCompare.verifyResults(ResultCompare.java:46)
at com.yatra.utils.UIOperation.perform(UIOperation.java:124)
at com.booking.test.RoundTripTest.RoundTripSearchTest(RoundTripTest.java:54)
at sun.reflect.GeneratedMethodAccessor1.invoke(Unknown Source)
at sun.reflect.DelegatingMethodAccessorImpl.invoke(Unknown Source)
at java.lang.reflect.Method.invoke(Unknown Source)
at org.testng.internal.MethodInvocationHelper.invokeMethod(MethodInvocationHelper.java:124)
at org.testng.internal.Invoker.invokeMethod(Invoker.java:583)
at org.testng.internal.Invoker.invokeTestMethod(Invoker.java:719)
at org.testng.internal.Invoker.invokeTestMethods(Invoker.java:989)
at org.testng.internal.TestMethodWorker.invokeTestMethods(TestMethodWorker.java:125)
at org.testng.internal.TestMethodWorker.run(TestMethodWorker.java:109)
at org.testng.TestRunner.privateRun(TestRunner.java:648)
at org.testng.TestRunner.run(TestRunner.java:505)
at org.testng.SuiteRunner.runTest(SuiteRunner.java:455)
at org.testng.SuiteRunner.runSequentially(SuiteRunner.java:450)
at org.testng.SuiteRunner.privateRun(SuiteRunner.java:415)
at org.testng.SuiteRunner.run(SuiteRunner.java:364)
at org.testng.SuiteRunnerWorker.runSuite(SuiteRunnerWorker.java:52)
at org.testng.SuiteRunnerWorker.run(SuiteRunnerWorker.java:84)
at org.testng.TestNG.runSuitesSequentially(TestNG.java:1208)
at org.testng.TestNG.runSuitesLocally(TestNG.java:1137)
at org.testng.TestNG.runSuites(TestNG.java:1049)
at org.testng.TestNG.run(TestNG.java:1017)
at org.testng.remote.AbstractRemoteTestNG.run(AbstractRemoteTestNG.java:132)
at org.testng.remote.RemoteTestNG.initAndRun(RemoteTestNG.java:230)
at org.testng.remote.RemoteTestNG.main(RemoteTestNG.java:76)
]]>
    </failure>
  </testcase> <!-- RoundTripSearchTest -->
  <testcase name="RoundTripSearchTest" time="2.019" classname="com.booking.test.RoundTripTest">
    <failure type="java.lang.AssertionError" message="null">
      <![CDATA[java.lang.AssertionError: null
at org.testng.Assert.fail(Assert.java:96)
at org.testng.Assert.assertNotEquals(Assert.java:1157)
at org.testng.Assert.assertNotEquals(Assert.java:1162)
at com.yatra.utils.ResultCompare.verifyResults(ResultCompare.java:40)
at com.yatra.utils.UIOperation.perform(UIOperation.java:124)
at com.booking.test.RoundTripTest.RoundTripSearchTest(RoundTripTest.java:54)
at sun.reflect.GeneratedMethodAccessor1.invoke(Unknown Source)
at sun.reflect.DelegatingMethodAccessorImpl.invoke(Unknown Source)
at java.lang.reflect.Method.invoke(Unknown Source)
at org.testng.internal.MethodInvocationHelper.invokeMethod(MethodInvocationHelper.java:124)
at org.testng.internal.Invoker.invokeMethod(Invoker.java:583)
at org.testng.internal.Invoker.invokeTestMethod(Invoker.java:719)
at org.testng.internal.Invoker.invokeTestMethods(Invoker.java:989)
at org.testng.internal.TestMethodWorker.invokeTestMethods(TestMethodWorker.java:125)
at org.testng.internal.TestMethodWorker.run(TestMethodWorker.java:109)
at org.testng.TestRunner.privateRun(TestRunner.java:648)
at org.testng.TestRunner.run(TestRunner.java:505)
at org.testng.SuiteRunner.runTest(SuiteRunner.java:455)
at org.testng.SuiteRunner.runSequentially(SuiteRunner.java:450)
at org.testng.SuiteRunner.privateRun(SuiteRunner.java:415)
at org.testng.SuiteRunner.run(SuiteRunner.java:364)
at org.testng.SuiteRunnerWorker.runSuite(SuiteRunnerWorker.java:52)
at org.testng.SuiteRunnerWorker.run(SuiteRunnerWorker.java:84)
at org.testng.TestNG.runSuitesSequentially(TestNG.java:1208)
at org.testng.TestNG.runSuitesLocally(TestNG.java:1137)
at org.testng.TestNG.runSuites(TestNG.java:1049)
at org.testng.TestNG.run(TestNG.java:1017)
at org.testng.remote.AbstractRemoteTestNG.run(AbstractRemoteTestNG.java:132)
at org.testng.remote.RemoteTestNG.initAndRun(RemoteTestNG.java:230)
at org.testng.remote.RemoteTestNG.main(RemoteTestNG.java:76)
]]>
    </failure>
  </testcase> <!-- RoundTripSearchTest -->
  <testcase name="RoundTripSearchTest" time="1.586" classname="com.booking.test.RoundTripTest"/>
  <testcase name="RoundTripSearchTest" time="1.173" classname="com.booking.test.RoundTripTest"/>
  <testcase name="RoundTripSearchTest" time="3.011" classname="com.booking.test.RoundTripTest"/>
  <testcase name="RoundTripSearchTest" time="1.090" classname="com.booking.test.RoundTripTest"/>
  <testcase name="RoundTripSearchTest" time="1.167" classname="com.booking.test.RoundTripTest"/>
  <testcase name="RoundTripSearchTest" time="1.535" classname="com.booking.test.RoundTripTest"/>
  <testcase name="RoundTripSearchTest" time="3.003" classname="com.booking.test.RoundTripTest"/>
  <testcase name="RoundTripSearchTest" time="3.005" classname="com.booking.test.RoundTripTest"/>
  <testcase name="RoundTripSearchTest" time="1.906" classname="com.booking.test.RoundTripTest"/>
  <testcase name="RoundTripSearchTest" time="1.976" classname="com.booking.test.RoundTripTest"/>
  <testcase name="RoundTripSearchTest" time="1.452" classname="com.booking.test.RoundTripTest"/>
  <testcase name="RoundTripSearchTest" time="1.292" classname="com.booking.test.RoundTripTest"/>
  <testcase name="RoundTripSearchTest" time="1.318" classname="com.booking.test.RoundTripTest"/>
  <testcase name="RoundTripSearchTest" time="1.320" classname="com.booking.test.RoundTripTest"/>
  <testcase name="RoundTripSearchTest" time="7.768" classname="com.booking.test.RoundTripTest"/>
  <testcase name="RoundTripSearchTest" time="0.053" classname="com.booking.test.RoundTripTest">
    <error type="org.openqa.selenium.NoSuchElementException" message="no such element: Unable to locate element: {&quot;method&quot;:&quot;xpath&quot;,&quot;selector&quot;:&quot;//*[@id = &#039;17/12/2020&#039;]&quot;}
  (Session info: chrome=87.0.4280.66)
For documentation on this error, please visit: https://www.seleniumhq.org/exceptions/no_such_element.html
Build info: version: &#039;3.141.59&#039;, revision: &#039;e82be7d358&#039;, time: &#039;2018-11-14T08:17:03&#039;
System info: host: &#039;HP&#039;, ip: &#039;192.168.0.104&#039;, os.name: &#039;Windows 8.1&#039;, os.arch: &#039;amd64&#039;, os.version: &#039;6.3&#039;, java.version: &#039;1.8.0_261&#039;
Driver info: org.openqa.selenium.chrome.ChromeDriver
Capabilities {acceptInsecureCerts: false, browserName: chrome, browserVersion: 87.0.4280.66, chrome: {chromedriverVersion: 86.0.4240.22 (398b0743353ff..., userDataDir: C:\Users\Umesh\AppData\Loca...}, goog:chromeOptions: {debuggerAddress: localhost:56428}, javascriptEnabled: true, networkConnectionEnabled: false, pageLoadStrategy: normal, platform: WINDOWS, platformName: WINDOWS, proxy: Proxy(), setWindowRect: true, strictFileInteractability: false, timeouts: {implicit: 0, pageLoad: 300000, script: 30000}, unhandledPromptBehavior: dismiss and notify, webauthn:virtualAuthenticators: true}
Session ID: 04986920a16b42823437f5585caab2e3
*** Element info: {Using=xpath, value=//*[@id = &#039;17/12/2020&#039;]}">
      <![CDATA[org.openqa.selenium.NoSuchElementException: no such element: Unable to locate element: {"method":"xpath","selector":"//*[@id = '17/12/2020']"}
  (Session info: chrome=87.0.4280.66)
For documentation on this error, please visit: https://www.seleniumhq.org/exceptions/no_such_element.html
Build info: version: '3.141.59', revision: 'e82be7d358', time: '2018-11-14T08:17:03'
System info: host: 'HP', ip: '192.168.0.104', os.name: 'Windows 8.1', os.arch: 'amd64', os.version: '6.3', java.version: '1.8.0_261'
Driver info: org.openqa.selenium.chrome.ChromeDriver
Capabilities {acceptInsecureCerts: false, browserName: chrome, browserVersion: 87.0.4280.66, chrome: {chromedriverVersion: 86.0.4240.22 (398b0743353ff..., userDataDir: C:\Users\Umesh\AppData\Loca...}, goog:chromeOptions: {debuggerAddress: localhost:56428}, javascriptEnabled: true, networkConnectionEnabled: false, pageLoadStrategy: normal, platform: WINDOWS, platformName: WINDOWS, proxy: Proxy(), setWindowRect: true, strictFileInteractability: false, timeouts: {implicit: 0, pageLoad: 300000, script: 30000}, unhandledPromptBehavior: dismiss and notify, webauthn:virtualAuthenticators: true}
Session ID: 04986920a16b42823437f5585caab2e3
*** Element info: {Using=xpath, value=//*[@id = '17/12/2020']}
at sun.reflect.NativeConstructorAccessorImpl.newInstance0(Native Method)
at sun.reflect.NativeConstructorAccessorImpl.newInstance(Unknown Source)
at sun.reflect.DelegatingConstructorAccessorImpl.newInstance(Unknown Source)
at java.lang.reflect.Constructor.newInstance(Unknown Source)
at org.openqa.selenium.remote.http.W3CHttpResponseCodec.createException(W3CHttpResponseCodec.java:187)
at org.openqa.selenium.remote.http.W3CHttpResponseCodec.decode(W3CHttpResponseCodec.java:122)
at org.openqa.selenium.remote.http.W3CHttpResponseCodec.decode(W3CHttpResponseCodec.java:49)
at org.openqa.selenium.remote.HttpCommandExecutor.execute(HttpCommandExecutor.java:158)
at org.openqa.selenium.remote.service.DriverCommandExecutor.execute(DriverCommandExecutor.java:83)
at org.openqa.selenium.remote.RemoteWebDriver.execute(RemoteWebDriver.java:552)
at org.openqa.selenium.remote.RemoteWebDriver.findElement(RemoteWebDriver.java:323)
at org.openqa.selenium.remote.RemoteWebDriver.findElementByXPath(RemoteWebDriver.java:428)
at org.openqa.selenium.By$ByXPath.findElement(By.java:353)
at org.openqa.selenium.remote.RemoteWebDriver.findElement(RemoteWebDriver.java:315)
at com.yatra.utils.UIOperation.perform(UIOperation.java:83)
at com.booking.test.RoundTripTest.RoundTripSearchTest(RoundTripTest.java:54)
at sun.reflect.GeneratedMethodAccessor1.invoke(Unknown Source)
at sun.reflect.DelegatingMethodAccessorImpl.invoke(Unknown Source)
at java.lang.reflect.Method.invoke(Unknown Source)
at org.testng.internal.MethodInvocationHelper.invokeMethod(MethodInvocationHelper.java:124)
at org.testng.internal.Invoker.invokeMethod(Invoker.java:583)
at org.testng.internal.Invoker.invokeTestMethod(Invoker.java:719)
at org.testng.internal.Invoker.invokeTestMethods(Invoker.java:989)
at org.testng.internal.TestMethodWorker.invokeTestMethods(TestMethodWorker.java:125)
at org.testng.internal.TestMethodWorker.run(TestMethodWorker.java:109)
at org.testng.TestRunner.privateRun(TestRunner.java:648)
at org.testng.TestRunner.run(TestRunner.java:505)
at org.testng.SuiteRunner.runTest(SuiteRunner.java:455)
at org.testng.SuiteRunner.runSequentially(SuiteRunner.java:450)
at org.testng.SuiteRunner.privateRun(SuiteRunner.java:415)
at org.testng.SuiteRunner.run(SuiteRunner.java:364)
at org.testng.SuiteRunnerWorker.runSuite(SuiteRunnerWorker.java:52)
at org.testng.SuiteRunnerWorker.run(SuiteRunnerWorker.java:84)
at org.testng.TestNG.runSuitesSequentially(TestNG.java:1208)
at org.testng.TestNG.runSuitesLocally(TestNG.java:1137)
at org.testng.TestNG.runSuites(TestNG.java:1049)
at org.testng.TestNG.run(TestNG.java:1017)
at org.testng.remote.AbstractRemoteTestNG.run(AbstractRemoteTestNG.java:132)
at org.testng.remote.RemoteTestNG.initAndRun(RemoteTestNG.java:230)
at org.testng.remote.RemoteTestNG.main(RemoteTestNG.java:76)
]]>
    </error>
  </testcase> <!-- RoundTripSearchTest -->
  <testcase name="RoundTripSearchTest" time="0.072" classname="com.booking.test.RoundTripTest">
    <failure type="java.lang.AssertionError" message="expected [true] but found [false]">
      <![CDATA[java.lang.AssertionError: expected [true] but found [false]
at org.testng.Assert.fail(Assert.java:96)
at org.testng.Assert.failNotEquals(Assert.java:776)
at org.testng.Assert.assertTrue(Assert.java:44)
at org.testng.Assert.assertTrue(Assert.java:54)
at com.yatra.utils.UIOperation.perform(UIOperation.java:46)
at com.booking.test.RoundTripTest.RoundTripSearchTest(RoundTripTest.java:54)
at sun.reflect.GeneratedMethodAccessor1.invoke(Unknown Source)
at sun.reflect.DelegatingMethodAccessorImpl.invoke(Unknown Source)
at java.lang.reflect.Method.invoke(Unknown Source)
at org.testng.internal.MethodInvocationHelper.invokeMethod(MethodInvocationHelper.java:124)
at org.testng.internal.Invoker.invokeMethod(Invoker.java:583)
at org.testng.internal.Invoker.invokeTestMethod(Invoker.java:719)
at org.testng.internal.Invoker.invokeTestMethods(Invoker.java:989)
at org.testng.internal.TestMethodWorker.invokeTestMethods(TestMethodWorker.java:125)
at org.testng.internal.TestMethodWorker.run(TestMethodWorker.java:109)
at org.testng.TestRunner.privateRun(TestRunner.java:648)
at org.testng.TestRunner.run(TestRunner.java:505)
at org.testng.SuiteRunner.runTest(SuiteRunner.java:455)
at org.testng.SuiteRunner.runSequentially(SuiteRunner.java:450)
at org.testng.SuiteRunner.privateRun(SuiteRunner.java:415)
at org.testng.SuiteRunner.run(SuiteRunner.java:364)
at org.testng.SuiteRunnerWorker.runSuite(SuiteRunnerWorker.java:52)
at org.testng.SuiteRunnerWorker.run(SuiteRunnerWorker.java:84)
at org.testng.TestNG.runSuitesSequentially(TestNG.java:1208)
at org.testng.TestNG.runSuitesLocally(TestNG.java:1137)
at org.testng.TestNG.runSuites(TestNG.java:1049)
at org.testng.TestNG.run(TestNG.java:1017)
at org.testng.remote.AbstractRemoteTestNG.run(AbstractRemoteTestNG.java:132)
at org.testng.remote.RemoteTestNG.initAndRun(RemoteTestNG.java:230)
at org.testng.remote.RemoteTestNG.main(RemoteTestNG.java:76)
]]>
    </failure>
  </testcase> <!-- RoundTripSearchTest -->
  <testcase name="RoundTripSearchTest" time="1.369" classname="com.booking.test.RoundTripTest"/>
  <testcase name="RoundTripSearchTest" time="1.351" classname="com.booking.test.RoundTripTest"/>
  <testcase name="RoundTripSearchTest" time="8.994" classname="com.booking.test.RoundTripTest"/>
  <testcase name="RoundTripSearchTest" time="2.056" classname="com.booking.test.RoundTripTest"/>
  <testcase name="RoundTripSearchTest" time="0.054" classname="com.booking.test.RoundTripTest">
    <error type="org.openqa.selenium.NoSuchElementException" message="no such element: Unable to locate element: {&quot;method&quot;:&quot;xpath&quot;,&quot;selector&quot;:&quot;//input[@value = &#039;Add Travel Protection &amp; Continue&#039;]&quot;}
  (Session info: chrome=87.0.4280.66)
For documentation on this error, please visit: https://www.seleniumhq.org/exceptions/no_such_element.html
Build info: version: &#039;3.141.59&#039;, revision: &#039;e82be7d358&#039;, time: &#039;2018-11-14T08:17:03&#039;
System info: host: &#039;HP&#039;, ip: &#039;192.168.0.104&#039;, os.name: &#039;Windows 8.1&#039;, os.arch: &#039;amd64&#039;, os.version: &#039;6.3&#039;, java.version: &#039;1.8.0_261&#039;
Driver info: org.openqa.selenium.chrome.ChromeDriver
Capabilities {acceptInsecureCerts: false, browserName: chrome, browserVersion: 87.0.4280.66, chrome: {chromedriverVersion: 86.0.4240.22 (398b0743353ff..., userDataDir: C:\Users\Umesh\AppData\Loca...}, goog:chromeOptions: {debuggerAddress: localhost:56703}, javascriptEnabled: true, networkConnectionEnabled: false, pageLoadStrategy: normal, platform: WINDOWS, platformName: WINDOWS, proxy: Proxy(), setWindowRect: true, strictFileInteractability: false, timeouts: {implicit: 0, pageLoad: 300000, script: 30000}, unhandledPromptBehavior: dismiss and notify, webauthn:virtualAuthenticators: true}
Session ID: b7dadb63e9e82bdc5076a8c1db3fbf97
*** Element info: {Using=xpath, value=//input[@value = &#039;Add Travel Protection &amp; Continue&#039;]}">
      <![CDATA[org.openqa.selenium.NoSuchElementException: no such element: Unable to locate element: {"method":"xpath","selector":"//input[@value = 'Add Travel Protection & Continue']"}
  (Session info: chrome=87.0.4280.66)
For documentation on this error, please visit: https://www.seleniumhq.org/exceptions/no_such_element.html
Build info: version: '3.141.59', revision: 'e82be7d358', time: '2018-11-14T08:17:03'
System info: host: 'HP', ip: '192.168.0.104', os.name: 'Windows 8.1', os.arch: 'amd64', os.version: '6.3', java.version: '1.8.0_261'
Driver info: org.openqa.selenium.chrome.ChromeDriver
Capabilities {acceptInsecureCerts: false, browserName: chrome, browserVersion: 87.0.4280.66, chrome: {chromedriverVersion: 86.0.4240.22 (398b0743353ff..., userDataDir: C:\Users\Umesh\AppData\Loca...}, goog:chromeOptions: {debuggerAddress: localhost:56703}, javascriptEnabled: true, networkConnectionEnabled: false, pageLoadStrategy: normal, platform: WINDOWS, platformName: WINDOWS, proxy: Proxy(), setWindowRect: true, strictFileInteractability: false, timeouts: {implicit: 0, pageLoad: 300000, script: 30000}, unhandledPromptBehavior: dismiss and notify, webauthn:virtualAuthenticators: true}
Session ID: b7dadb63e9e82bdc5076a8c1db3fbf97
*** Element info: {Using=xpath, value=//input[@value = 'Add Travel Protection & Continue']}
at sun.reflect.NativeConstructorAccessorImpl.newInstance0(Native Method)
at sun.reflect.NativeConstructorAccessorImpl.newInstance(Unknown Source)
at sun.reflect.DelegatingConstructorAccessorImpl.newInstance(Unknown Source)
at java.lang.reflect.Constructor.newInstance(Unknown Source)
at org.openqa.selenium.remote.http.W3CHttpResponseCodec.createException(W3CHttpResponseCodec.java:187)
at org.openqa.selenium.remote.http.W3CHttpResponseCodec.decode(W3CHttpResponseCodec.java:122)
at org.openqa.selenium.remote.http.W3CHttpResponseCodec.decode(W3CHttpResponseCodec.java:49)
at org.openqa.selenium.remote.HttpCommandExecutor.execute(HttpCommandExecutor.java:158)
at org.openqa.selenium.remote.service.DriverCommandExecutor.execute(DriverCommandExecutor.java:83)
at org.openqa.selenium.remote.RemoteWebDriver.execute(RemoteWebDriver.java:552)
at org.openqa.selenium.remote.RemoteWebDriver.findElement(RemoteWebDriver.java:323)
at org.openqa.selenium.remote.RemoteWebDriver.findElementByXPath(RemoteWebDriver.java:428)
at org.openqa.selenium.By$ByXPath.findElement(By.java:353)
at org.openqa.selenium.remote.RemoteWebDriver.findElement(RemoteWebDriver.java:315)
at com.yatra.utils.UIOperation.perform(UIOperation.java:47)
at com.booking.test.RoundTripTest.RoundTripSearchTest(RoundTripTest.java:54)
at sun.reflect.GeneratedMethodAccessor1.invoke(Unknown Source)
at sun.reflect.DelegatingMethodAccessorImpl.invoke(Unknown Source)
at java.lang.reflect.Method.invoke(Unknown Source)
at org.testng.internal.MethodInvocationHelper.invokeMethod(MethodInvocationHelper.java:124)
at org.testng.internal.Invoker.invokeMethod(Invoker.java:583)
at org.testng.internal.Invoker.invokeTestMethod(Invoker.java:719)
at org.testng.internal.Invoker.invokeTestMethods(Invoker.java:989)
at org.testng.internal.TestMethodWorker.invokeTestMethods(TestMethodWorker.java:125)
at org.testng.internal.TestMethodWorker.run(TestMethodWorker.java:109)
at org.testng.TestRunner.privateRun(TestRunner.java:648)
at org.testng.TestRunner.run(TestRunner.java:505)
at org.testng.SuiteRunner.runTest(SuiteRunner.java:455)
at org.testng.SuiteRunner.runSequentially(SuiteRunner.java:450)
at org.testng.SuiteRunner.privateRun(SuiteRunner.java:415)
at org.testng.SuiteRunner.run(SuiteRunner.java:364)
at org.testng.SuiteRunnerWorker.runSuite(SuiteRunnerWorker.java:52)
at org.testng.SuiteRunnerWorker.run(SuiteRunnerWorker.java:84)
at org.testng.TestNG.runSuitesSequentially(TestNG.java:1208)
at org.testng.TestNG.runSuitesLocally(TestNG.java:1137)
at org.testng.TestNG.runSuites(TestNG.java:1049)
at org.testng.TestNG.run(TestNG.java:1017)
at org.testng.remote.AbstractRemoteTestNG.run(AbstractRemoteTestNG.java:132)
at org.testng.remote.RemoteTestNG.initAndRun(RemoteTestNG.java:230)
at org.testng.remote.RemoteTestNG.main(RemoteTestNG.java:76)
]]>
    </error>
  </testcase> <!-- RoundTripSearchTest -->
  <testcase name="RoundTripSearchTest" time="2.365" classname="com.booking.test.RoundTripTest"/>
  <testcase name="RoundTripSearchTest" time="1.351" classname="com.booking.test.RoundTripTest"/>
  <testcase name="RoundTripSearchTest" time="1.480" classname="com.booking.test.RoundTripTest"/>
  <testcase name="RoundTripSearchTest" time="6.262" classname="com.booking.test.RoundTripTest"/>
  <testcase name="RoundTripSearchTest" time="1.460" classname="com.booking.test.RoundTripTest"/>
  <testcase name="RoundTripSearchTest" time="6.169" classname="com.booking.test.RoundTripTest"/>
  <testcase name="RoundTripSearchTest" time="1.297" classname="com.booking.test.RoundTripTest"/>
  <testcase name="RoundTripSearchTest" time="1.528" classname="com.booking.test.RoundTripTest"/>
  <testcase name="RoundTripSearchTest" time="6.440" classname="com.booking.test.RoundTripTest"/>
  <testcase name="RoundTripSearchTest" time="1.471" classname="com.booking.test.RoundTripTest"/>
  <testcase name="RoundTripSearchTest" time="1.361" classname="com.booking.test.RoundTripTest"/>
  <testcase name="RoundTripSearchTest" time="1.283" classname="com.booking.test.RoundTripTest"/>
  <testcase name="RoundTripSearchTest" time="1.495" classname="com.booking.test.RoundTripTest"/>
  <testcase name="RoundTripSearchTest" time="9.738" classname="com.booking.test.RoundTripTest"/>
  <testcase name="RoundTripSearchTest" time="27.456" classname="com.booking.test.RoundTripTest"/>
  <testcase name="RoundTripSearchTest" time="1.347" classname="com.booking.test.RoundTripTest"/>
  <testcase name="RoundTripSearchTest" time="3.003" classname="com.booking.test.RoundTripTest"/>
  <testcase name="RoundTripSearchTest" time="1.302" classname="com.booking.test.RoundTripTest"/>
  <testcase name="RoundTripSearchTest" time="1.458" classname="com.booking.test.RoundTripTest"/>
  <testcase name="RoundTripSearchTest" time="1.177" classname="com.booking.test.RoundTripTest"/>
  <testcase name="RoundTripSearchTest" time="1.344" classname="com.booking.test.RoundTripTest"/>
  <testcase name="RoundTripSearchTest" time="1.634" classname="com.booking.test.RoundTripTest"/>
  <testcase name="RoundTripSearchTest" time="1.356" classname="com.booking.test.RoundTripTest"/>
  <testcase name="RoundTripSearchTest" time="1.255" classname="com.booking.test.RoundTripTest"/>
  <testcase name="RoundTripSearchTest" time="1.450" classname="com.booking.test.RoundTripTest"/>
  <testcase name="RoundTripSearchTest" time="1.401" classname="com.booking.test.RoundTripTest"/>
  <testcase name="RoundTripSearchTest" time="1.226" classname="com.booking.test.RoundTripTest"/>
  <testcase name="RoundTripSearchTest" time="2.353" classname="com.booking.test.RoundTripTest"/>
  <testcase name="RoundTripSearchTest" time="0.005" classname="com.booking.test.RoundTripTest">
    <error type="java.lang.Exception" message="Wrong object type">
      <![CDATA[java.lang.Exception: Wrong object type
at com.yatra.utils.ResultCompare.getObject(ResultCompare.java:125)
at com.yatra.utils.ResultCompare.verifyResults(ResultCompare.java:31)
at com.yatra.utils.UIOperation.perform(UIOperation.java:124)
at com.booking.test.RoundTripTest.RoundTripSearchTest(RoundTripTest.java:54)
at sun.reflect.GeneratedMethodAccessor1.invoke(Unknown Source)
at sun.reflect.DelegatingMethodAccessorImpl.invoke(Unknown Source)
at java.lang.reflect.Method.invoke(Unknown Source)
at org.testng.internal.MethodInvocationHelper.invokeMethod(MethodInvocationHelper.java:124)
at org.testng.internal.Invoker.invokeMethod(Invoker.java:583)
at org.testng.internal.Invoker.invokeTestMethod(Invoker.java:719)
at org.testng.internal.Invoker.invokeTestMethods(Invoker.java:989)
at org.testng.internal.TestMethodWorker.invokeTestMethods(TestMethodWorker.java:125)
at org.testng.internal.TestMethodWorker.run(TestMethodWorker.java:109)
at org.testng.TestRunner.privateRun(TestRunner.java:648)
at org.testng.TestRunner.run(TestRunner.java:505)
at org.testng.SuiteRunner.runTest(SuiteRunner.java:455)
at org.testng.SuiteRunner.runSequentially(SuiteRunner.java:450)
at org.testng.SuiteRunner.privateRun(SuiteRunner.java:415)
at org.testng.SuiteRunner.run(SuiteRunner.java:364)
at org.testng.SuiteRunnerWorker.runSuite(SuiteRunnerWorker.java:52)
at org.testng.SuiteRunnerWorker.run(SuiteRunnerWorker.java:84)
at org.testng.TestNG.runSuitesSequentially(TestNG.java:1208)
at org.testng.TestNG.runSuitesLocally(TestNG.java:1137)
at org.testng.TestNG.runSuites(TestNG.java:1049)
at org.testng.TestNG.run(TestNG.java:1017)
at org.testng.remote.AbstractRemoteTestNG.run(AbstractRemoteTestNG.java:132)
at org.testng.remote.RemoteTestNG.initAndRun(RemoteTestNG.java:230)
at org.testng.remote.RemoteTestNG.main(RemoteTestNG.java:76)
]]>
    </error>
  </testcase> <!-- RoundTripSearchTest -->
  <testcase name="RoundTripSearchTest" time="3.009" classname="com.booking.test.RoundTripTest"/>
  <testcase name="RoundTripSearchTest" time="1.488" classname="com.booking.test.RoundTripTest"/>
  <testcase name="RoundTripSearchTest" time="7.302" classname="com.booking.test.RoundTripTest"/>
  <testcase name="RoundTripSearchTest" time="6.672" classname="com.booking.test.RoundTripTest"/>
  <testcase name="RoundTripSearchTest" time="3.003" classname="com.booking.test.RoundTripTest"/>
  <testcase name="RoundTripSearchTest" time="3.586" classname="com.booking.test.RoundTripTest"/>
  <testcase name="RoundTripSearchTest" time="1.754" classname="com.booking.test.RoundTripTest"/>
  <testcase name="RoundTripSearchTest" time="1.228" classname="com.booking.test.RoundTripTest"/>
  <testcase name="RoundTripSearchTest" time="2.403" classname="com.booking.test.RoundTripTest"/>
  <testcase name="RoundTripSearchTest" time="3.865" classname="com.booking.test.RoundTripTest"/>
  <testcase name="RoundTripSearchTest" time="12.342" classname="com.booking.test.RoundTripTest"/>
  <testcase name="RoundTripSearchTest" time="1.395" classname="com.booking.test.RoundTripTest"/>
  <testcase name="RoundTripSearchTest" time="1.580" classname="com.booking.test.RoundTripTest"/>
  <testcase name="RoundTripSearchTest" time="3.335" classname="com.booking.test.RoundTripTest"/>
  <testcase name="RoundTripSearchTest" time="1.285" classname="com.booking.test.RoundTripTest"/>
  <testcase name="RoundTripSearchTest" time="5.667" classname="com.booking.test.RoundTripTest"/>
  <testcase name="RoundTripSearchTest" time="1.790" classname="com.booking.test.RoundTripTest"/>
  <testcase name="RoundTripSearchTest" time="1.440" classname="com.booking.test.RoundTripTest"/>
</testsuite> <!-- com.booking.test.RoundTripTest -->
